<!DOCTYPE html PUBLIC "-//W3C//DTD XHTML 1.1//EN" "http://www.w3.org/TR/xhtml11/DTD/xhtml11.dtd">
<html xmlns="http://www.w3.org/1999/xhtml"><head><title>TestNG Report</title><style type="text/css">table {margin-bottom:10px;border-collapse:collapse;empty-cells:show}th,td {border:1px solid #009;padding:.25em .5em}th {vertical-align:bottom}td {vertical-align:top}table a {font-weight:bold}.stripe td {background-color: #E6EBF9}.num {text-align:right}.passedodd td {background-color: #3F3}.passedeven td {background-color: #0A0}.skippedodd td {background-color: #DDD}.skippedeven td {background-color: #CCC}.failedodd td,.attn {background-color: #F33}.failedeven td,.stripe .attn {background-color: #D00}.stacktrace {white-space:pre;font-family:monospace}.totop {font-size:85%;text-align:center;border-bottom:2px solid #000}</style></head><body><table><tr><th>Test</th><th># Passed</th><th># Skipped</th><th># Failed</th><th>Time (ms)</th><th>Included Groups</th><th>Excluded Groups</th></tr><tr><th colspan="7">Smoke - Multi Login Tests Suite</th></tr><tr><td><a href="#t0">Multi users Login attempts</a></td><td class="num">20</td><td class="num">0</td><td class="num attn">3</td><td class="num">14,055</td><td></td><td></td></tr></table><table id='summary'><thead><tr><th>Class</th><th>Method</th><th>Start</th><th>Time (ms)</th></tr></thead><tbody><tr><th colspan="4">Smoke - Multi Login Tests Suite</th></tr></tbody><tbody id="t0"><tr><th colspan="4">Multi users Login attempts &#8212; failed</th></tr><tr class="failedeven"><td rowspan="3">test_cases.Login_Test</td><td><a href="#m0">Test_Login</a></td><td rowspan="3">1501221690704</td><td rowspan="3">561</td></tr><tr class="failedeven"><td><a href="#m1">Test_Login</a></td></tr><tr class="failedeven"><td><a href="#m2">Test_Login</a></td></tr><tr><th colspan="4">Multi users Login attempts &#8212; passed</th></tr><tr class="passedeven"><td rowspan="2">all_operations.Browser_Config</td><td><a href="#m3">LoadBrowser</a></td><td rowspan="2">1501221681359</td><td rowspan="2">4</td></tr><tr class="passedeven"><td><a href="#m4">LoadBrowser</a></td></tr><tr class="passedodd"><td rowspan="15">test_cases.Login_Test</td><td><a href="#m5">Test_Login</a></td><td rowspan="15">1501221691371</td><td rowspan="15">107</td></tr><tr class="passedodd"><td><a href="#m6">Test_Login</a></td></tr><tr class="passedodd"><td><a href="#m7">Test_Login</a></td></tr><tr class="passedodd"><td><a href="#m8">Test_Login</a></td></tr><tr class="passedodd"><td><a href="#m9">Test_Login</a></td></tr><tr class="passedodd"><td><a href="#m10">Test_Login</a></td></tr><tr class="passedodd"><td><a href="#m11">Test_Login</a></td></tr><tr class="passedodd"><td><a href="#m12">Test_Login</a></td></tr><tr class="passedodd"><td><a href="#m13">Test_Login</a></td></tr><tr class="passedodd"><td><a href="#m14">Test_Login</a></td></tr><tr class="passedodd"><td><a href="#m15">Test_Login</a></td></tr><tr class="passedodd"><td><a href="#m16">Test_Login</a></td></tr><tr class="passedodd"><td><a href="#m17">Test_Login</a></td></tr><tr class="passedodd"><td><a href="#m18">Test_Login</a></td></tr><tr class="passedodd"><td><a href="#m19">Test_Login</a></td></tr><tr class="passedeven"><td rowspan="3">test_cases.Logout_Test</td><td><a href="#m20">Test_LogOut</a></td><td rowspan="3">1501221693979</td><td rowspan="3">835</td></tr><tr class="passedeven"><td><a href="#m21">Test_LogOut</a></td></tr><tr class="passedeven"><td><a href="#m22">Test_LogOut</a></td></tr></tbody></table><h2>Multi users Login attempts</h2><h3 id="m0">test_cases.Login_Test#Test_Login</h3><table class="result"><tr class="param"><th>Parameter #1</th><th>Parameter #2</th><th>Parameter #3</th><th>Parameter #4</th></tr><tr class="param stripe"><td>ASSERT-URL</td><td></td><td></td><td>dashboard</td></tr><tr><th colspan="4">Exception</th></tr><tr><td colspan="4"><div class="stacktrace">java.lang.AssertionError: expected [true] but found [false]
	at all_operations.General_Operations.Hybrid_Ops(General_Operations.java:72)
	at test_cases.Login_Test.Test_Login(Login_Test.java:22)
... Removed 32 stack frames</div></td></tr></table><p class="totop"><a href="#summary">back to summary</a></p><h3 id="m1">test_cases.Login_Test#Test_Login</h3><table class="result"><tr class="param"><th>Parameter #1</th><th>Parameter #2</th><th>Parameter #3</th><th>Parameter #4</th></tr><tr class="param stripe"><td>CLICK</td><td>Login_btn</td><td>CSS</td><td></td></tr><tr><th colspan="4">Exception</th></tr><tr><td colspan="4"><div class="stacktrace">org.openqa.selenium.WebDriverException: unknown error: Element &lt;button type=&quot;submit&quot; class=&quot;btn btn-primary&quot;&gt;...&lt;/button&gt; is not clickable at point (517, 704). Other element would receive the click: &lt;div id=&quot;site-loader&quot; class=&quot;load-complete&quot;&gt;...&lt;/div&gt;
  (Session info: chrome=60.0.3112.78)
  (Driver info: chromedriver=2.31.488763 (092de99f48a300323ecf8c2a4e2e7cab51de5ba8),platform=Windows NT 10.0.15063 x86_64) (WARNING: The server did not provide any stacktrace information)
Command duration or timeout: 47 milliseconds
Build info: version: &apos;3.4.0&apos;, revision: &apos;unknown&apos;, time: &apos;unknown&apos;
System info: host: &apos;DESKTOP-HR6DLCF&apos;, ip: &apos;192.168.1.192&apos;, os.name: &apos;Windows 10&apos;, os.arch: &apos;amd64&apos;, os.version: &apos;10.0&apos;, java.version: &apos;1.8.0_144&apos;
Driver info: org.openqa.selenium.chrome.ChromeDriver
Capabilities [{applicationCacheEnabled=false, rotatable=false, mobileEmulationEnabled=false, networkConnectionEnabled=false, chrome={chromedriverVersion=2.31.488763 (092de99f48a300323ecf8c2a4e2e7cab51de5ba8), userDataDir=C:\Users\write\AppData\Local\Temp\scoped_dir888_23200}, takesHeapSnapshot=true, pageLoadStrategy=normal, databaseEnabled=false, handlesAlerts=true, hasTouchScreen=false, version=60.0.3112.78, platform=XP, browserConnectionEnabled=false, nativeEvents=true, acceptSslCerts=true, locationContextEnabled=true, webStorageEnabled=true, browserName=chrome, takesScreenshot=true, javascriptEnabled=true, cssSelectorsEnabled=true, setWindowRect=true, unexpectedAlertBehaviour=}]
Session ID: e8ec013bfacebe95c02f1855ec952469
	at org.openqa.selenium.remote.ErrorHandler.createThrowable(ErrorHandler.java:215)
	at org.openqa.selenium.remote.ErrorHandler.throwIfResponseFailed(ErrorHandler.java:167)
	at org.openqa.selenium.remote.RemoteWebDriver.execute(RemoteWebDriver.java:671)
	at org.openqa.selenium.remote.RemoteWebElement.execute(RemoteWebElement.java:272)
	at org.openqa.selenium.remote.RemoteWebElement.click(RemoteWebElement.java:82)
	at all_operations.General_Operations.Hybrid_Ops(General_Operations.java:38)
	at test_cases.Login_Test.Test_Login(Login_Test.java:22)
... Removed 32 stack frames</div></td></tr></table><p class="totop"><a href="#summary">back to summary</a></p><h3 id="m2">test_cases.Login_Test#Test_Login</h3><table class="result"><tr class="param"><th>Parameter #1</th><th>Parameter #2</th><th>Parameter #3</th><th>Parameter #4</th></tr><tr class="param stripe"><td>ASSERT-URL</td><td></td><td></td><td>dashboard</td></tr><tr><th colspan="4">Exception</th></tr><tr><td colspan="4"><div class="stacktrace">java.lang.AssertionError: expected [true] but found [false]
	at all_operations.General_Operations.Hybrid_Ops(General_Operations.java:72)
	at test_cases.Login_Test.Test_Login(Login_Test.java:22)
... Removed 32 stack frames</div></td></tr></table><p class="totop"><a href="#summary">back to summary</a></p><h3 id="m3">all_operations.Browser_Config#LoadBrowser</h3><table class="result"><tr class="param"><th>Parameter #1</th></tr><tr class="param stripe"><td>Browser</td></tr></table><p class="totop"><a href="#summary">back to summary</a></p><h3 id="m4">all_operations.Browser_Config#LoadBrowser</h3><table class="result"><tr class="param"><th>Parameter #1</th></tr><tr class="param stripe"><td>CHROME</td></tr></table><p class="totop"><a href="#summary">back to summary</a></p><h3 id="m5">test_cases.Login_Test#Test_Login</h3><table class="result"><tr class="param"><th>Parameter #1</th><th>Parameter #2</th><th>Parameter #3</th><th>Parameter #4</th></tr><tr class="param stripe"><td>CLEANTEXT</td><td>password</td><td>CSS</td><td></td></tr></table><p class="totop"><a href="#summary">back to summary</a></p><h3 id="m6">test_cases.Login_Test#Test_Login</h3><table class="result"><tr class="param"><th>Parameter #1</th><th>Parameter #2</th><th>Parameter #3</th><th>Parameter #4</th></tr><tr class="param stripe"><td>CLICK</td><td>Login_btn</td><td>CSS</td><td></td></tr></table><p class="totop"><a href="#summary">back to summary</a></p><h3 id="m7">test_cases.Login_Test#Test_Login</h3><table class="result"><tr class="param"><th>Parameter #1</th><th>Parameter #2</th><th>Parameter #3</th><th>Parameter #4</th></tr><tr class="param stripe"><td>CLEANTEXT</td><td>user</td><td>CSS</td><td></td></tr></table><p class="totop"><a href="#summary">back to summary</a></p><h3 id="m8">test_cases.Login_Test#Test_Login</h3><table class="result"><tr class="param"><th>Parameter #1</th><th>Parameter #2</th><th>Parameter #3</th><th>Parameter #4</th></tr><tr class="param stripe"><td>CLEANTEXT</td><td>password</td><td>CSS</td><td></td></tr></table><p class="totop"><a href="#summary">back to summary</a></p><h3 id="m9">test_cases.Login_Test#Test_Login</h3><table class="result"><tr class="param"><th>Parameter #1</th><th>Parameter #2</th><th>Parameter #3</th><th>Parameter #4</th></tr><tr class="param stripe"><td>SETTEXT</td><td>user</td><td>CSS</td><td>awais@gmail.com</td></tr></table><p class="totop"><a href="#summary">back to summary</a></p><h3 id="m10">test_cases.Login_Test#Test_Login</h3><table class="result"><tr class="param"><th>Parameter #1</th><th>Parameter #2</th><th>Parameter #3</th><th>Parameter #4</th></tr><tr class="param stripe"><td>JS CLICK</td><td>login</td><td>CSS</td><td></td></tr></table><p class="totop"><a href="#summary">back to summary</a></p><h3 id="m11">test_cases.Login_Test#Test_Login</h3><table class="result"><tr class="param"><th>Parameter #1</th><th>Parameter #2</th><th>Parameter #3</th><th>Parameter #4</th></tr><tr class="param stripe"><td>CLICK</td><td>Signin_btn</td><td>CSS</td><td></td></tr></table><p class="totop"><a href="#summary">back to summary</a></p><h3 id="m12">test_cases.Login_Test#Test_Login</h3><table class="result"><tr class="param"><th>Parameter #1</th><th>Parameter #2</th><th>Parameter #3</th><th>Parameter #4</th></tr><tr class="param stripe"><td>Keyword</td><td>Object name</td><td>Object type</td><td>Input</td></tr></table><p class="totop"><a href="#summary">back to summary</a></p><h3 id="m13">test_cases.Login_Test#Test_Login</h3><table class="result"><tr class="param"><th>Parameter #1</th><th>Parameter #2</th><th>Parameter #3</th><th>Parameter #4</th></tr><tr class="param stripe"><td>SETTEXT</td><td>user</td><td>CSS</td><td>waqas+1@blueorcastudios.com</td></tr></table><p class="totop"><a href="#summary">back to summary</a></p><h3 id="m14">test_cases.Login_Test#Test_Login</h3><table class="result"><tr class="param"><th>Parameter #1</th><th>Parameter #2</th><th>Parameter #3</th><th>Parameter #4</th></tr><tr class="param stripe"><td>ASSERT-URL</td><td></td><td></td><td>dashboard</td></tr></table><p class="totop"><a href="#summary">back to summary</a></p><h3 id="m15">test_cases.Login_Test#Test_Login</h3><table class="result"><tr class="param"><th>Parameter #1</th><th>Parameter #2</th><th>Parameter #3</th><th>Parameter #4</th></tr><tr class="param stripe"><td>SETTEXT</td><td>password</td><td>CSS</td><td>aaa@123</td></tr></table><p class="totop"><a href="#summary">back to summary</a></p><h3 id="m16">test_cases.Login_Test#Test_Login</h3><table class="result"><tr class="param"><th>Parameter #1</th><th>Parameter #2</th><th>Parameter #3</th><th>Parameter #4</th></tr><tr class="param stripe"><td>SETTEXT</td><td>password</td><td>CSS</td><td>salmankhanabcd</td></tr></table><p class="totop"><a href="#summary">back to summary</a></p><h3 id="m17">test_cases.Login_Test#Test_Login</h3><table class="result"><tr class="param"><th>Parameter #1</th><th>Parameter #2</th><th>Parameter #3</th><th>Parameter #4</th></tr><tr class="param stripe"><td>CLEANTEXT</td><td>user</td><td>CSS</td><td></td></tr></table><p class="totop"><a href="#summary">back to summary</a></p><h3 id="m18">test_cases.Login_Test#Test_Login</h3><table class="result"><tr class="param"><th>Parameter #1</th><th>Parameter #2</th><th>Parameter #3</th><th>Parameter #4</th></tr><tr class="param stripe"><td>SETTEXT</td><td>password</td><td>CSS</td><td>blued</td></tr></table><p class="totop"><a href="#summary">back to summary</a></p><h3 id="m19">test_cases.Login_Test#Test_Login</h3><table class="result"><tr class="param"><th>Parameter #1</th><th>Parameter #2</th><th>Parameter #3</th><th>Parameter #4</th></tr><tr class="param stripe"><td>SETTEXT</td><td>user</td><td>CSS</td><td>nauman</td></tr></table><p class="totop"><a href="#summary">back to summary</a></p><h3 id="m20">test_cases.Logout_Test#Test_LogOut</h3><table class="result"><tr class="param"><th>Parameter #1</th><th>Parameter #2</th><th>Parameter #3</th><th>Parameter #4</th></tr><tr class="param stripe"><td>CLICK</td><td>LogOut_btn</td><td>CSS</td><td></td></tr></table><p class="totop"><a href="#summary">back to summary</a></p><h3 id="m21">test_cases.Logout_Test#Test_LogOut</h3><table class="result"><tr class="param"><th>Parameter #1</th><th>Parameter #2</th><th>Parameter #3</th><th>Parameter #4</th></tr><tr class="param stripe"><td>Keyword</td><td>Object name</td><td>Object type</td><td>Input</td></tr></table><p class="totop"><a href="#summary">back to summary</a></p><h3 id="m22">test_cases.Logout_Test#Test_LogOut</h3><table class="result"><tr class="param"><th>Parameter #1</th><th>Parameter #2</th><th>Parameter #3</th><th>Parameter #4</th></tr><tr class="param stripe"><td>CLICK</td><td>user_profile</td><td>CSS</td><td></td></tr></table><p class="totop"><a href="#summary">back to summary</a></p></body></html>