<?xml version="1.0" encoding="UTF-8"?>
<testng-results skipped="0" failed="3" ignored="2" total="36" passed="31">
  <reporter-output>
  </reporter-output>
  <suite name="Smoke - Login Tests Suite" duration-ms="30891" started-at="2017-07-31T01:47:58Z" finished-at="2017-07-31T01:48:29Z">
    <groups>
    </groups>
    <test name="TC-01,TC-02 / Super Login" duration-ms="15688" started-at="2017-07-31T01:47:58Z" finished-at="2017-07-31T01:48:14Z">
      <class name="all_operations.Browser_Config">
        <test-method status="PASS" signature="LoadBrowser(java.lang.String)[pri:0, instance:all_operations.Browser_Config@531be3c5]" name="LoadBrowser" duration-ms="3" started-at="2017-07-30T21:47:59Z" data-provider="Driver_Config" finished-at="2017-07-30T21:47:59Z">
          <params>
            <param index="0">
              <value>
                <![CDATA[Browser]]>
              </value>
            </param>
          </params>
          <reporter-output>
          </reporter-output>
        </test-method> <!-- LoadBrowser -->
        <test-method status="PASS" signature="LoadBrowser(java.lang.String)[pri:0, instance:all_operations.Browser_Config@531be3c5]" name="LoadBrowser" duration-ms="11889" started-at="2017-07-30T21:47:59Z" data-provider="Driver_Config" finished-at="2017-07-30T21:48:11Z">
          <params>
            <param index="0">
              <value>
                <![CDATA[CHROME]]>
              </value>
            </param>
          </params>
          <reporter-output>
          </reporter-output>
        </test-method> <!-- LoadBrowser -->
      </class> <!-- all_operations.Browser_Config -->
      <class name="test_cases.Login_Test">
        <test-method status="PASS" signature="Test_Login_Admin(java.lang.String, java.lang.String, java.lang.String, java.lang.String)[pri:0, instance:test_cases.Login_Test@2c9f9fb0]" name="Test_Login_Admin" duration-ms="0" started-at="2017-07-30T21:48:11Z" data-provider="AdminLogin" finished-at="2017-07-30T21:48:11Z">
          <params>
            <param index="0">
              <value>
                <![CDATA[Keyword]]>
              </value>
            </param>
            <param index="1">
              <value>
                <![CDATA[Object name]]>
              </value>
            </param>
            <param index="2">
              <value>
                <![CDATA[Object type]]>
              </value>
            </param>
            <param index="3">
              <value>
                <![CDATA[Input]]>
              </value>
            </param>
          </params>
          <reporter-output>
          </reporter-output>
        </test-method> <!-- Test_Login_Admin -->
        <test-method status="PASS" signature="Test_Login_Admin(java.lang.String, java.lang.String, java.lang.String, java.lang.String)[pri:0, instance:test_cases.Login_Test@2c9f9fb0]" name="Test_Login_Admin" duration-ms="67" started-at="2017-07-30T21:48:11Z" data-provider="AdminLogin" finished-at="2017-07-30T21:48:11Z">
          <params>
            <param index="0">
              <value>
                <![CDATA[JS CLICK]]>
              </value>
            </param>
            <param index="1">
              <value>
                <![CDATA[login]]>
              </value>
            </param>
            <param index="2">
              <value>
                <![CDATA[CSS]]>
              </value>
            </param>
            <param index="3">
              <value>
                <![CDATA[]]>
              </value>
            </param>
          </params>
          <reporter-output>
          </reporter-output>
        </test-method> <!-- Test_Login_Admin -->
        <test-method status="PASS" signature="Test_Login_Admin(java.lang.String, java.lang.String, java.lang.String, java.lang.String)[pri:0, instance:test_cases.Login_Test@2c9f9fb0]" name="Test_Login_Admin" duration-ms="363" started-at="2017-07-30T21:48:11Z" data-provider="AdminLogin" finished-at="2017-07-30T21:48:11Z">
          <params>
            <param index="0">
              <value>
                <![CDATA[SETTEXT]]>
              </value>
            </param>
            <param index="1">
              <value>
                <![CDATA[user]]>
              </value>
            </param>
            <param index="2">
              <value>
                <![CDATA[CSS]]>
              </value>
            </param>
            <param index="3">
              <value>
                <![CDATA[waqas+1@blueorcastudios.com]]>
              </value>
            </param>
          </params>
          <reporter-output>
          </reporter-output>
        </test-method> <!-- Test_Login_Admin -->
        <test-method status="PASS" signature="Test_Login_Admin(java.lang.String, java.lang.String, java.lang.String, java.lang.String)[pri:0, instance:test_cases.Login_Test@2c9f9fb0]" name="Test_Login_Admin" duration-ms="104" started-at="2017-07-30T21:48:11Z" data-provider="AdminLogin" finished-at="2017-07-30T21:48:11Z">
          <params>
            <param index="0">
              <value>
                <![CDATA[SETTEXT]]>
              </value>
            </param>
            <param index="1">
              <value>
                <![CDATA[password]]>
              </value>
            </param>
            <param index="2">
              <value>
                <![CDATA[CSS]]>
              </value>
            </param>
            <param index="3">
              <value>
                <![CDATA[aaa@123]]>
              </value>
            </param>
          </params>
          <reporter-output>
          </reporter-output>
        </test-method> <!-- Test_Login_Admin -->
        <test-method status="PASS" signature="Test_Login_Admin(java.lang.String, java.lang.String, java.lang.String, java.lang.String)[pri:0, instance:test_cases.Login_Test@2c9f9fb0]" name="Test_Login_Admin" duration-ms="1822" started-at="2017-07-30T21:48:11Z" data-provider="AdminLogin" finished-at="2017-07-30T21:48:13Z">
          <params>
            <param index="0">
              <value>
                <![CDATA[CLICK]]>
              </value>
            </param>
            <param index="1">
              <value>
                <![CDATA[Signin_btn]]>
              </value>
            </param>
            <param index="2">
              <value>
                <![CDATA[CSS]]>
              </value>
            </param>
            <param index="3">
              <value>
                <![CDATA[]]>
              </value>
            </param>
          </params>
          <reporter-output>
          </reporter-output>
        </test-method> <!-- Test_Login_Admin -->
        <test-method status="PASS" signature="Test_Login_Admin(java.lang.String, java.lang.String, java.lang.String, java.lang.String)[pri:0, instance:test_cases.Login_Test@2c9f9fb0]" name="Test_Login_Admin" duration-ms="543" started-at="2017-07-30T21:48:13Z" data-provider="AdminLogin" finished-at="2017-07-30T21:48:13Z">
          <params>
            <param index="0">
              <value>
                <![CDATA[ASSERT-URL]]>
              </value>
            </param>
            <param index="1">
              <value>
                <![CDATA[]]>
              </value>
            </param>
            <param index="2">
              <value>
                <![CDATA[]]>
              </value>
            </param>
            <param index="3">
              <value>
                <![CDATA[dashboard]]>
              </value>
            </param>
          </params>
          <reporter-output>
          </reporter-output>
        </test-method> <!-- Test_Login_Admin -->
      </class> <!-- test_cases.Login_Test -->
      <class name="test_cases.Logout_Test">
        <test-method status="PASS" signature="Test_LogOut(java.lang.String, java.lang.String, java.lang.String, java.lang.String)[pri:0, instance:test_cases.Logout_Test@2096442d]" name="Test_LogOut" duration-ms="104" started-at="2017-07-30T21:48:14Z" data-provider="LogOut" finished-at="2017-07-30T21:48:14Z">
          <params>
            <param index="0">
              <value>
                <![CDATA[CLICK]]>
              </value>
            </param>
            <param index="1">
              <value>
                <![CDATA[user_profile]]>
              </value>
            </param>
            <param index="2">
              <value>
                <![CDATA[CSS]]>
              </value>
            </param>
            <param index="3">
              <value>
                <![CDATA[]]>
              </value>
            </param>
          </params>
          <reporter-output>
          </reporter-output>
        </test-method> <!-- Test_LogOut -->
        <test-method status="PASS" signature="Test_LogOut(java.lang.String, java.lang.String, java.lang.String, java.lang.String)[pri:0, instance:test_cases.Logout_Test@2096442d]" name="Test_LogOut" duration-ms="0" started-at="2017-07-30T21:48:14Z" data-provider="LogOut" finished-at="2017-07-30T21:48:14Z">
          <params>
            <param index="0">
              <value>
                <![CDATA[Keyword]]>
              </value>
            </param>
            <param index="1">
              <value>
                <![CDATA[Object name]]>
              </value>
            </param>
            <param index="2">
              <value>
                <![CDATA[Object type]]>
              </value>
            </param>
            <param index="3">
              <value>
                <![CDATA[Input]]>
              </value>
            </param>
          </params>
          <reporter-output>
          </reporter-output>
        </test-method> <!-- Test_LogOut -->
        <test-method status="PASS" signature="Test_LogOut(java.lang.String, java.lang.String, java.lang.String, java.lang.String)[pri:0, instance:test_cases.Logout_Test@2096442d]" name="Test_LogOut" duration-ms="93" started-at="2017-07-30T21:48:14Z" data-provider="LogOut" finished-at="2017-07-30T21:48:14Z">
          <params>
            <param index="0">
              <value>
                <![CDATA[CLICK]]>
              </value>
            </param>
            <param index="1">
              <value>
                <![CDATA[LogOut_btn]]>
              </value>
            </param>
            <param index="2">
              <value>
                <![CDATA[CSS]]>
              </value>
            </param>
            <param index="3">
              <value>
                <![CDATA[]]>
              </value>
            </param>
          </params>
          <reporter-output>
          </reporter-output>
        </test-method> <!-- Test_LogOut -->
      </class> <!-- test_cases.Logout_Test -->
    </test> <!-- TC-01,TC-02 / Super Login -->
    <test name="Multi users Login attempts" duration-ms="15033" started-at="2017-07-31T01:48:14Z" finished-at="2017-07-31T01:48:29Z">
      <class name="all_operations.Browser_Config">
        <test-method status="PASS" signature="LoadBrowser(java.lang.String)[pri:0, instance:all_operations.Browser_Config@5056dfcb]" name="LoadBrowser" duration-ms="1" started-at="2017-07-30T21:48:14Z" data-provider="Driver_Config" finished-at="2017-07-30T21:48:14Z">
          <params>
            <param index="0">
              <value>
                <![CDATA[Browser]]>
              </value>
            </param>
          </params>
          <reporter-output>
          </reporter-output>
        </test-method> <!-- LoadBrowser -->
        <test-method status="PASS" signature="LoadBrowser(java.lang.String)[pri:0, instance:all_operations.Browser_Config@5056dfcb]" name="LoadBrowser" duration-ms="7676" started-at="2017-07-30T21:48:14Z" data-provider="Driver_Config" finished-at="2017-07-30T21:48:22Z">
          <params>
            <param index="0">
              <value>
                <![CDATA[CHROME]]>
              </value>
            </param>
          </params>
          <reporter-output>
          </reporter-output>
        </test-method> <!-- LoadBrowser -->
      </class> <!-- all_operations.Browser_Config -->
      <class name="test_cases.Login_Test">
        <test-method status="PASS" signature="Test_Login(java.lang.String, java.lang.String, java.lang.String, java.lang.String)[pri:0, instance:test_cases.Login_Test@6574b225]" name="Test_Login" duration-ms="1" started-at="2017-07-30T21:48:22Z" data-provider="Login" finished-at="2017-07-30T21:48:22Z">
          <params>
            <param index="0">
              <value>
                <![CDATA[Keyword]]>
              </value>
            </param>
            <param index="1">
              <value>
                <![CDATA[Object name]]>
              </value>
            </param>
            <param index="2">
              <value>
                <![CDATA[Object type]]>
              </value>
            </param>
            <param index="3">
              <value>
                <![CDATA[Input]]>
              </value>
            </param>
          </params>
          <reporter-output>
          </reporter-output>
        </test-method> <!-- Test_Login -->
        <test-method status="PASS" signature="Test_Login(java.lang.String, java.lang.String, java.lang.String, java.lang.String)[pri:0, instance:test_cases.Login_Test@6574b225]" name="Test_Login" duration-ms="54" started-at="2017-07-30T21:48:22Z" data-provider="Login" finished-at="2017-07-30T21:48:22Z">
          <params>
            <param index="0">
              <value>
                <![CDATA[JS CLICK]]>
              </value>
            </param>
            <param index="1">
              <value>
                <![CDATA[login]]>
              </value>
            </param>
            <param index="2">
              <value>
                <![CDATA[CSS]]>
              </value>
            </param>
            <param index="3">
              <value>
                <![CDATA[]]>
              </value>
            </param>
          </params>
          <reporter-output>
          </reporter-output>
        </test-method> <!-- Test_Login -->
        <test-method status="PASS" signature="Test_Login(java.lang.String, java.lang.String, java.lang.String, java.lang.String)[pri:0, instance:test_cases.Login_Test@6574b225]" name="Test_Login" duration-ms="246" started-at="2017-07-30T21:48:22Z" data-provider="Login" finished-at="2017-07-30T21:48:22Z">
          <params>
            <param index="0">
              <value>
                <![CDATA[SETTEXT]]>
              </value>
            </param>
            <param index="1">
              <value>
                <![CDATA[user]]>
              </value>
            </param>
            <param index="2">
              <value>
                <![CDATA[CSS]]>
              </value>
            </param>
            <param index="3">
              <value>
                <![CDATA[nauman]]>
              </value>
            </param>
          </params>
          <reporter-output>
          </reporter-output>
        </test-method> <!-- Test_Login -->
        <test-method status="PASS" signature="Test_Login(java.lang.String, java.lang.String, java.lang.String, java.lang.String)[pri:0, instance:test_cases.Login_Test@6574b225]" name="Test_Login" duration-ms="202" started-at="2017-07-30T21:48:22Z" data-provider="Login" finished-at="2017-07-30T21:48:22Z">
          <params>
            <param index="0">
              <value>
                <![CDATA[SETTEXT]]>
              </value>
            </param>
            <param index="1">
              <value>
                <![CDATA[password]]>
              </value>
            </param>
            <param index="2">
              <value>
                <![CDATA[CSS]]>
              </value>
            </param>
            <param index="3">
              <value>
                <![CDATA[salmankhanabcd]]>
              </value>
            </param>
          </params>
          <reporter-output>
          </reporter-output>
        </test-method> <!-- Test_Login -->
        <test-method status="PASS" signature="Test_Login(java.lang.String, java.lang.String, java.lang.String, java.lang.String)[pri:0, instance:test_cases.Login_Test@6574b225]" name="Test_Login" duration-ms="893" started-at="2017-07-30T21:48:22Z" data-provider="Login" finished-at="2017-07-30T21:48:23Z">
          <params>
            <param index="0">
              <value>
                <![CDATA[CLICK]]>
              </value>
            </param>
            <param index="1">
              <value>
                <![CDATA[Signin_btn]]>
              </value>
            </param>
            <param index="2">
              <value>
                <![CDATA[CSS]]>
              </value>
            </param>
            <param index="3">
              <value>
                <![CDATA[]]>
              </value>
            </param>
          </params>
          <reporter-output>
          </reporter-output>
        </test-method> <!-- Test_Login -->
        <test-method status="FAIL" signature="Test_Login(java.lang.String, java.lang.String, java.lang.String, java.lang.String)[pri:0, instance:test_cases.Login_Test@6574b225]" name="Test_Login" duration-ms="541" started-at="2017-07-30T21:48:23Z" data-provider="Login" finished-at="2017-07-30T21:48:24Z">
          <params>
            <param index="0">
              <value>
                <![CDATA[ASSERT-URL]]>
              </value>
            </param>
            <param index="1">
              <value>
                <![CDATA[]]>
              </value>
            </param>
            <param index="2">
              <value>
                <![CDATA[]]>
              </value>
            </param>
            <param index="3">
              <value>
                <![CDATA[dashboard]]>
              </value>
            </param>
          </params>
          <exception class="java.lang.AssertionError">
            <message>
              <![CDATA[expected [true] but found [false]]]>
            </message>
            <full-stacktrace>
              <![CDATA[java.lang.AssertionError: expected [true] but found [false]
	at org.testng.Assert.fail(Assert.java:93)
	at org.testng.Assert.failNotEquals(Assert.java:512)
	at org.testng.Assert.assertTrue(Assert.java:41)
	at org.testng.Assert.assertTrue(Assert.java:51)
	at all_operations.General_Operations.Hybrid_Ops(General_Operations.java:72)
	at test_cases.Login_Test.Test_Login(Login_Test.java:22)
	at sun.reflect.NativeMethodAccessorImpl.invoke0(Native Method)
	at sun.reflect.NativeMethodAccessorImpl.invoke(NativeMethodAccessorImpl.java:62)
	at sun.reflect.DelegatingMethodAccessorImpl.invoke(DelegatingMethodAccessorImpl.java:43)
	at java.lang.reflect.Method.invoke(Method.java:498)
	at org.testng.internal.MethodInvocationHelper.invokeMethod(MethodInvocationHelper.java:108)
	at org.testng.internal.Invoker.invokeMethod(Invoker.java:661)
	at org.testng.internal.Invoker.invokeTestMethod(Invoker.java:869)
	at org.testng.internal.Invoker.invokeTestMethods(Invoker.java:1193)
	at org.testng.internal.TestMethodWorker.invokeTestMethods(TestMethodWorker.java:126)
	at org.testng.internal.TestMethodWorker.run(TestMethodWorker.java:109)
	at org.testng.TestRunner.privateRun(TestRunner.java:744)
	at org.testng.TestRunner.run(TestRunner.java:602)
	at org.testng.SuiteRunner.runTest(SuiteRunner.java:380)
	at org.testng.SuiteRunner.runSequentially(SuiteRunner.java:375)
	at org.testng.SuiteRunner.privateRun(SuiteRunner.java:340)
	at org.testng.SuiteRunner.run(SuiteRunner.java:289)
	at org.testng.SuiteRunnerWorker.runSuite(SuiteRunnerWorker.java:52)
	at org.testng.SuiteRunnerWorker.run(SuiteRunnerWorker.java:86)
	at org.testng.TestNG.runSuitesSequentially(TestNG.java:1301)
	at org.testng.TestNG.runSuitesLocally(TestNG.java:1226)
	at org.testng.TestNG.runSuites(TestNG.java:1144)
	at org.testng.TestNG.run(TestNG.java:1115)
	at org.apache.maven.surefire.testng.TestNGExecutor.run(TestNGExecutor.java:283)
	at org.apache.maven.surefire.testng.TestNGXmlTestSuite.execute(TestNGXmlTestSuite.java:75)
	at org.apache.maven.surefire.testng.TestNGProvider.invoke(TestNGProvider.java:120)
	at org.apache.maven.surefire.booter.ForkedBooter.invokeProviderInSameClassLoader(ForkedBooter.java:386)
	at org.apache.maven.surefire.booter.ForkedBooter.runSuitesInProcess(ForkedBooter.java:323)
	at org.apache.maven.surefire.booter.ForkedBooter.main(ForkedBooter.java:143)
]]>
            </full-stacktrace>
          </exception> <!-- java.lang.AssertionError -->
          <reporter-output>
          </reporter-output>
        </test-method> <!-- Test_Login -->
        <test-method status="PASS" signature="Test_Login(java.lang.String, java.lang.String, java.lang.String, java.lang.String)[pri:0, instance:test_cases.Login_Test@6574b225]" name="Test_Login" duration-ms="37" started-at="2017-07-30T21:48:24Z" data-provider="Login" finished-at="2017-07-30T21:48:24Z">
          <params>
            <param index="0">
              <value>
                <![CDATA[CLEANTEXT]]>
              </value>
            </param>
            <param index="1">
              <value>
                <![CDATA[user]]>
              </value>
            </param>
            <param index="2">
              <value>
                <![CDATA[CSS]]>
              </value>
            </param>
            <param index="3">
              <value>
                <![CDATA[]]>
              </value>
            </param>
          </params>
          <reporter-output>
          </reporter-output>
        </test-method> <!-- Test_Login -->
        <test-method status="PASS" signature="Test_Login(java.lang.String, java.lang.String, java.lang.String, java.lang.String)[pri:0, instance:test_cases.Login_Test@6574b225]" name="Test_Login" duration-ms="28" started-at="2017-07-30T21:48:24Z" data-provider="Login" finished-at="2017-07-30T21:48:24Z">
          <params>
            <param index="0">
              <value>
                <![CDATA[CLEANTEXT]]>
              </value>
            </param>
            <param index="1">
              <value>
                <![CDATA[password]]>
              </value>
            </param>
            <param index="2">
              <value>
                <![CDATA[CSS]]>
              </value>
            </param>
            <param index="3">
              <value>
                <![CDATA[]]>
              </value>
            </param>
          </params>
          <reporter-output>
          </reporter-output>
        </test-method> <!-- Test_Login -->
        <test-method status="PASS" signature="Test_Login(java.lang.String, java.lang.String, java.lang.String, java.lang.String)[pri:0, instance:test_cases.Login_Test@6574b225]" name="Test_Login" duration-ms="118" started-at="2017-07-30T21:48:24Z" data-provider="Login" finished-at="2017-07-30T21:48:24Z">
          <params>
            <param index="0">
              <value>
                <![CDATA[SETTEXT]]>
              </value>
            </param>
            <param index="1">
              <value>
                <![CDATA[user]]>
              </value>
            </param>
            <param index="2">
              <value>
                <![CDATA[CSS]]>
              </value>
            </param>
            <param index="3">
              <value>
                <![CDATA[awais@gmail.com]]>
              </value>
            </param>
          </params>
          <reporter-output>
          </reporter-output>
        </test-method> <!-- Test_Login -->
        <test-method status="PASS" signature="Test_Login(java.lang.String, java.lang.String, java.lang.String, java.lang.String)[pri:0, instance:test_cases.Login_Test@6574b225]" name="Test_Login" duration-ms="62" started-at="2017-07-30T21:48:24Z" data-provider="Login" finished-at="2017-07-30T21:48:24Z">
          <params>
            <param index="0">
              <value>
                <![CDATA[SETTEXT]]>
              </value>
            </param>
            <param index="1">
              <value>
                <![CDATA[password]]>
              </value>
            </param>
            <param index="2">
              <value>
                <![CDATA[CSS]]>
              </value>
            </param>
            <param index="3">
              <value>
                <![CDATA[blued]]>
              </value>
            </param>
          </params>
          <reporter-output>
          </reporter-output>
        </test-method> <!-- Test_Login -->
        <test-method status="FAIL" signature="Test_Login(java.lang.String, java.lang.String, java.lang.String, java.lang.String)[pri:0, instance:test_cases.Login_Test@6574b225]" name="Test_Login" duration-ms="76" started-at="2017-07-30T21:48:24Z" data-provider="Login" finished-at="2017-07-30T21:48:24Z">
          <params>
            <param index="0">
              <value>
                <![CDATA[CLICK]]>
              </value>
            </param>
            <param index="1">
              <value>
                <![CDATA[Login_btn]]>
              </value>
            </param>
            <param index="2">
              <value>
                <![CDATA[CSS]]>
              </value>
            </param>
            <param index="3">
              <value>
                <![CDATA[]]>
              </value>
            </param>
          </params>
          <exception class="org.openqa.selenium.WebDriverException">
            <message>
              <![CDATA[unknown error: Element <button type="submit" class="btn btn-primary">...</button> is not clickable at point (517, 704). Other element would receive the click: <div id="site-loader" class="load-complete">...</div>
  (Session info: chrome=60.0.3112.78)
  (Driver info: chromedriver=2.31.488763 (092de99f48a300323ecf8c2a4e2e7cab51de5ba8),platform=Windows NT 10.0.15063 x86_64) (WARNING: The server did not provide any stacktrace information)
Command duration or timeout: 49 milliseconds
Build info: version: '3.4.0', revision: 'unknown', time: 'unknown'
System info: host: 'DESKTOP-HR6DLCF', ip: '10.0.0.57', os.name: 'Windows 10', os.arch: 'amd64', os.version: '10.0', java.version: '1.8.0_144'
Driver info: org.openqa.selenium.chrome.ChromeDriver
Capabilities [{applicationCacheEnabled=false, rotatable=false, mobileEmulationEnabled=false, networkConnectionEnabled=false, chrome={chromedriverVersion=2.31.488763 (092de99f48a300323ecf8c2a4e2e7cab51de5ba8), userDataDir=C:\Users\write\AppData\Local\Temp\scoped_dir8056_18009}, takesHeapSnapshot=true, pageLoadStrategy=normal, databaseEnabled=false, handlesAlerts=true, hasTouchScreen=false, version=60.0.3112.78, platform=XP, browserConnectionEnabled=false, nativeEvents=true, acceptSslCerts=true, locationContextEnabled=true, webStorageEnabled=true, browserName=chrome, takesScreenshot=true, javascriptEnabled=true, cssSelectorsEnabled=true, setWindowRect=true, unexpectedAlertBehaviour=}]
Session ID: 62fd4d02e8f3651b668322e64d886465]]>
            </message>
            <full-stacktrace>
              <![CDATA[org.openqa.selenium.WebDriverException: unknown error: Element <button type="submit" class="btn btn-primary">...</button> is not clickable at point (517, 704). Other element would receive the click: <div id="site-loader" class="load-complete">...</div>
  (Session info: chrome=60.0.3112.78)
  (Driver info: chromedriver=2.31.488763 (092de99f48a300323ecf8c2a4e2e7cab51de5ba8),platform=Windows NT 10.0.15063 x86_64) (WARNING: The server did not provide any stacktrace information)
Command duration or timeout: 49 milliseconds
Build info: version: '3.4.0', revision: 'unknown', time: 'unknown'
System info: host: 'DESKTOP-HR6DLCF', ip: '10.0.0.57', os.name: 'Windows 10', os.arch: 'amd64', os.version: '10.0', java.version: '1.8.0_144'
Driver info: org.openqa.selenium.chrome.ChromeDriver
Capabilities [{applicationCacheEnabled=false, rotatable=false, mobileEmulationEnabled=false, networkConnectionEnabled=false, chrome={chromedriverVersion=2.31.488763 (092de99f48a300323ecf8c2a4e2e7cab51de5ba8), userDataDir=C:\Users\write\AppData\Local\Temp\scoped_dir8056_18009}, takesHeapSnapshot=true, pageLoadStrategy=normal, databaseEnabled=false, handlesAlerts=true, hasTouchScreen=false, version=60.0.3112.78, platform=XP, browserConnectionEnabled=false, nativeEvents=true, acceptSslCerts=true, locationContextEnabled=true, webStorageEnabled=true, browserName=chrome, takesScreenshot=true, javascriptEnabled=true, cssSelectorsEnabled=true, setWindowRect=true, unexpectedAlertBehaviour=}]
Session ID: 62fd4d02e8f3651b668322e64d886465
	at sun.reflect.NativeConstructorAccessorImpl.newInstance0(Native Method)
	at sun.reflect.NativeConstructorAccessorImpl.newInstance(NativeConstructorAccessorImpl.java:62)
	at sun.reflect.DelegatingConstructorAccessorImpl.newInstance(DelegatingConstructorAccessorImpl.java:45)
	at java.lang.reflect.Constructor.newInstance(Constructor.java:423)
	at org.openqa.selenium.remote.ErrorHandler.createThrowable(ErrorHandler.java:215)
	at org.openqa.selenium.remote.ErrorHandler.throwIfResponseFailed(ErrorHandler.java:167)
	at org.openqa.selenium.remote.RemoteWebDriver.execute(RemoteWebDriver.java:671)
	at org.openqa.selenium.remote.RemoteWebElement.execute(RemoteWebElement.java:272)
	at org.openqa.selenium.remote.RemoteWebElement.click(RemoteWebElement.java:82)
	at all_operations.General_Operations.Hybrid_Ops(General_Operations.java:38)
	at test_cases.Login_Test.Test_Login(Login_Test.java:22)
	at sun.reflect.NativeMethodAccessorImpl.invoke0(Native Method)
	at sun.reflect.NativeMethodAccessorImpl.invoke(NativeMethodAccessorImpl.java:62)
	at sun.reflect.DelegatingMethodAccessorImpl.invoke(DelegatingMethodAccessorImpl.java:43)
	at java.lang.reflect.Method.invoke(Method.java:498)
	at org.testng.internal.MethodInvocationHelper.invokeMethod(MethodInvocationHelper.java:108)
	at org.testng.internal.Invoker.invokeMethod(Invoker.java:661)
	at org.testng.internal.Invoker.invokeTestMethod(Invoker.java:869)
	at org.testng.internal.Invoker.invokeTestMethods(Invoker.java:1193)
	at org.testng.internal.TestMethodWorker.invokeTestMethods(TestMethodWorker.java:126)
	at org.testng.internal.TestMethodWorker.run(TestMethodWorker.java:109)
	at org.testng.TestRunner.privateRun(TestRunner.java:744)
	at org.testng.TestRunner.run(TestRunner.java:602)
	at org.testng.SuiteRunner.runTest(SuiteRunner.java:380)
	at org.testng.SuiteRunner.runSequentially(SuiteRunner.java:375)
	at org.testng.SuiteRunner.privateRun(SuiteRunner.java:340)
	at org.testng.SuiteRunner.run(SuiteRunner.java:289)
	at org.testng.SuiteRunnerWorker.runSuite(SuiteRunnerWorker.java:52)
	at org.testng.SuiteRunnerWorker.run(SuiteRunnerWorker.java:86)
	at org.testng.TestNG.runSuitesSequentially(TestNG.java:1301)
	at org.testng.TestNG.runSuitesLocally(TestNG.java:1226)
	at org.testng.TestNG.runSuites(TestNG.java:1144)
	at org.testng.TestNG.run(TestNG.java:1115)
	at org.apache.maven.surefire.testng.TestNGExecutor.run(TestNGExecutor.java:283)
	at org.apache.maven.surefire.testng.TestNGXmlTestSuite.execute(TestNGXmlTestSuite.java:75)
	at org.apache.maven.surefire.testng.TestNGProvider.invoke(TestNGProvider.java:120)
	at org.apache.maven.surefire.booter.ForkedBooter.invokeProviderInSameClassLoader(ForkedBooter.java:386)
	at org.apache.maven.surefire.booter.ForkedBooter.runSuitesInProcess(ForkedBooter.java:323)
	at org.apache.maven.surefire.booter.ForkedBooter.main(ForkedBooter.java:143)
]]>
            </full-stacktrace>
          </exception> <!-- org.openqa.selenium.WebDriverException -->
          <reporter-output>
          </reporter-output>
        </test-method> <!-- Test_Login -->
        <test-method status="FAIL" signature="Test_Login(java.lang.String, java.lang.String, java.lang.String, java.lang.String)[pri:0, instance:test_cases.Login_Test@6574b225]" name="Test_Login" duration-ms="518" started-at="2017-07-30T21:48:24Z" data-provider="Login" finished-at="2017-07-30T21:48:25Z">
          <params>
            <param index="0">
              <value>
                <![CDATA[ASSERT-URL]]>
              </value>
            </param>
            <param index="1">
              <value>
                <![CDATA[]]>
              </value>
            </param>
            <param index="2">
              <value>
                <![CDATA[]]>
              </value>
            </param>
            <param index="3">
              <value>
                <![CDATA[dashboard]]>
              </value>
            </param>
          </params>
          <exception class="java.lang.AssertionError">
            <message>
              <![CDATA[expected [true] but found [false]]]>
            </message>
            <full-stacktrace>
              <![CDATA[java.lang.AssertionError: expected [true] but found [false]
	at org.testng.Assert.fail(Assert.java:93)
	at org.testng.Assert.failNotEquals(Assert.java:512)
	at org.testng.Assert.assertTrue(Assert.java:41)
	at org.testng.Assert.assertTrue(Assert.java:51)
	at all_operations.General_Operations.Hybrid_Ops(General_Operations.java:72)
	at test_cases.Login_Test.Test_Login(Login_Test.java:22)
	at sun.reflect.NativeMethodAccessorImpl.invoke0(Native Method)
	at sun.reflect.NativeMethodAccessorImpl.invoke(NativeMethodAccessorImpl.java:62)
	at sun.reflect.DelegatingMethodAccessorImpl.invoke(DelegatingMethodAccessorImpl.java:43)
	at java.lang.reflect.Method.invoke(Method.java:498)
	at org.testng.internal.MethodInvocationHelper.invokeMethod(MethodInvocationHelper.java:108)
	at org.testng.internal.Invoker.invokeMethod(Invoker.java:661)
	at org.testng.internal.Invoker.invokeTestMethod(Invoker.java:869)
	at org.testng.internal.Invoker.invokeTestMethods(Invoker.java:1193)
	at org.testng.internal.TestMethodWorker.invokeTestMethods(TestMethodWorker.java:126)
	at org.testng.internal.TestMethodWorker.run(TestMethodWorker.java:109)
	at org.testng.TestRunner.privateRun(TestRunner.java:744)
	at org.testng.TestRunner.run(TestRunner.java:602)
	at org.testng.SuiteRunner.runTest(SuiteRunner.java:380)
	at org.testng.SuiteRunner.runSequentially(SuiteRunner.java:375)
	at org.testng.SuiteRunner.privateRun(SuiteRunner.java:340)
	at org.testng.SuiteRunner.run(SuiteRunner.java:289)
	at org.testng.SuiteRunnerWorker.runSuite(SuiteRunnerWorker.java:52)
	at org.testng.SuiteRunnerWorker.run(SuiteRunnerWorker.java:86)
	at org.testng.TestNG.runSuitesSequentially(TestNG.java:1301)
	at org.testng.TestNG.runSuitesLocally(TestNG.java:1226)
	at org.testng.TestNG.runSuites(TestNG.java:1144)
	at org.testng.TestNG.run(TestNG.java:1115)
	at org.apache.maven.surefire.testng.TestNGExecutor.run(TestNGExecutor.java:283)
	at org.apache.maven.surefire.testng.TestNGXmlTestSuite.execute(TestNGXmlTestSuite.java:75)
	at org.apache.maven.surefire.testng.TestNGProvider.invoke(TestNGProvider.java:120)
	at org.apache.maven.surefire.booter.ForkedBooter.invokeProviderInSameClassLoader(ForkedBooter.java:386)
	at org.apache.maven.surefire.booter.ForkedBooter.runSuitesInProcess(ForkedBooter.java:323)
	at org.apache.maven.surefire.booter.ForkedBooter.main(ForkedBooter.java:143)
]]>
            </full-stacktrace>
          </exception> <!-- java.lang.AssertionError -->
          <reporter-output>
          </reporter-output>
        </test-method> <!-- Test_Login -->
        <test-method status="PASS" signature="Test_Login(java.lang.String, java.lang.String, java.lang.String, java.lang.String)[pri:0, instance:test_cases.Login_Test@6574b225]" name="Test_Login" duration-ms="32" started-at="2017-07-30T21:48:25Z" data-provider="Login" finished-at="2017-07-30T21:48:25Z">
          <params>
            <param index="0">
              <value>
                <![CDATA[CLEANTEXT]]>
              </value>
            </param>
            <param index="1">
              <value>
                <![CDATA[user]]>
              </value>
            </param>
            <param index="2">
              <value>
                <![CDATA[CSS]]>
              </value>
            </param>
            <param index="3">
              <value>
                <![CDATA[]]>
              </value>
            </param>
          </params>
          <reporter-output>
          </reporter-output>
        </test-method> <!-- Test_Login -->
        <test-method status="PASS" signature="Test_Login(java.lang.String, java.lang.String, java.lang.String, java.lang.String)[pri:0, instance:test_cases.Login_Test@6574b225]" name="Test_Login" duration-ms="50" started-at="2017-07-30T21:48:25Z" data-provider="Login" finished-at="2017-07-30T21:48:25Z">
          <params>
            <param index="0">
              <value>
                <![CDATA[CLEANTEXT]]>
              </value>
            </param>
            <param index="1">
              <value>
                <![CDATA[password]]>
              </value>
            </param>
            <param index="2">
              <value>
                <![CDATA[CSS]]>
              </value>
            </param>
            <param index="3">
              <value>
                <![CDATA[]]>
              </value>
            </param>
          </params>
          <reporter-output>
          </reporter-output>
        </test-method> <!-- Test_Login -->
        <test-method status="PASS" signature="Test_Login(java.lang.String, java.lang.String, java.lang.String, java.lang.String)[pri:0, instance:test_cases.Login_Test@6574b225]" name="Test_Login" duration-ms="189" started-at="2017-07-30T21:48:25Z" data-provider="Login" finished-at="2017-07-30T21:48:25Z">
          <params>
            <param index="0">
              <value>
                <![CDATA[SETTEXT]]>
              </value>
            </param>
            <param index="1">
              <value>
                <![CDATA[user]]>
              </value>
            </param>
            <param index="2">
              <value>
                <![CDATA[CSS]]>
              </value>
            </param>
            <param index="3">
              <value>
                <![CDATA[waqas+1@blueorcastudios.com]]>
              </value>
            </param>
          </params>
          <reporter-output>
          </reporter-output>
        </test-method> <!-- Test_Login -->
        <test-method status="PASS" signature="Test_Login(java.lang.String, java.lang.String, java.lang.String, java.lang.String)[pri:0, instance:test_cases.Login_Test@6574b225]" name="Test_Login" duration-ms="59" started-at="2017-07-30T21:48:25Z" data-provider="Login" finished-at="2017-07-30T21:48:25Z">
          <params>
            <param index="0">
              <value>
                <![CDATA[SETTEXT]]>
              </value>
            </param>
            <param index="1">
              <value>
                <![CDATA[password]]>
              </value>
            </param>
            <param index="2">
              <value>
                <![CDATA[CSS]]>
              </value>
            </param>
            <param index="3">
              <value>
                <![CDATA[aaa@123]]>
              </value>
            </param>
          </params>
          <reporter-output>
          </reporter-output>
        </test-method> <!-- Test_Login -->
        <test-method status="PASS" signature="Test_Login(java.lang.String, java.lang.String, java.lang.String, java.lang.String)[pri:0, instance:test_cases.Login_Test@6574b225]" name="Test_Login" duration-ms="2362" started-at="2017-07-30T21:48:25Z" data-provider="Login" finished-at="2017-07-30T21:48:27Z">
          <params>
            <param index="0">
              <value>
                <![CDATA[CLICK]]>
              </value>
            </param>
            <param index="1">
              <value>
                <![CDATA[Login_btn]]>
              </value>
            </param>
            <param index="2">
              <value>
                <![CDATA[CSS]]>
              </value>
            </param>
            <param index="3">
              <value>
                <![CDATA[]]>
              </value>
            </param>
          </params>
          <reporter-output>
          </reporter-output>
        </test-method> <!-- Test_Login -->
        <test-method status="PASS" signature="Test_Login(java.lang.String, java.lang.String, java.lang.String, java.lang.String)[pri:0, instance:test_cases.Login_Test@6574b225]" name="Test_Login" duration-ms="523" started-at="2017-07-30T21:48:27Z" data-provider="Login" finished-at="2017-07-30T21:48:28Z">
          <params>
            <param index="0">
              <value>
                <![CDATA[ASSERT-URL]]>
              </value>
            </param>
            <param index="1">
              <value>
                <![CDATA[]]>
              </value>
            </param>
            <param index="2">
              <value>
                <![CDATA[]]>
              </value>
            </param>
            <param index="3">
              <value>
                <![CDATA[dashboard]]>
              </value>
            </param>
          </params>
          <reporter-output>
          </reporter-output>
        </test-method> <!-- Test_Login -->
      </class> <!-- test_cases.Login_Test -->
      <class name="test_cases.Logout_Test">
        <test-method status="PASS" signature="Test_LogOut(java.lang.String, java.lang.String, java.lang.String, java.lang.String)[pri:0, instance:test_cases.Logout_Test@2669b199]" name="Test_LogOut" duration-ms="97" started-at="2017-07-30T21:48:28Z" data-provider="LogOut" finished-at="2017-07-30T21:48:28Z">
          <params>
            <param index="0">
              <value>
                <![CDATA[CLICK]]>
              </value>
            </param>
            <param index="1">
              <value>
                <![CDATA[user_profile]]>
              </value>
            </param>
            <param index="2">
              <value>
                <![CDATA[CSS]]>
              </value>
            </param>
            <param index="3">
              <value>
                <![CDATA[]]>
              </value>
            </param>
          </params>
          <reporter-output>
          </reporter-output>
        </test-method> <!-- Test_LogOut -->
        <test-method status="PASS" signature="Test_LogOut(java.lang.String, java.lang.String, java.lang.String, java.lang.String)[pri:0, instance:test_cases.Logout_Test@2669b199]" name="Test_LogOut" duration-ms="0" started-at="2017-07-30T21:48:28Z" data-provider="LogOut" finished-at="2017-07-30T21:48:28Z">
          <params>
            <param index="0">
              <value>
                <![CDATA[Keyword]]>
              </value>
            </param>
            <param index="1">
              <value>
                <![CDATA[Object name]]>
              </value>
            </param>
            <param index="2">
              <value>
                <![CDATA[Object type]]>
              </value>
            </param>
            <param index="3">
              <value>
                <![CDATA[Input]]>
              </value>
            </param>
          </params>
          <reporter-output>
          </reporter-output>
        </test-method> <!-- Test_LogOut -->
        <test-method status="PASS" signature="Test_LogOut(java.lang.String, java.lang.String, java.lang.String, java.lang.String)[pri:0, instance:test_cases.Logout_Test@2669b199]" name="Test_LogOut" duration-ms="931" started-at="2017-07-30T21:48:28Z" data-provider="LogOut" finished-at="2017-07-30T21:48:29Z">
          <params>
            <param index="0">
              <value>
                <![CDATA[CLICK]]>
              </value>
            </param>
            <param index="1">
              <value>
                <![CDATA[LogOut_btn]]>
              </value>
            </param>
            <param index="2">
              <value>
                <![CDATA[CSS]]>
              </value>
            </param>
            <param index="3">
              <value>
                <![CDATA[]]>
              </value>
            </param>
          </params>
          <reporter-output>
          </reporter-output>
        </test-method> <!-- Test_LogOut -->
      </class> <!-- test_cases.Logout_Test -->
    </test> <!-- Multi users Login attempts -->
  </suite> <!-- Smoke - Login Tests Suite -->
</testng-results>
