<?xml version="1.0" encoding="UTF-8"?>
<!-- Generated by org.testng.reporters.JUnitXMLReporter -->
<testsuite hostname="NS-PC" ignored="1" name="Multi users Login attempts" tests="26" failures="2" timestamp="17 Aug 2017 11:31:41 GMT" time="65.72" errors="0">
  <testcase name="Test_Login" time="0.038" classname="test_cases.Login_Test"/>
  <testcase name="Test_Login" time="4.475" classname="test_cases.Login_Test"/>
  <testcase name="Test_Login" time="1.409" classname="test_cases.Login_Test"/>
  <testcase name="Test_Login" time="2.005" classname="test_cases.Login_Test"/>
  <testcase name="Test_Login" time="3.774" classname="test_cases.Login_Test"/>
  <testcase name="Test_Login" time="2.004" classname="test_cases.Login_Test"/>
  <testcase name="Test_Login" time="1.709" classname="test_cases.Login_Test"/>
  <testcase name="Test_Login" time="3.607" classname="test_cases.Login_Test"/>
  <testcase name="Test_Login" time="2.361" classname="test_cases.Login_Test">
    <failure type="java.lang.AssertionError" message="Invalid parameter:Assert match failed for https://fmlcb.shaalmi.pk/admin/dashboardand foundhttps://fmlcb.shaalmi.pk/login expected [https://fmlcb.shaalmi.pk/admin/dashboard] but found [https://fmlcb.shaalmi.pk/login]">
      <![CDATA[java.lang.AssertionError: Invalid parameter:Assert match failed for https://fmlcb.shaalmi.pk/admin/dashboardand foundhttps://fmlcb.shaalmi.pk/login expected [https://fmlcb.shaalmi.pk/admin/dashboard] but found [https://fmlcb.shaalmi.pk/login]
	at all_operations.General_Operations.Hybrid_Ops(General_Operations.java:80)
	at test_cases.Login_Test.Test_Login(Login_Test.java:23)
	at java.util.concurrent.FutureTask.run(FutureTask.java:266)
	at java.util.concurrent.ThreadPoolExecutor.runWorker(ThreadPoolExecutor.java:1142)
	at java.util.concurrent.ThreadPoolExecutor$Worker.run(ThreadPoolExecutor.java:617)
	at java.lang.Thread.run(Thread.java:748)
... Removed 21 stack frames]]>
    </failure>
  </testcase> <!-- Test_Login -->
  <testcase name="Test_Login" time="1.148" classname="test_cases.Login_Test"/>
  <testcase name="Test_Login" time="1.254" classname="test_cases.Login_Test"/>
  <testcase name="Test_Login" time="1.2" classname="test_cases.Login_Test"/>
  <testcase name="Test_Login" time="1.241" classname="test_cases.Login_Test"/>
  <testcase name="Test_Login" time="2.005" classname="test_cases.Login_Test"/>
  <testcase name="Test_Login" time="2.616" classname="test_cases.Login_Test"/>
  <testcase name="Test_Login" time="2.272" classname="test_cases.Login_Test">
    <failure type="java.lang.AssertionError" message="Invalid parameter:Assert match failed for https://fmlcb.shaalmi.pk/admin/dashboardand foundhttps://fmlcb.shaalmi.pk/login expected [https://fmlcb.shaalmi.pk/admin/dashboard] but found [https://fmlcb.shaalmi.pk/login]">
      <![CDATA[java.lang.AssertionError: Invalid parameter:Assert match failed for https://fmlcb.shaalmi.pk/admin/dashboardand foundhttps://fmlcb.shaalmi.pk/login expected [https://fmlcb.shaalmi.pk/admin/dashboard] but found [https://fmlcb.shaalmi.pk/login]
	at all_operations.General_Operations.Hybrid_Ops(General_Operations.java:80)
	at test_cases.Login_Test.Test_Login(Login_Test.java:23)
	at java.util.concurrent.FutureTask.run(FutureTask.java:266)
	at java.util.concurrent.ThreadPoolExecutor.runWorker(ThreadPoolExecutor.java:1142)
	at java.util.concurrent.ThreadPoolExecutor$Worker.run(ThreadPoolExecutor.java:617)
	at java.lang.Thread.run(Thread.java:748)
... Removed 21 stack frames]]>
    </failure>
  </testcase> <!-- Test_Login -->
  <testcase name="Test_Login" time="1.006" classname="test_cases.Login_Test"/>
  <testcase name="Test_Login" time="1.229" classname="test_cases.Login_Test"/>
  <testcase name="Test_Login" time="1.578" classname="test_cases.Login_Test"/>
  <testcase name="Test_Login" time="1.317" classname="test_cases.Login_Test"/>
  <testcase name="Test_Login" time="3.726" classname="test_cases.Login_Test"/>
  <testcase name="Test_Login" time="2.329" classname="test_cases.Login_Test"/>
  <testcase name="Test_LogOut" time="0.003" classname="test_cases.Logout_Test"/>
  <testcase name="Test_LogOut" time="1.164" classname="test_cases.Logout_Test"/>
  <testcase name="Test_LogOut" time="2.846" classname="test_cases.Logout_Test"/>
  <testcase name="Test_LogOut" time="2.003" classname="test_cases.Logout_Test"/>
  <testcase name="Test_Login_Admin" time="0.0" classname="test_cases.Login_Test">
    <ignored/>
  </testcase> <!-- Test_Login_Admin -->
</testsuite> <!-- Multi users Login attempts -->
