<html>
<head>
<title>TestNG:  Multi users Login attempts</title>
<link href="../testng.css" rel="stylesheet" type="text/css" />
<link href="../my-testng.css" rel="stylesheet" type="text/css" />

<style type="text/css">
.log { display: none;} 
.stack-trace { display: none;} 
</style>
<script type="text/javascript">
<!--
function flip(e) {
  current = e.style.display;
  if (current == 'block') {
    e.style.display = 'none';
    return 0;
  }
  else {
    e.style.display = 'block';
    return 1;
  }
}

function toggleBox(szDivId, elem, msg1, msg2)
{
  var res = -1;  if (document.getElementById) {
    res = flip(document.getElementById(szDivId));
  }
  else if (document.all) {
    // this is the way old msie versions work
    res = flip(document.all[szDivId]);
  }
  if(elem) {
    if(res == 0) elem.innerHTML = msg1; else elem.innerHTML = msg2;
  }

}

function toggleAllBoxes() {
  if (document.getElementsByTagName) {
    d = document.getElementsByTagName('div');
    for (i = 0; i < d.length; i++) {
      if (d[i].className == 'log') {
        flip(d[i]);
      }
    }
  }
}

// -->
</script>

</head>
<body>
<h2 align='center'>Multi users Login attempts</h2><table border='1' align="center">
<tr>
<td>Tests passed/Failed/Skipped:</td><td>24/2/0</td>
</tr><tr>
<td>Started on:</td><td>Sun Aug 20 17:55:40 PKT 2017</td>
</tr>
<tr><td>Total time:</td><td>70 seconds (70556 ms)</td>
</tr><tr>
<td>Included groups:</td><td></td>
</tr><tr>
<td>Excluded groups:</td><td></td>
</tr>
</table><p/>
<small><i>(Hover the method name to see the test class name)</i></small><p/>
<table width='100%' border='1' class='invocation-failed'>
<tr><td colspan='4' align='center'><b>FAILED TESTS</b></td></tr>
<tr><td><b>Test method</b></td>
<td width="30%"><b>Exception</b></td>
<td width="10%"><b>Time (seconds)</b></td>
<td><b>Instance</b></td>
</tr>
<tr>
<td title='test_cases.Login_Test.Test_Login()'><b>Test_Login</b><br>Test class: test_cases.Login_Test<br>Parameters: ASSERT-URL, , , https://fmlcb.shaalmi.pk/admin/dashboard</td>
<td><div><pre>java.lang.AssertionError: Invalid parameter:Assert match failed for https://fmlcb.shaalmi.pk/admin/dashboardand foundhttps://fmlcb.shaalmi.pk/login expected [https://fmlcb.shaalmi.pk/admin/dashboard] but found [https://fmlcb.shaalmi.pk/login]
	at all_operations.General_Operations.Hybrid_Ops(General_Operations.java:76)
	at test_cases.Login_Test.Test_Login(Login_Test.java:23)
	at java.util.concurrent.FutureTask.run(FutureTask.java:266)
	at java.util.concurrent.ThreadPoolExecutor.runWorker(ThreadPoolExecutor.java:1149)
	at java.util.concurrent.ThreadPoolExecutor$Worker.run(ThreadPoolExecutor.java:624)
	at java.lang.Thread.run(Thread.java:748)
... Removed 21 stack frames</pre></div><a href='#' onClick='toggleBox("stack-trace44292406", this, "Click to show all stack frames", "Click to hide stack frames")'>Click to show all stack frames</a>
<div class='stack-trace' id='stack-trace44292406'><pre>java.lang.AssertionError: Invalid parameter:Assert match failed for https://fmlcb.shaalmi.pk/admin/dashboardand foundhttps://fmlcb.shaalmi.pk/login expected [https://fmlcb.shaalmi.pk/admin/dashboard] but found [https://fmlcb.shaalmi.pk/login]
	at org.testng.Assert.fail(Assert.java:93)
	at org.testng.Assert.failNotEquals(Assert.java:512)
	at org.testng.Assert.assertEqualsImpl(Assert.java:134)
	at org.testng.Assert.assertEquals(Assert.java:115)
	at org.testng.Assert.assertEquals(Assert.java:189)
	at all_operations.General_Operations.Hybrid_Ops(General_Operations.java:76)
	at test_cases.Login_Test.Test_Login(Login_Test.java:23)
	at sun.reflect.NativeMethodAccessorImpl.invoke0(Native Method)
	at sun.reflect.NativeMethodAccessorImpl.invoke(NativeMethodAccessorImpl.java:62)
	at sun.reflect.DelegatingMethodAccessorImpl.invoke(DelegatingMethodAccessorImpl.java:43)
	at java.lang.reflect.Method.invoke(Method.java:498)
	at org.testng.internal.MethodInvocationHelper.invokeMethod(MethodInvocationHelper.java:108)
	at org.testng.internal.Invoker.invokeMethod(Invoker.java:661)
	at org.testng.internal.Invoker.invokeTestMethod(Invoker.java:869)
	at org.testng.internal.Invoker.invokeTestMethods(Invoker.java:1193)
	at org.testng.internal.TestMethodWorker.invokeTestMethods(TestMethodWorker.java:126)
	at org.testng.internal.TestMethodWorker.run(TestMethodWorker.java:109)
	at org.testng.TestRunner.privateRun(TestRunner.java:744)
	at org.testng.TestRunner.run(TestRunner.java:602)
	at org.testng.SuiteRunner.runTest(SuiteRunner.java:380)
	at org.testng.SuiteRunner.access$000(SuiteRunner.java:39)
	at org.testng.SuiteRunner$SuiteWorker.run(SuiteRunner.java:414)
	at org.testng.internal.thread.ThreadUtil$1.call(ThreadUtil.java:52)
	at java.util.concurrent.FutureTask.run(FutureTask.java:266)
	at java.util.concurrent.ThreadPoolExecutor.runWorker(ThreadPoolExecutor.java:1149)
	at java.util.concurrent.ThreadPoolExecutor$Worker.run(ThreadPoolExecutor.java:624)
	at java.lang.Thread.run(Thread.java:748)
</pre></div></td>
<td>1</td>
<td>test_cases.Login_Test@6c3708b3</td></tr>
<tr>
<td title='test_cases.Login_Test.Test_Login()'><b>Test_Login</b><br>Test class: test_cases.Login_Test<br>Parameters: ASSERT-URL, , , https://fmlcb.shaalmi.pk/admin/dashboard</td>
<td><div><pre>java.lang.AssertionError: Invalid parameter:Assert match failed for https://fmlcb.shaalmi.pk/admin/dashboardand foundhttps://fmlcb.shaalmi.pk/login expected [https://fmlcb.shaalmi.pk/admin/dashboard] but found [https://fmlcb.shaalmi.pk/login]
	at all_operations.General_Operations.Hybrid_Ops(General_Operations.java:76)
	at test_cases.Login_Test.Test_Login(Login_Test.java:23)
	at java.util.concurrent.FutureTask.run(FutureTask.java:266)
	at java.util.concurrent.ThreadPoolExecutor.runWorker(ThreadPoolExecutor.java:1149)
	at java.util.concurrent.ThreadPoolExecutor$Worker.run(ThreadPoolExecutor.java:624)
	at java.lang.Thread.run(Thread.java:748)
... Removed 21 stack frames</pre></div><a href='#' onClick='toggleBox("stack-trace412986620", this, "Click to show all stack frames", "Click to hide stack frames")'>Click to show all stack frames</a>
<div class='stack-trace' id='stack-trace412986620'><pre>java.lang.AssertionError: Invalid parameter:Assert match failed for https://fmlcb.shaalmi.pk/admin/dashboardand foundhttps://fmlcb.shaalmi.pk/login expected [https://fmlcb.shaalmi.pk/admin/dashboard] but found [https://fmlcb.shaalmi.pk/login]
	at org.testng.Assert.fail(Assert.java:93)
	at org.testng.Assert.failNotEquals(Assert.java:512)
	at org.testng.Assert.assertEqualsImpl(Assert.java:134)
	at org.testng.Assert.assertEquals(Assert.java:115)
	at org.testng.Assert.assertEquals(Assert.java:189)
	at all_operations.General_Operations.Hybrid_Ops(General_Operations.java:76)
	at test_cases.Login_Test.Test_Login(Login_Test.java:23)
	at sun.reflect.NativeMethodAccessorImpl.invoke0(Native Method)
	at sun.reflect.NativeMethodAccessorImpl.invoke(NativeMethodAccessorImpl.java:62)
	at sun.reflect.DelegatingMethodAccessorImpl.invoke(DelegatingMethodAccessorImpl.java:43)
	at java.lang.reflect.Method.invoke(Method.java:498)
	at org.testng.internal.MethodInvocationHelper.invokeMethod(MethodInvocationHelper.java:108)
	at org.testng.internal.Invoker.invokeMethod(Invoker.java:661)
	at org.testng.internal.Invoker.invokeTestMethod(Invoker.java:869)
	at org.testng.internal.Invoker.invokeTestMethods(Invoker.java:1193)
	at org.testng.internal.TestMethodWorker.invokeTestMethods(TestMethodWorker.java:126)
	at org.testng.internal.TestMethodWorker.run(TestMethodWorker.java:109)
	at org.testng.TestRunner.privateRun(TestRunner.java:744)
	at org.testng.TestRunner.run(TestRunner.java:602)
	at org.testng.SuiteRunner.runTest(SuiteRunner.java:380)
	at org.testng.SuiteRunner.access$000(SuiteRunner.java:39)
	at org.testng.SuiteRunner$SuiteWorker.run(SuiteRunner.java:414)
	at org.testng.internal.thread.ThreadUtil$1.call(ThreadUtil.java:52)
	at java.util.concurrent.FutureTask.run(FutureTask.java:266)
	at java.util.concurrent.ThreadPoolExecutor.runWorker(ThreadPoolExecutor.java:1149)
	at java.util.concurrent.ThreadPoolExecutor$Worker.run(ThreadPoolExecutor.java:624)
	at java.lang.Thread.run(Thread.java:748)
</pre></div></td>
<td>1</td>
<td>test_cases.Login_Test@6c3708b3</td></tr>
</table><p>
<table width='100%' border='1' class='invocation-passed'>
<tr><td colspan='4' align='center'><b>PASSED TESTS</b></td></tr>
<tr><td><b>Test method</b></td>
<td width="30%"><b>Exception</b></td>
<td width="10%"><b>Time (seconds)</b></td>
<td><b>Instance</b></td>
</tr>
<tr>
<td title='test_cases.Logout_Test.Test_LogOut()'><b>Test_LogOut</b><br>Test class: test_cases.Logout_Test<br>Parameters: Keyword, Object name, Object type, Input</td>
<td></td>
<td>0</td>
<td>test_cases.Logout_Test@6f1fba17</td></tr>
<tr>
<td title='test_cases.Logout_Test.Test_LogOut()'><b>Test_LogOut</b><br>Test class: test_cases.Logout_Test<br>Parameters: CLICK, user_profile, CSS, </td>
<td></td>
<td>0</td>
<td>test_cases.Logout_Test@6f1fba17</td></tr>
<tr>
<td title='test_cases.Logout_Test.Test_LogOut()'><b>Test_LogOut</b><br>Test class: test_cases.Logout_Test<br>Parameters: CLICK, LogOut_btn, CSS, </td>
<td></td>
<td>3</td>
<td>test_cases.Logout_Test@6f1fba17</td></tr>
<tr>
<td title='test_cases.Logout_Test.Test_LogOut()'><b>Test_LogOut</b><br>Test class: test_cases.Logout_Test<br>Parameters: EWAIT, , , </td>
<td></td>
<td>2</td>
<td>test_cases.Logout_Test@6f1fba17</td></tr>
<tr>
<td title='test_cases.Login_Test.Test_Login()'><b>Test_Login</b><br>Test class: test_cases.Login_Test<br>Parameters: Keyword, Object name, Object type, Input</td>
<td></td>
<td>0</td>
<td>test_cases.Login_Test@6c3708b3</td></tr>
<tr>
<td title='test_cases.Login_Test.Test_Login()'><b>Test_Login</b><br>Test class: test_cases.Login_Test<br>Parameters: GO2URL, , , url</td>
<td></td>
<td>11</td>
<td>test_cases.Login_Test@6c3708b3</td></tr>
<tr>
<td title='test_cases.Login_Test.Test_Login()'><b>Test_Login</b><br>Test class: test_cases.Login_Test<br>Parameters: JS CLICK, login, CSS, </td>
<td></td>
<td>0</td>
<td>test_cases.Login_Test@6c3708b3</td></tr>
<tr>
<td title='test_cases.Login_Test.Test_Login()'><b>Test_Login</b><br>Test class: test_cases.Login_Test<br>Parameters: EWAIT, , , </td>
<td></td>
<td>2</td>
<td>test_cases.Login_Test@6c3708b3</td></tr>
<tr>
<td title='test_cases.Login_Test.Test_Login()'><b>Test_Login</b><br>Test class: test_cases.Login_Test<br>Parameters: SETTEXT, user, CSS, nauman@hotmail.com</td>
<td></td>
<td>1</td>
<td>test_cases.Login_Test@6c3708b3</td></tr>
<tr>
<td title='test_cases.Login_Test.Test_Login()'><b>Test_Login</b><br>Test class: test_cases.Login_Test<br>Parameters: EWAIT, , , </td>
<td></td>
<td>2</td>
<td>test_cases.Login_Test@6c3708b3</td></tr>
<tr>
<td title='test_cases.Login_Test.Test_Login()'><b>Test_Login</b><br>Test class: test_cases.Login_Test<br>Parameters: SETTEXT, password, CSS, salmankhanabcd</td>
<td></td>
<td>0</td>
<td>test_cases.Login_Test@6c3708b3</td></tr>
<tr>
<td title='test_cases.Login_Test.Test_Login()'><b>Test_Login</b><br>Test class: test_cases.Login_Test<br>Parameters: CLICK, Signin_btn, CSS, </td>
<td></td>
<td>3</td>
<td>test_cases.Login_Test@6c3708b3</td></tr>
<tr>
<td title='test_cases.Login_Test.Test_Login()'><b>Test_Login</b><br>Test class: test_cases.Login_Test<br>Parameters: CLEANTEXT, user, CSS, </td>
<td></td>
<td>0</td>
<td>test_cases.Login_Test@6c3708b3</td></tr>
<tr>
<td title='test_cases.Login_Test.Test_Login()'><b>Test_Login</b><br>Test class: test_cases.Login_Test<br>Parameters: CLEANTEXT, password, CSS, </td>
<td></td>
<td>0</td>
<td>test_cases.Login_Test@6c3708b3</td></tr>
<tr>
<td title='test_cases.Login_Test.Test_Login()'><b>Test_Login</b><br>Test class: test_cases.Login_Test<br>Parameters: SETTEXT, user, CSS, awais@gmail.com</td>
<td></td>
<td>0</td>
<td>test_cases.Login_Test@6c3708b3</td></tr>
<tr>
<td title='test_cases.Login_Test.Test_Login()'><b>Test_Login</b><br>Test class: test_cases.Login_Test<br>Parameters: SETTEXT, password, CSS, blued</td>
<td></td>
<td>0</td>
<td>test_cases.Login_Test@6c3708b3</td></tr>
<tr>
<td title='test_cases.Login_Test.Test_Login()'><b>Test_Login</b><br>Test class: test_cases.Login_Test<br>Parameters: EWAIT, , , </td>
<td></td>
<td>2</td>
<td>test_cases.Login_Test@6c3708b3</td></tr>
<tr>
<td title='test_cases.Login_Test.Test_Login()'><b>Test_Login</b><br>Test class: test_cases.Login_Test<br>Parameters: CLICK, Login_btn, CSS, </td>
<td></td>
<td>2</td>
<td>test_cases.Login_Test@6c3708b3</td></tr>
<tr>
<td title='test_cases.Login_Test.Test_Login()'><b>Test_Login</b><br>Test class: test_cases.Login_Test<br>Parameters: CLEANTEXT, user, CSS, </td>
<td></td>
<td>0</td>
<td>test_cases.Login_Test@6c3708b3</td></tr>
<tr>
<td title='test_cases.Login_Test.Test_Login()'><b>Test_Login</b><br>Test class: test_cases.Login_Test<br>Parameters: CLEANTEXT, password, CSS, </td>
<td></td>
<td>0</td>
<td>test_cases.Login_Test@6c3708b3</td></tr>
<tr>
<td title='test_cases.Login_Test.Test_Login()'><b>Test_Login</b><br>Test class: test_cases.Login_Test<br>Parameters: SETTEXT, user, CSS, waqas+1@blueorcastudios.com</td>
<td></td>
<td>0</td>
<td>test_cases.Login_Test@6c3708b3</td></tr>
<tr>
<td title='test_cases.Login_Test.Test_Login()'><b>Test_Login</b><br>Test class: test_cases.Login_Test<br>Parameters: SETTEXT, password, CSS, aaa@123</td>
<td></td>
<td>0</td>
<td>test_cases.Login_Test@6c3708b3</td></tr>
<tr>
<td title='test_cases.Login_Test.Test_Login()'><b>Test_Login</b><br>Test class: test_cases.Login_Test<br>Parameters: CLICK, Login_btn, CSS, </td>
<td></td>
<td>8</td>
<td>test_cases.Login_Test@6c3708b3</td></tr>
<tr>
<td title='test_cases.Login_Test.Test_Login()'><b>Test_Login</b><br>Test class: test_cases.Login_Test<br>Parameters: ASSERT-URL, , , https://fmlcb.shaalmi.pk/admin/dashboard</td>
<td></td>
<td>1</td>
<td>test_cases.Login_Test@6c3708b3</td></tr>
</table><p>
</body>
</html>