<?xml version="1.0" encoding="UTF-8"?>
<!-- Generated by org.testng.reporters.JUnitXMLReporter -->
<testsuite hostname="NS-PC" ignored="1" name="Transport Tab ADD" tests="17" failures="0" timestamp="17 Aug 2017 11:42:32 GMT" time="2.45" errors="0">
  <testcase name="@BeforeTest LocalDriver" time="0.0" classname="all_operations.Base">
    <failure type="org.testng.TestNGException" message="
Parameter &amp;apos;browser_name&amp;apos; is required by BeforeTest on method LocalDriver but has not been marked @Optional or defined
in C:\Users\NS\git\project_synchoft\shalmi2\testng2.xml">
      <![CDATA[org.testng.TestNGException: 
Parameter 'browser_name' is required by BeforeTest on method LocalDriver but has not been marked @Optional or defined
in C:\Users\NS\git\project_synchoft\shalmi2\testng2.xml
... Removed 20 stack frames]]>
    </failure>
  </testcase> <!-- @BeforeTest LocalDriver -->
  <testcase name="@BeforeTest RemoteDriver" time="0.0" classname="all_operations.Base">
    <skipped/>
  </testcase> <!-- @BeforeTest RemoteDriver -->
  <testcase name="@AfterTest close_driver" time="0.0" classname="all_operations.Base">
    <skipped/>
  </testcase> <!-- @AfterTest close_driver -->
  <testcase name="Test_Login_Admin" time="0.0" classname="test_cases.Login_Test">
    <skipped/>
  </testcase> <!-- Test_Login_Admin -->
  <testcase name="Test_Login_Admin" time="0.0" classname="test_cases.Login_Test">
    <skipped/>
  </testcase> <!-- Test_Login_Admin -->
  <testcase name="Test_Login_Admin" time="0.0" classname="test_cases.Login_Test">
    <skipped/>
  </testcase> <!-- Test_Login_Admin -->
  <testcase name="Test_Login_Admin" time="0.0" classname="test_cases.Login_Test">
    <skipped/>
  </testcase> <!-- Test_Login_Admin -->
  <testcase name="Test_Login_Admin" time="0.0" classname="test_cases.Login_Test">
    <skipped/>
  </testcase> <!-- Test_Login_Admin -->
  <testcase name="Test_Login_Admin" time="0.0" classname="test_cases.Login_Test">
    <skipped/>
  </testcase> <!-- Test_Login_Admin -->
  <testcase name="Test_Login_Admin" time="0.0" classname="test_cases.Login_Test">
    <skipped/>
  </testcase> <!-- Test_Login_Admin -->
  <testcase name="Test_Login_Admin" time="0.0" classname="test_cases.Login_Test">
    <skipped/>
  </testcase> <!-- Test_Login_Admin -->
  <testcase name="Test_Transport_AddMedium" time="0.0" classname="test_cases.Admin_Tests">
    <skipped/>
  </testcase> <!-- Test_Transport_AddMedium -->
  <testcase name="Test_Transport_AddMedium" time="0.0" classname="test_cases.Admin_Tests">
    <skipped/>
  </testcase> <!-- Test_Transport_AddMedium -->
  <testcase name="Test_Transport_AddMedium" time="0.0" classname="test_cases.Admin_Tests">
    <skipped/>
  </testcase> <!-- Test_Transport_AddMedium -->
  <testcase name="Test_Transport_AddMedium" time="0.0" classname="test_cases.Admin_Tests">
    <skipped/>
  </testcase> <!-- Test_Transport_AddMedium -->
  <testcase name="Test_Transport_AddMedium" time="0.0" classname="test_cases.Admin_Tests">
    <skipped/>
  </testcase> <!-- Test_Transport_AddMedium -->
  <testcase name="Test_LogOut" time="0.0" classname="test_cases.Logout_Test">
    <skipped/>
  </testcase> <!-- Test_LogOut -->
  <testcase name="Test_LogOut" time="0.0" classname="test_cases.Logout_Test">
    <skipped/>
  </testcase> <!-- Test_LogOut -->
  <testcase name="Test_LogOut" time="0.0" classname="test_cases.Logout_Test">
    <skipped/>
  </testcase> <!-- Test_LogOut -->
  <testcase name="Test_LogOut" time="0.0" classname="test_cases.Logout_Test">
    <skipped/>
  </testcase> <!-- Test_LogOut -->
  <testcase name="Test_Login" time="0.0" classname="test_cases.Login_Test">
    <ignored/>
  </testcase> <!-- Test_Login -->
</testsuite> <!-- Transport Tab ADD -->
