<?xml version="1.0" encoding="UTF-8"?>
<!-- Generated by org.testng.reporters.JUnitXMLReporter -->
<testsuite hostname="DESKTOP-HR6DLCF" ignored="2" name="Transport Tab ADD" tests="22" failures="0" timestamp="20 Aug 2017 17:54:10 GMT" time="1.879" errors="0">
  <testcase name="@BeforeTest RemoteDriver" time="0.829" classname="all_operations.Base">
    <failure type="org.openqa.selenium.WebDriverException" message="The path to the driver executable must be set by the webdriver.gecko.driver system property; for more information, see https://github.com/mozilla/geckodriver. The latest version can be downloaded from https://github.com/mozilla/geckodriver/releases
Command duration or timeout: 201 milliseconds
Build info: version: &amp;apos;3.4.0&amp;apos;, revision: &amp;apos;unknown&amp;apos;, time: &amp;apos;unknown&amp;apos;
System info: host: &amp;apos;DESKTOP-HR6DLCF&amp;apos;, ip: &amp;apos;192.168.8.100&amp;apos;, os.name: &amp;apos;Windows 10&amp;apos;, os.arch: &amp;apos;amd64&amp;apos;, os.version: &amp;apos;10.0&amp;apos;, java.version: &amp;apos;1.8.0_144&amp;apos;
Driver info: driver.version: RemoteWebDriver">
      <![CDATA[org.openqa.selenium.WebDriverException: The path to the driver executable must be set by the webdriver.gecko.driver system property; for more information, see https://github.com/mozilla/geckodriver. The latest version can be downloaded from https://github.com/mozilla/geckodriver/releases
Command duration or timeout: 201 milliseconds
Build info: version: '3.4.0', revision: 'unknown', time: 'unknown'
System info: host: 'DESKTOP-HR6DLCF', ip: '192.168.8.100', os.name: 'Windows 10', os.arch: 'amd64', os.version: '10.0', java.version: '1.8.0_144'
Driver info: driver.version: RemoteWebDriver
	at org.openqa.selenium.remote.ErrorHandler.createThrowable(ErrorHandler.java:215)
	at org.openqa.selenium.remote.ErrorHandler.throwIfResponseFailed(ErrorHandler.java:167)
	at org.openqa.selenium.remote.JsonWireProtocolResponse.lambda$new$0(JsonWireProtocolResponse.java:53)
	at org.openqa.selenium.remote.JsonWireProtocolResponse.lambda$getResponseFunction$2(JsonWireProtocolResponse.java:91)
	at org.openqa.selenium.remote.ProtocolHandshake.lambda$createSession$22(ProtocolHandshake.java:365)
	at java.util.stream.ReferencePipeline$3$1.accept(ReferencePipeline.java:193)
	at java.util.Spliterators$ArraySpliterator.tryAdvance(Spliterators.java:958)
	at java.util.stream.ReferencePipeline.forEachWithCancel(ReferencePipeline.java:126)
	at java.util.stream.AbstractPipeline.copyIntoWithCancel(AbstractPipeline.java:498)
	at java.util.stream.AbstractPipeline.copyInto(AbstractPipeline.java:485)
	at java.util.stream.AbstractPipeline.wrapAndCopyInto(AbstractPipeline.java:471)
	at java.util.stream.FindOps$FindOp.evaluateSequential(FindOps.java:152)
	at java.util.stream.AbstractPipeline.evaluate(AbstractPipeline.java:234)
	at java.util.stream.ReferencePipeline.findFirst(ReferencePipeline.java:464)
	at org.openqa.selenium.remote.ProtocolHandshake.createSession(ProtocolHandshake.java:368)
	at org.openqa.selenium.remote.ProtocolHandshake.createSession(ProtocolHandshake.java:159)
	at org.openqa.selenium.remote.HttpCommandExecutor.execute(HttpCommandExecutor.java:142)
	at org.openqa.selenium.remote.RemoteWebDriver.execute(RemoteWebDriver.java:637)
	at org.openqa.selenium.remote.RemoteWebDriver.startSession(RemoteWebDriver.java:250)
	at org.openqa.selenium.remote.RemoteWebDriver.startSession(RemoteWebDriver.java:236)
	at org.openqa.selenium.remote.RemoteWebDriver.<init>(RemoteWebDriver.java:137)
	at org.openqa.selenium.remote.RemoteWebDriver.<init>(RemoteWebDriver.java:174)
	at all_operations.Browser_Config.RemoteLoadBrowser(Browser_Config.java:198)
	at all_operations.Base.RemoteDriver(Base.java:25)
Caused by: java.lang.IllegalStateException: The path to the driver executable must be set by the webdriver.gecko.driver system property; for more information, see https://github.com/mozilla/geckodriver. The latest version can be downloaded from https://github.com/mozilla/geckodriver/releases
	at com.google.common.base.Preconditions.checkState(Preconditions.java:738)
	at org.openqa.selenium.remote.service.DriverService.findExecutable(DriverService.java:124)
	at org.openqa.selenium.firefox.GeckoDriverService.access$100(GeckoDriverService.java:41)
	at org.openqa.selenium.firefox.GeckoDriverService$Builder.findDefaultExecutable(GeckoDriverService.java:115)
	at org.openqa.selenium.remote.service.DriverService$Builder.build(DriverService.java:330)
	at org.openqa.selenium.firefox.FirefoxDriver.toExecutor(FirefoxDriver.java:207)
	at org.openqa.selenium.firefox.FirefoxDriver.<init>(FirefoxDriver.java:108)
	at org.openqa.selenium.firefox.FirefoxDriver.<init>(FirefoxDriver.java:137)
	at org.openqa.selenium.remote.server.FirefoxDriverProvider.callConstructor(FirefoxDriverProvider.java:81)
	at org.openqa.selenium.remote.server.FirefoxDriverProvider.newInstance(FirefoxDriverProvider.java:63)
	at org.openqa.selenium.remote.server.DefaultDriverFactory.newInstance(DefaultDriverFactory.java:60)
	at org.openqa.selenium.remote.server.DefaultSession$BrowserCreator.call(DefaultSession.java:222)
	at org.openqa.selenium.remote.server.DefaultSession$BrowserCreator.call(DefaultSession.java:209)
	at java.util.concurrent.FutureTask.run(Unknown Source)
	at org.openqa.selenium.remote.server.DefaultSession$1.run(DefaultSession.java:176)
	at java.util.concurrent.ThreadPoolExecutor.runWorker(Unknown Source)
	at java.util.concurrent.ThreadPoolExecutor$Worker.run(Unknown Source)
	at java.lang.Thread.run(Unknown Source)
... Removed 31 stack frames]]>
    </failure>
  </testcase> <!-- @BeforeTest RemoteDriver -->
  <testcase name="@AfterTest close_driver" time="0.0" classname="all_operations.Base">
    <skipped/>
  </testcase> <!-- @AfterTest close_driver -->
  <testcase name="Test_Login_Admin" time="0.0" classname="test_cases.Login_Test">
    <skipped/>
  </testcase> <!-- Test_Login_Admin -->
  <testcase name="Test_Login_Admin" time="0.0" classname="test_cases.Login_Test">
    <skipped/>
  </testcase> <!-- Test_Login_Admin -->
  <testcase name="Test_Login_Admin" time="0.0" classname="test_cases.Login_Test">
    <skipped/>
  </testcase> <!-- Test_Login_Admin -->
  <testcase name="Test_Login_Admin" time="0.0" classname="test_cases.Login_Test">
    <skipped/>
  </testcase> <!-- Test_Login_Admin -->
  <testcase name="Test_Login_Admin" time="0.0" classname="test_cases.Login_Test">
    <skipped/>
  </testcase> <!-- Test_Login_Admin -->
  <testcase name="Test_Login_Admin" time="0.0" classname="test_cases.Login_Test">
    <skipped/>
  </testcase> <!-- Test_Login_Admin -->
  <testcase name="Test_Login_Admin" time="0.0" classname="test_cases.Login_Test">
    <skipped/>
  </testcase> <!-- Test_Login_Admin -->
  <testcase name="Test_Login_Admin" time="0.0" classname="test_cases.Login_Test">
    <skipped/>
  </testcase> <!-- Test_Login_Admin -->
  <testcase name="Test_Transport_AddMedium" time="0.0" classname="test_cases.Admin_Tests">
    <skipped/>
  </testcase> <!-- Test_Transport_AddMedium -->
  <testcase name="Test_Transport_AddMedium" time="0.0" classname="test_cases.Admin_Tests">
    <skipped/>
  </testcase> <!-- Test_Transport_AddMedium -->
  <testcase name="Test_Transport_AddMedium" time="0.0" classname="test_cases.Admin_Tests">
    <skipped/>
  </testcase> <!-- Test_Transport_AddMedium -->
  <testcase name="Test_Transport_AddMedium" time="0.0" classname="test_cases.Admin_Tests">
    <skipped/>
  </testcase> <!-- Test_Transport_AddMedium -->
  <testcase name="Test_Transport_AddMedium" time="0.0" classname="test_cases.Admin_Tests">
    <skipped/>
  </testcase> <!-- Test_Transport_AddMedium -->
  <testcase name="Test_Transport_AddMedium" time="0.0" classname="test_cases.Admin_Tests">
    <skipped/>
  </testcase> <!-- Test_Transport_AddMedium -->
  <testcase name="Test_Transport_AddMedium" time="0.0" classname="test_cases.Admin_Tests">
    <skipped/>
  </testcase> <!-- Test_Transport_AddMedium -->
  <testcase name="Test_Transport_AddMedium" time="0.0" classname="test_cases.Admin_Tests">
    <skipped/>
  </testcase> <!-- Test_Transport_AddMedium -->
  <testcase name="Test_Transport_AddMedium" time="0.001" classname="test_cases.Admin_Tests">
    <skipped/>
  </testcase> <!-- Test_Transport_AddMedium -->
  <testcase name="Test_Transport_AddMedium" time="0.0" classname="test_cases.Admin_Tests">
    <skipped/>
  </testcase> <!-- Test_Transport_AddMedium -->
  <testcase name="Test_LogOut" time="0.0" classname="test_cases.Logout_Test">
    <skipped/>
  </testcase> <!-- Test_LogOut -->
  <testcase name="Test_LogOut" time="0.0" classname="test_cases.Logout_Test">
    <skipped/>
  </testcase> <!-- Test_LogOut -->
  <testcase name="Test_LogOut" time="0.0" classname="test_cases.Logout_Test">
    <skipped/>
  </testcase> <!-- Test_LogOut -->
  <testcase name="Test_LogOut" time="0.0" classname="test_cases.Logout_Test">
    <skipped/>
  </testcase> <!-- Test_LogOut -->
  <testcase name="Test_Transport_DELMedium" time="0.0" classname="test_cases.Admin_Tests">
    <ignored/>
  </testcase> <!-- Test_Transport_DELMedium -->
  <testcase name="Test_Login" time="0.0" classname="test_cases.Login_Test">
    <ignored/>
  </testcase> <!-- Test_Login -->
</testsuite> <!-- Transport Tab ADD -->
