<?xml version="1.0" encoding="UTF-8"?>
<!-- Generated by org.testng.reporters.JUnitXMLReporter -->
<testsuite hostname="DESKTOP-HR6DLCF" ignored="1" name="Multi users Login attempts" tests="22" failures="2" timestamp="12 Aug 2017 22:52:22 GMT" time="25.382" errors="0">
  <testcase name="Test_Login" time="0.004" classname="test_cases.Login_Test"/>
  <testcase name="Test_Login" time="3.591" classname="test_cases.Login_Test"/>
  <testcase name="Test_Login" time="0.142" classname="test_cases.Login_Test"/>
  <testcase name="Test_Login" time="2.016" classname="test_cases.Login_Test"/>
  <testcase name="Test_Login" time="0.357" classname="test_cases.Login_Test"/>
  <testcase name="Test_Login" time="2.002" classname="test_cases.Login_Test"/>
  <testcase name="Test_Login" time="0.204" classname="test_cases.Login_Test"/>
  <testcase name="Test_Login" time="0.848" classname="test_cases.Login_Test"/>
  <testcase name="Test_Login" time="1.526" classname="test_cases.Login_Test">
    <failure type="java.lang.AssertionError" message="Invalid parameter:Assert match failed for https://fmlcb.shaalmi.pk/admin/dashboardand foundhttps://fmlcb.shaalmi.pk/login expected [https://fmlcb.shaalmi.pk/admin/dashboard] but found [https://fmlcb.shaalmi.pk/login]">
      <![CDATA[java.lang.AssertionError: Invalid parameter:Assert match failed for https://fmlcb.shaalmi.pk/admin/dashboardand foundhttps://fmlcb.shaalmi.pk/login expected [https://fmlcb.shaalmi.pk/admin/dashboard] but found [https://fmlcb.shaalmi.pk/login]
	at all_operations.General_Operations.Hybrid_Ops(General_Operations.java:80)
	at test_cases.Login_Test.Test_Login(Login_Test.java:23)
	at java.util.concurrent.FutureTask.run(FutureTask.java:266)
	at java.util.concurrent.ThreadPoolExecutor.runWorker(ThreadPoolExecutor.java:1149)
	at java.util.concurrent.ThreadPoolExecutor$Worker.run(ThreadPoolExecutor.java:624)
	at java.lang.Thread.run(Thread.java:748)
... Removed 21 stack frames]]>
    </failure>
  </testcase> <!-- Test_Login -->
  <testcase name="Test_Login" time="0.053" classname="test_cases.Login_Test"/>
  <testcase name="Test_Login" time="0.066" classname="test_cases.Login_Test"/>
  <testcase name="Test_Login" time="0.13" classname="test_cases.Login_Test"/>
  <testcase name="Test_Login" time="0.072" classname="test_cases.Login_Test"/>
  <testcase name="Test_Login" time="2.018" classname="test_cases.Login_Test"/>
  <testcase name="Test_Login" time="0.579" classname="test_cases.Login_Test"/>
  <testcase name="Test_Login" time="1.538" classname="test_cases.Login_Test">
    <failure type="java.lang.AssertionError" message="Invalid parameter:Assert match failed for https://fmlcb.shaalmi.pk/admin/dashboardand foundhttps://fmlcb.shaalmi.pk/login expected [https://fmlcb.shaalmi.pk/admin/dashboard] but found [https://fmlcb.shaalmi.pk/login]">
      <![CDATA[java.lang.AssertionError: Invalid parameter:Assert match failed for https://fmlcb.shaalmi.pk/admin/dashboardand foundhttps://fmlcb.shaalmi.pk/login expected [https://fmlcb.shaalmi.pk/admin/dashboard] but found [https://fmlcb.shaalmi.pk/login]
	at all_operations.General_Operations.Hybrid_Ops(General_Operations.java:80)
	at test_cases.Login_Test.Test_Login(Login_Test.java:23)
	at java.util.concurrent.FutureTask.run(FutureTask.java:266)
	at java.util.concurrent.ThreadPoolExecutor.runWorker(ThreadPoolExecutor.java:1149)
	at java.util.concurrent.ThreadPoolExecutor$Worker.run(ThreadPoolExecutor.java:624)
	at java.lang.Thread.run(Thread.java:748)
... Removed 21 stack frames]]>
    </failure>
  </testcase> <!-- Test_Login -->
  <testcase name="Test_Login" time="0.094" classname="test_cases.Login_Test"/>
  <testcase name="Test_Login" time="0.041" classname="test_cases.Login_Test"/>
  <testcase name="Test_Login" time="0.16" classname="test_cases.Login_Test"/>
  <testcase name="Test_Login" time="0.091" classname="test_cases.Login_Test"/>
  <testcase name="Test_Login" time="1.219" classname="test_cases.Login_Test"/>
  <testcase name="Test_Login" time="1.546" classname="test_cases.Login_Test"/>
  <testcase name="Test_Login_Admin" time="0.0" classname="test_cases.Login_Test">
    <ignored/>
  </testcase> <!-- Test_Login_Admin -->
</testsuite> <!-- Multi users Login attempts -->
