<?xml version="1.0" encoding="UTF-8"?>
<!-- Generated by org.testng.reporters.JUnitXMLReporter -->
<testsuite hostname="DESKTOP-HR6DLCF" ignored="1" name="TC-01,TC-02 / Super Login" tests="12" failures="0" timestamp="16 Aug 2017 05:03:35 GMT" time="0.87" errors="0">
  <testcase name="@BeforeTest browser_init" time="0.069" classname="all_operations.Base">
    <failure type="java.lang.IllegalStateException" message="The driver executable does not exist: C:\eclipse\GIT_Repo\shalmi2\path">
      <![CDATA[java.lang.IllegalStateException: The driver executable does not exist: C:\eclipse\GIT_Repo\shalmi2\path
	at com.google.common.base.Preconditions.checkState(Preconditions.java:518)
	at org.openqa.selenium.remote.service.DriverService.checkExecutable(DriverService.java:136)
	at org.openqa.selenium.remote.service.DriverService.findExecutable(DriverService.java:131)
	at org.openqa.selenium.chrome.ChromeDriverService.access$000(ChromeDriverService.java:32)
	at org.openqa.selenium.chrome.ChromeDriverService$Builder.findDefaultExecutable(ChromeDriverService.java:137)
	at org.openqa.selenium.remote.service.DriverService$Builder.build(DriverService.java:330)
	at org.openqa.selenium.chrome.ChromeDriverService.createDefaultService(ChromeDriverService.java:88)
	at org.openqa.selenium.chrome.ChromeDriver.<init>(ChromeDriver.java:124)
	at all_operations.Browser_Config.LoadBrowser(Browser_Config.java:41)
	at all_operations.Base.browser_init(Base.java:16)
	at java.util.concurrent.FutureTask.run(FutureTask.java:266)
	at java.util.concurrent.ThreadPoolExecutor.runWorker(ThreadPoolExecutor.java:1149)
	at java.util.concurrent.ThreadPoolExecutor$Worker.run(ThreadPoolExecutor.java:624)
	at java.lang.Thread.run(Thread.java:748)
... Removed 14 stack frames]]>
    </failure>
  </testcase> <!-- @BeforeTest browser_init -->
  <testcase name="@BeforeTest browser_init" time="0.169" classname="all_operations.Base">
    <failure type="java.lang.IllegalStateException" message="The path to the driver executable must be set by the webdriver.gecko.driver system property; for more information, see https://github.com/mozilla/geckodriver. The latest version can be downloaded from https://github.com/mozilla/geckodriver/releases">
      <![CDATA[java.lang.IllegalStateException: The path to the driver executable must be set by the webdriver.gecko.driver system property; for more information, see https://github.com/mozilla/geckodriver. The latest version can be downloaded from https://github.com/mozilla/geckodriver/releases
	at com.google.common.base.Preconditions.checkState(Preconditions.java:738)
	at org.openqa.selenium.remote.service.DriverService.findExecutable(DriverService.java:124)
	at org.openqa.selenium.firefox.GeckoDriverService.access$100(GeckoDriverService.java:41)
	at org.openqa.selenium.firefox.GeckoDriverService$Builder.findDefaultExecutable(GeckoDriverService.java:115)
	at org.openqa.selenium.remote.service.DriverService$Builder.build(DriverService.java:330)
	at org.openqa.selenium.firefox.FirefoxDriver.toExecutor(FirefoxDriver.java:207)
	at org.openqa.selenium.firefox.FirefoxDriver.<init>(FirefoxDriver.java:108)
	at org.openqa.selenium.firefox.FirefoxDriver.<init>(FirefoxDriver.java:104)
	at all_operations.Browser_Config.LoadBrowser(Browser_Config.java:58)
	at all_operations.Base.browser_init(Base.java:16)
	at java.util.concurrent.FutureTask.run(FutureTask.java:266)
	at java.util.concurrent.ThreadPoolExecutor.runWorker(ThreadPoolExecutor.java:1149)
	at java.util.concurrent.ThreadPoolExecutor$Worker.run(ThreadPoolExecutor.java:624)
	at java.lang.Thread.run(Thread.java:748)
... Removed 14 stack frames]]>
    </failure>
  </testcase> <!-- @BeforeTest browser_init -->
  <testcase name="@AfterTest close_driver" time="0.0" classname="all_operations.Base">
    <skipped/>
  </testcase> <!-- @AfterTest close_driver -->
  <testcase name="Test_Login_Admin" time="0.0" classname="test_cases.Login_Test">
    <skipped/>
  </testcase> <!-- Test_Login_Admin -->
  <testcase name="Test_Login_Admin" time="0.0" classname="test_cases.Login_Test">
    <skipped/>
  </testcase> <!-- Test_Login_Admin -->
  <testcase name="Test_Login_Admin" time="0.0" classname="test_cases.Login_Test">
    <skipped/>
  </testcase> <!-- Test_Login_Admin -->
  <testcase name="Test_Login_Admin" time="0.0" classname="test_cases.Login_Test">
    <skipped/>
  </testcase> <!-- Test_Login_Admin -->
  <testcase name="Test_Login_Admin" time="0.0" classname="test_cases.Login_Test">
    <skipped/>
  </testcase> <!-- Test_Login_Admin -->
  <testcase name="Test_Login_Admin" time="0.0" classname="test_cases.Login_Test">
    <skipped/>
  </testcase> <!-- Test_Login_Admin -->
  <testcase name="Test_Login_Admin" time="0.0" classname="test_cases.Login_Test">
    <skipped/>
  </testcase> <!-- Test_Login_Admin -->
  <testcase name="Test_Login_Admin" time="0.0" classname="test_cases.Login_Test">
    <skipped/>
  </testcase> <!-- Test_Login_Admin -->
  <testcase name="Test_LogOut" time="0.0" classname="test_cases.Logout_Test">
    <skipped/>
  </testcase> <!-- Test_LogOut -->
  <testcase name="Test_LogOut" time="0.0" classname="test_cases.Logout_Test">
    <skipped/>
  </testcase> <!-- Test_LogOut -->
  <testcase name="Test_LogOut" time="0.0" classname="test_cases.Logout_Test">
    <skipped/>
  </testcase> <!-- Test_LogOut -->
  <testcase name="Test_LogOut" time="0.0" classname="test_cases.Logout_Test">
    <skipped/>
  </testcase> <!-- Test_LogOut -->
  <testcase name="Test_Login" time="0.0" classname="test_cases.Login_Test">
    <ignored/>
  </testcase> <!-- Test_Login -->
</testsuite> <!-- TC-01,TC-02 / Super Login -->
