<?xml version="1.0" encoding="UTF-8"?>
<!-- Generated by org.testng.reporters.JUnitXMLReporter -->
<testsuite hostname="DESKTOP-HR6DLCF" ignored="1" name="TC-01,TC-02 / Super Login" tests="11" failures="7" timestamp="06 Aug 2017 05:22:30 GMT" time="12.535" errors="0">
  <testcase name="LoadBrowser" time="0.012" classname="all_operations.Browser_Config"/>
  <testcase name="LoadBrowser" time="11.401" classname="all_operations.Browser_Config">
    <failure type="org.openqa.selenium.WebDriverException" message="Failed to find width field
Build info: version: &amp;apos;3.4.0&amp;apos;, revision: &amp;apos;unknown&amp;apos;, time: &amp;apos;unknown&amp;apos;
System info: host: &amp;apos;DESKTOP-HR6DLCF&amp;apos;, ip: &amp;apos;192.168.1.192&amp;apos;, os.name: &amp;apos;Windows 10&amp;apos;, os.arch: &amp;apos;amd64&amp;apos;, os.version: &amp;apos;10.0&amp;apos;, java.version: &amp;apos;1.8.0_144&amp;apos;
Driver info: org.openqa.selenium.firefox.FirefoxDriver
Capabilities [{moz:profile=C:\Users\write\AppData\Local\Temp\rust_mozprofile.MUL4ErTP087M, rotatable=false, timeouts={implicit=0.0, pageLoad=300000.0, script=30000.0}, pageLoadStrategy=normal, platform=ANY, specificationLevel=0.0, moz:accessibilityChecks=false, acceptInsecureCerts=false, browserVersion=54.0.1, platformVersion=10.0, moz:processID=19024.0, browserName=firefox, javascriptEnabled=true, platformName=windows_nt}]
Session ID: 8f5baccf-5f0f-43d1-9573-60bb8e2facee">
      <![CDATA[org.openqa.selenium.WebDriverException: Failed to find width field
Build info: version: '3.4.0', revision: 'unknown', time: 'unknown'
System info: host: 'DESKTOP-HR6DLCF', ip: '192.168.1.192', os.name: 'Windows 10', os.arch: 'amd64', os.version: '10.0', java.version: '1.8.0_144'
Driver info: org.openqa.selenium.firefox.FirefoxDriver
Capabilities [{moz:profile=C:\Users\write\AppData\Local\Temp\rust_mozprofile.MUL4ErTP087M, rotatable=false, timeouts={implicit=0.0, pageLoad=300000.0, script=30000.0}, pageLoadStrategy=normal, platform=ANY, specificationLevel=0.0, moz:accessibilityChecks=false, acceptInsecureCerts=false, browserVersion=54.0.1, platformVersion=10.0, moz:processID=19024.0, browserName=firefox, javascriptEnabled=true, platformName=windows_nt}]
Session ID: 8f5baccf-5f0f-43d1-9573-60bb8e2facee
	at org.openqa.selenium.remote.http.W3CHttpResponseCodec.createException(W3CHttpResponseCodec.java:150)
	at org.openqa.selenium.remote.http.W3CHttpResponseCodec.decode(W3CHttpResponseCodec.java:115)
	at org.openqa.selenium.remote.http.W3CHttpResponseCodec.decode(W3CHttpResponseCodec.java:45)
	at org.openqa.selenium.remote.HttpCommandExecutor.execute(HttpCommandExecutor.java:164)
	at org.openqa.selenium.remote.service.DriverCommandExecutor.execute(DriverCommandExecutor.java:82)
	at org.openqa.selenium.remote.RemoteWebDriver.execute(RemoteWebDriver.java:637)
	at org.openqa.selenium.remote.RemoteWebDriver.execute(RemoteWebDriver.java:694)
	at org.openqa.selenium.remote.RemoteWebDriver$RemoteWebDriverOptions$RemoteWindow.maximize(RemoteWebDriver.java:925)
	at all_operations.Browser_Config.LoadBrowser(Browser_Config.java:91)
... Removed 29 stack frames]]>
    </failure>
  </testcase> <!-- LoadBrowser -->
  <testcase name="Test_Login_Admin" time="0.005" classname="test_cases.Login_Test"/>
  <testcase name="Test_Login_Admin" time="0.02" classname="test_cases.Login_Test">
    <failure type="org.openqa.selenium.NoSuchElementException" message="Unable to locate element: .fa.fa-lock
For documentation on this error, please visit: http://seleniumhq.org/exceptions/no_such_element.html
Build info: version: &amp;apos;3.4.0&amp;apos;, revision: &amp;apos;unknown&amp;apos;, time: &amp;apos;unknown&amp;apos;
System info: host: &amp;apos;DESKTOP-HR6DLCF&amp;apos;, ip: &amp;apos;192.168.1.192&amp;apos;, os.name: &amp;apos;Windows 10&amp;apos;, os.arch: &amp;apos;amd64&amp;apos;, os.version: &amp;apos;10.0&amp;apos;, java.version: &amp;apos;1.8.0_144&amp;apos;
Driver info: org.openqa.selenium.firefox.FirefoxDriver
Capabilities [{moz:profile=C:\Users\write\AppData\Local\Temp\rust_mozprofile.MUL4ErTP087M, rotatable=false, timeouts={implicit=0.0, pageLoad=300000.0, script=30000.0}, pageLoadStrategy=normal, platform=ANY, specificationLevel=0.0, moz:accessibilityChecks=false, acceptInsecureCerts=false, browserVersion=54.0.1, platformVersion=10.0, moz:processID=19024.0, browserName=firefox, javascriptEnabled=true, platformName=windows_nt}]
Session ID: 8f5baccf-5f0f-43d1-9573-60bb8e2facee
*** Element info: {Using=css selector, value=.fa.fa-lock}">
      <![CDATA[org.openqa.selenium.NoSuchElementException: Unable to locate element: .fa.fa-lock
For documentation on this error, please visit: http://seleniumhq.org/exceptions/no_such_element.html
Build info: version: '3.4.0', revision: 'unknown', time: 'unknown'
System info: host: 'DESKTOP-HR6DLCF', ip: '192.168.1.192', os.name: 'Windows 10', os.arch: 'amd64', os.version: '10.0', java.version: '1.8.0_144'
Driver info: org.openqa.selenium.firefox.FirefoxDriver
Capabilities [{moz:profile=C:\Users\write\AppData\Local\Temp\rust_mozprofile.MUL4ErTP087M, rotatable=false, timeouts={implicit=0.0, pageLoad=300000.0, script=30000.0}, pageLoadStrategy=normal, platform=ANY, specificationLevel=0.0, moz:accessibilityChecks=false, acceptInsecureCerts=false, browserVersion=54.0.1, platformVersion=10.0, moz:processID=19024.0, browserName=firefox, javascriptEnabled=true, platformName=windows_nt}]
Session ID: 8f5baccf-5f0f-43d1-9573-60bb8e2facee
*** Element info: {Using=css selector, value=.fa.fa-lock}
	at org.openqa.selenium.remote.http.W3CHttpResponseCodec.createException(W3CHttpResponseCodec.java:150)
	at org.openqa.selenium.remote.http.W3CHttpResponseCodec.decode(W3CHttpResponseCodec.java:115)
	at org.openqa.selenium.remote.http.W3CHttpResponseCodec.decode(W3CHttpResponseCodec.java:45)
	at org.openqa.selenium.remote.HttpCommandExecutor.execute(HttpCommandExecutor.java:164)
	at org.openqa.selenium.remote.service.DriverCommandExecutor.execute(DriverCommandExecutor.java:82)
	at org.openqa.selenium.remote.RemoteWebDriver.execute(RemoteWebDriver.java:637)
	at org.openqa.selenium.remote.RemoteWebDriver.findElement(RemoteWebDriver.java:410)
	at org.openqa.selenium.remote.RemoteWebDriver.findElementByCssSelector(RemoteWebDriver.java:501)
	at org.openqa.selenium.By$ByCssSelector.findElement(By.java:430)
	at org.openqa.selenium.remote.RemoteWebDriver.findElement(RemoteWebDriver.java:402)
	at all_operations.General_Operations.Hybrid_Ops(General_Operations.java:75)
	at test_cases.Login_Test.Test_Login_Admin(Login_Test.java:16)
... Removed 29 stack frames]]>
    </failure>
  </testcase> <!-- Test_Login_Admin -->
  <testcase name="Test_Login_Admin" time="0.017" classname="test_cases.Login_Test">
    <failure type="org.openqa.selenium.NoSuchElementException" message="Unable to locate element: input[class=&amp;apos;form-control&amp;apos;][name=&amp;apos;email&amp;apos;]
For documentation on this error, please visit: http://seleniumhq.org/exceptions/no_such_element.html
Build info: version: &amp;apos;3.4.0&amp;apos;, revision: &amp;apos;unknown&amp;apos;, time: &amp;apos;unknown&amp;apos;
System info: host: &amp;apos;DESKTOP-HR6DLCF&amp;apos;, ip: &amp;apos;192.168.1.192&amp;apos;, os.name: &amp;apos;Windows 10&amp;apos;, os.arch: &amp;apos;amd64&amp;apos;, os.version: &amp;apos;10.0&amp;apos;, java.version: &amp;apos;1.8.0_144&amp;apos;
Driver info: org.openqa.selenium.firefox.FirefoxDriver
Capabilities [{moz:profile=C:\Users\write\AppData\Local\Temp\rust_mozprofile.MUL4ErTP087M, rotatable=false, timeouts={implicit=0.0, pageLoad=300000.0, script=30000.0}, pageLoadStrategy=normal, platform=ANY, specificationLevel=0.0, moz:accessibilityChecks=false, acceptInsecureCerts=false, browserVersion=54.0.1, platformVersion=10.0, moz:processID=19024.0, browserName=firefox, javascriptEnabled=true, platformName=windows_nt}]
Session ID: 8f5baccf-5f0f-43d1-9573-60bb8e2facee
*** Element info: {Using=css selector, value=input[class=&amp;apos;form-control&amp;apos;][name=&amp;apos;email&amp;apos;]}">
      <![CDATA[org.openqa.selenium.NoSuchElementException: Unable to locate element: input[class='form-control'][name='email']
For documentation on this error, please visit: http://seleniumhq.org/exceptions/no_such_element.html
Build info: version: '3.4.0', revision: 'unknown', time: 'unknown'
System info: host: 'DESKTOP-HR6DLCF', ip: '192.168.1.192', os.name: 'Windows 10', os.arch: 'amd64', os.version: '10.0', java.version: '1.8.0_144'
Driver info: org.openqa.selenium.firefox.FirefoxDriver
Capabilities [{moz:profile=C:\Users\write\AppData\Local\Temp\rust_mozprofile.MUL4ErTP087M, rotatable=false, timeouts={implicit=0.0, pageLoad=300000.0, script=30000.0}, pageLoadStrategy=normal, platform=ANY, specificationLevel=0.0, moz:accessibilityChecks=false, acceptInsecureCerts=false, browserVersion=54.0.1, platformVersion=10.0, moz:processID=19024.0, browserName=firefox, javascriptEnabled=true, platformName=windows_nt}]
Session ID: 8f5baccf-5f0f-43d1-9573-60bb8e2facee
*** Element info: {Using=css selector, value=input[class='form-control'][name='email']}
	at org.openqa.selenium.remote.http.W3CHttpResponseCodec.createException(W3CHttpResponseCodec.java:150)
	at org.openqa.selenium.remote.http.W3CHttpResponseCodec.decode(W3CHttpResponseCodec.java:115)
	at org.openqa.selenium.remote.http.W3CHttpResponseCodec.decode(W3CHttpResponseCodec.java:45)
	at org.openqa.selenium.remote.HttpCommandExecutor.execute(HttpCommandExecutor.java:164)
	at org.openqa.selenium.remote.service.DriverCommandExecutor.execute(DriverCommandExecutor.java:82)
	at org.openqa.selenium.remote.RemoteWebDriver.execute(RemoteWebDriver.java:637)
	at org.openqa.selenium.remote.RemoteWebDriver.findElement(RemoteWebDriver.java:410)
	at org.openqa.selenium.remote.RemoteWebDriver.findElementByCssSelector(RemoteWebDriver.java:501)
	at org.openqa.selenium.By$ByCssSelector.findElement(By.java:430)
	at org.openqa.selenium.remote.RemoteWebDriver.findElement(RemoteWebDriver.java:402)
	at all_operations.General_Operations.Hybrid_Ops(General_Operations.java:22)
	at test_cases.Login_Test.Test_Login_Admin(Login_Test.java:16)
... Removed 29 stack frames]]>
    </failure>
  </testcase> <!-- Test_Login_Admin -->
  <testcase name="Test_Login_Admin" time="0.012" classname="test_cases.Login_Test">
    <failure type="org.openqa.selenium.NoSuchElementException" message="Unable to locate element: input[class=&amp;apos;form-control&amp;apos;][name=&amp;apos;password&amp;apos;]
For documentation on this error, please visit: http://seleniumhq.org/exceptions/no_such_element.html
Build info: version: &amp;apos;3.4.0&amp;apos;, revision: &amp;apos;unknown&amp;apos;, time: &amp;apos;unknown&amp;apos;
System info: host: &amp;apos;DESKTOP-HR6DLCF&amp;apos;, ip: &amp;apos;192.168.1.192&amp;apos;, os.name: &amp;apos;Windows 10&amp;apos;, os.arch: &amp;apos;amd64&amp;apos;, os.version: &amp;apos;10.0&amp;apos;, java.version: &amp;apos;1.8.0_144&amp;apos;
Driver info: org.openqa.selenium.firefox.FirefoxDriver
Capabilities [{moz:profile=C:\Users\write\AppData\Local\Temp\rust_mozprofile.MUL4ErTP087M, rotatable=false, timeouts={implicit=0.0, pageLoad=300000.0, script=30000.0}, pageLoadStrategy=normal, platform=ANY, specificationLevel=0.0, moz:accessibilityChecks=false, acceptInsecureCerts=false, browserVersion=54.0.1, platformVersion=10.0, moz:processID=19024.0, browserName=firefox, javascriptEnabled=true, platformName=windows_nt}]
Session ID: 8f5baccf-5f0f-43d1-9573-60bb8e2facee
*** Element info: {Using=css selector, value=input[class=&amp;apos;form-control&amp;apos;][name=&amp;apos;password&amp;apos;]}">
      <![CDATA[org.openqa.selenium.NoSuchElementException: Unable to locate element: input[class='form-control'][name='password']
For documentation on this error, please visit: http://seleniumhq.org/exceptions/no_such_element.html
Build info: version: '3.4.0', revision: 'unknown', time: 'unknown'
System info: host: 'DESKTOP-HR6DLCF', ip: '192.168.1.192', os.name: 'Windows 10', os.arch: 'amd64', os.version: '10.0', java.version: '1.8.0_144'
Driver info: org.openqa.selenium.firefox.FirefoxDriver
Capabilities [{moz:profile=C:\Users\write\AppData\Local\Temp\rust_mozprofile.MUL4ErTP087M, rotatable=false, timeouts={implicit=0.0, pageLoad=300000.0, script=30000.0}, pageLoadStrategy=normal, platform=ANY, specificationLevel=0.0, moz:accessibilityChecks=false, acceptInsecureCerts=false, browserVersion=54.0.1, platformVersion=10.0, moz:processID=19024.0, browserName=firefox, javascriptEnabled=true, platformName=windows_nt}]
Session ID: 8f5baccf-5f0f-43d1-9573-60bb8e2facee
*** Element info: {Using=css selector, value=input[class='form-control'][name='password']}
	at org.openqa.selenium.remote.http.W3CHttpResponseCodec.createException(W3CHttpResponseCodec.java:150)
	at org.openqa.selenium.remote.http.W3CHttpResponseCodec.decode(W3CHttpResponseCodec.java:115)
	at org.openqa.selenium.remote.http.W3CHttpResponseCodec.decode(W3CHttpResponseCodec.java:45)
	at org.openqa.selenium.remote.HttpCommandExecutor.execute(HttpCommandExecutor.java:164)
	at org.openqa.selenium.remote.service.DriverCommandExecutor.execute(DriverCommandExecutor.java:82)
	at org.openqa.selenium.remote.RemoteWebDriver.execute(RemoteWebDriver.java:637)
	at org.openqa.selenium.remote.RemoteWebDriver.findElement(RemoteWebDriver.java:410)
	at org.openqa.selenium.remote.RemoteWebDriver.findElementByCssSelector(RemoteWebDriver.java:501)
	at org.openqa.selenium.By$ByCssSelector.findElement(By.java:430)
	at org.openqa.selenium.remote.RemoteWebDriver.findElement(RemoteWebDriver.java:402)
	at all_operations.General_Operations.Hybrid_Ops(General_Operations.java:22)
	at test_cases.Login_Test.Test_Login_Admin(Login_Test.java:16)
... Removed 29 stack frames]]>
    </failure>
  </testcase> <!-- Test_Login_Admin -->
  <testcase name="Test_Login_Admin" time="0.014" classname="test_cases.Login_Test">
    <failure type="org.openqa.selenium.NoSuchElementException" message="Unable to locate element: .btn.btn-login
For documentation on this error, please visit: http://seleniumhq.org/exceptions/no_such_element.html
Build info: version: &amp;apos;3.4.0&amp;apos;, revision: &amp;apos;unknown&amp;apos;, time: &amp;apos;unknown&amp;apos;
System info: host: &amp;apos;DESKTOP-HR6DLCF&amp;apos;, ip: &amp;apos;192.168.1.192&amp;apos;, os.name: &amp;apos;Windows 10&amp;apos;, os.arch: &amp;apos;amd64&amp;apos;, os.version: &amp;apos;10.0&amp;apos;, java.version: &amp;apos;1.8.0_144&amp;apos;
Driver info: org.openqa.selenium.firefox.FirefoxDriver
Capabilities [{moz:profile=C:\Users\write\AppData\Local\Temp\rust_mozprofile.MUL4ErTP087M, rotatable=false, timeouts={implicit=0.0, pageLoad=300000.0, script=30000.0}, pageLoadStrategy=normal, platform=ANY, specificationLevel=0.0, moz:accessibilityChecks=false, acceptInsecureCerts=false, browserVersion=54.0.1, platformVersion=10.0, moz:processID=19024.0, browserName=firefox, javascriptEnabled=true, platformName=windows_nt}]
Session ID: 8f5baccf-5f0f-43d1-9573-60bb8e2facee
*** Element info: {Using=css selector, value=.btn.btn-login}">
      <![CDATA[org.openqa.selenium.NoSuchElementException: Unable to locate element: .btn.btn-login
For documentation on this error, please visit: http://seleniumhq.org/exceptions/no_such_element.html
Build info: version: '3.4.0', revision: 'unknown', time: 'unknown'
System info: host: 'DESKTOP-HR6DLCF', ip: '192.168.1.192', os.name: 'Windows 10', os.arch: 'amd64', os.version: '10.0', java.version: '1.8.0_144'
Driver info: org.openqa.selenium.firefox.FirefoxDriver
Capabilities [{moz:profile=C:\Users\write\AppData\Local\Temp\rust_mozprofile.MUL4ErTP087M, rotatable=false, timeouts={implicit=0.0, pageLoad=300000.0, script=30000.0}, pageLoadStrategy=normal, platform=ANY, specificationLevel=0.0, moz:accessibilityChecks=false, acceptInsecureCerts=false, browserVersion=54.0.1, platformVersion=10.0, moz:processID=19024.0, browserName=firefox, javascriptEnabled=true, platformName=windows_nt}]
Session ID: 8f5baccf-5f0f-43d1-9573-60bb8e2facee
*** Element info: {Using=css selector, value=.btn.btn-login}
	at org.openqa.selenium.remote.http.W3CHttpResponseCodec.createException(W3CHttpResponseCodec.java:150)
	at org.openqa.selenium.remote.http.W3CHttpResponseCodec.decode(W3CHttpResponseCodec.java:115)
	at org.openqa.selenium.remote.http.W3CHttpResponseCodec.decode(W3CHttpResponseCodec.java:45)
	at org.openqa.selenium.remote.HttpCommandExecutor.execute(HttpCommandExecutor.java:164)
	at org.openqa.selenium.remote.service.DriverCommandExecutor.execute(DriverCommandExecutor.java:82)
	at org.openqa.selenium.remote.RemoteWebDriver.execute(RemoteWebDriver.java:637)
	at org.openqa.selenium.remote.RemoteWebDriver.findElement(RemoteWebDriver.java:410)
	at org.openqa.selenium.remote.RemoteWebDriver.findElementByCssSelector(RemoteWebDriver.java:501)
	at org.openqa.selenium.By$ByCssSelector.findElement(By.java:430)
	at org.openqa.selenium.remote.RemoteWebDriver.findElement(RemoteWebDriver.java:402)
	at all_operations.General_Operations.Hybrid_Ops(General_Operations.java:35)
	at test_cases.Login_Test.Test_Login_Admin(Login_Test.java:16)
... Removed 29 stack frames]]>
    </failure>
  </testcase> <!-- Test_Login_Admin -->
  <testcase name="Test_Login_Admin" time="0.001" classname="test_cases.Login_Test"/>
  <testcase name="Test_LogOut" time="0.001" classname="test_cases.Logout_Test"/>
  <testcase name="Test_LogOut" time="0.021" classname="test_cases.Logout_Test">
    <failure type="org.openqa.selenium.NoSuchElementException" message="Unable to locate element: .user-profile.dropdown-toggle.top_nav_btn
For documentation on this error, please visit: http://seleniumhq.org/exceptions/no_such_element.html
Build info: version: &amp;apos;3.4.0&amp;apos;, revision: &amp;apos;unknown&amp;apos;, time: &amp;apos;unknown&amp;apos;
System info: host: &amp;apos;DESKTOP-HR6DLCF&amp;apos;, ip: &amp;apos;192.168.1.192&amp;apos;, os.name: &amp;apos;Windows 10&amp;apos;, os.arch: &amp;apos;amd64&amp;apos;, os.version: &amp;apos;10.0&amp;apos;, java.version: &amp;apos;1.8.0_144&amp;apos;
Driver info: org.openqa.selenium.firefox.FirefoxDriver
Capabilities [{moz:profile=C:\Users\write\AppData\Local\Temp\rust_mozprofile.MUL4ErTP087M, rotatable=false, timeouts={implicit=0.0, pageLoad=300000.0, script=30000.0}, pageLoadStrategy=normal, platform=ANY, specificationLevel=0.0, moz:accessibilityChecks=false, acceptInsecureCerts=false, browserVersion=54.0.1, platformVersion=10.0, moz:processID=19024.0, browserName=firefox, javascriptEnabled=true, platformName=windows_nt}]
Session ID: 8f5baccf-5f0f-43d1-9573-60bb8e2facee
*** Element info: {Using=css selector, value=.user-profile.dropdown-toggle.top_nav_btn}">
      <![CDATA[org.openqa.selenium.NoSuchElementException: Unable to locate element: .user-profile.dropdown-toggle.top_nav_btn
For documentation on this error, please visit: http://seleniumhq.org/exceptions/no_such_element.html
Build info: version: '3.4.0', revision: 'unknown', time: 'unknown'
System info: host: 'DESKTOP-HR6DLCF', ip: '192.168.1.192', os.name: 'Windows 10', os.arch: 'amd64', os.version: '10.0', java.version: '1.8.0_144'
Driver info: org.openqa.selenium.firefox.FirefoxDriver
Capabilities [{moz:profile=C:\Users\write\AppData\Local\Temp\rust_mozprofile.MUL4ErTP087M, rotatable=false, timeouts={implicit=0.0, pageLoad=300000.0, script=30000.0}, pageLoadStrategy=normal, platform=ANY, specificationLevel=0.0, moz:accessibilityChecks=false, acceptInsecureCerts=false, browserVersion=54.0.1, platformVersion=10.0, moz:processID=19024.0, browserName=firefox, javascriptEnabled=true, platformName=windows_nt}]
Session ID: 8f5baccf-5f0f-43d1-9573-60bb8e2facee
*** Element info: {Using=css selector, value=.user-profile.dropdown-toggle.top_nav_btn}
	at org.openqa.selenium.remote.http.W3CHttpResponseCodec.createException(W3CHttpResponseCodec.java:150)
	at org.openqa.selenium.remote.http.W3CHttpResponseCodec.decode(W3CHttpResponseCodec.java:115)
	at org.openqa.selenium.remote.http.W3CHttpResponseCodec.decode(W3CHttpResponseCodec.java:45)
	at org.openqa.selenium.remote.HttpCommandExecutor.execute(HttpCommandExecutor.java:164)
	at org.openqa.selenium.remote.service.DriverCommandExecutor.execute(DriverCommandExecutor.java:82)
	at org.openqa.selenium.remote.RemoteWebDriver.execute(RemoteWebDriver.java:637)
	at org.openqa.selenium.remote.RemoteWebDriver.findElement(RemoteWebDriver.java:410)
	at org.openqa.selenium.remote.RemoteWebDriver.findElementByCssSelector(RemoteWebDriver.java:501)
	at org.openqa.selenium.By$ByCssSelector.findElement(By.java:430)
	at org.openqa.selenium.remote.RemoteWebDriver.findElement(RemoteWebDriver.java:402)
	at all_operations.General_Operations.Hybrid_Ops(General_Operations.java:35)
	at test_cases.Logout_Test.Test_LogOut(Logout_Test.java:14)
... Removed 29 stack frames]]>
    </failure>
  </testcase> <!-- Test_LogOut -->
  <testcase name="Test_LogOut" time="0.011" classname="test_cases.Logout_Test">
    <failure type="org.openqa.selenium.NoSuchElementException" message="Unable to locate element: .fa.fa-sign-out.pull-right
For documentation on this error, please visit: http://seleniumhq.org/exceptions/no_such_element.html
Build info: version: &amp;apos;3.4.0&amp;apos;, revision: &amp;apos;unknown&amp;apos;, time: &amp;apos;unknown&amp;apos;
System info: host: &amp;apos;DESKTOP-HR6DLCF&amp;apos;, ip: &amp;apos;192.168.1.192&amp;apos;, os.name: &amp;apos;Windows 10&amp;apos;, os.arch: &amp;apos;amd64&amp;apos;, os.version: &amp;apos;10.0&amp;apos;, java.version: &amp;apos;1.8.0_144&amp;apos;
Driver info: org.openqa.selenium.firefox.FirefoxDriver
Capabilities [{moz:profile=C:\Users\write\AppData\Local\Temp\rust_mozprofile.MUL4ErTP087M, rotatable=false, timeouts={implicit=0.0, pageLoad=300000.0, script=30000.0}, pageLoadStrategy=normal, platform=ANY, specificationLevel=0.0, moz:accessibilityChecks=false, acceptInsecureCerts=false, browserVersion=54.0.1, platformVersion=10.0, moz:processID=19024.0, browserName=firefox, javascriptEnabled=true, platformName=windows_nt}]
Session ID: 8f5baccf-5f0f-43d1-9573-60bb8e2facee
*** Element info: {Using=css selector, value=.fa.fa-sign-out.pull-right}">
      <![CDATA[org.openqa.selenium.NoSuchElementException: Unable to locate element: .fa.fa-sign-out.pull-right
For documentation on this error, please visit: http://seleniumhq.org/exceptions/no_such_element.html
Build info: version: '3.4.0', revision: 'unknown', time: 'unknown'
System info: host: 'DESKTOP-HR6DLCF', ip: '192.168.1.192', os.name: 'Windows 10', os.arch: 'amd64', os.version: '10.0', java.version: '1.8.0_144'
Driver info: org.openqa.selenium.firefox.FirefoxDriver
Capabilities [{moz:profile=C:\Users\write\AppData\Local\Temp\rust_mozprofile.MUL4ErTP087M, rotatable=false, timeouts={implicit=0.0, pageLoad=300000.0, script=30000.0}, pageLoadStrategy=normal, platform=ANY, specificationLevel=0.0, moz:accessibilityChecks=false, acceptInsecureCerts=false, browserVersion=54.0.1, platformVersion=10.0, moz:processID=19024.0, browserName=firefox, javascriptEnabled=true, platformName=windows_nt}]
Session ID: 8f5baccf-5f0f-43d1-9573-60bb8e2facee
*** Element info: {Using=css selector, value=.fa.fa-sign-out.pull-right}
	at org.openqa.selenium.remote.http.W3CHttpResponseCodec.createException(W3CHttpResponseCodec.java:150)
	at org.openqa.selenium.remote.http.W3CHttpResponseCodec.decode(W3CHttpResponseCodec.java:115)
	at org.openqa.selenium.remote.http.W3CHttpResponseCodec.decode(W3CHttpResponseCodec.java:45)
	at org.openqa.selenium.remote.HttpCommandExecutor.execute(HttpCommandExecutor.java:164)
	at org.openqa.selenium.remote.service.DriverCommandExecutor.execute(DriverCommandExecutor.java:82)
	at org.openqa.selenium.remote.RemoteWebDriver.execute(RemoteWebDriver.java:637)
	at org.openqa.selenium.remote.RemoteWebDriver.findElement(RemoteWebDriver.java:410)
	at org.openqa.selenium.remote.RemoteWebDriver.findElementByCssSelector(RemoteWebDriver.java:501)
	at org.openqa.selenium.By$ByCssSelector.findElement(By.java:430)
	at org.openqa.selenium.remote.RemoteWebDriver.findElement(RemoteWebDriver.java:402)
	at all_operations.General_Operations.Hybrid_Ops(General_Operations.java:35)
	at test_cases.Logout_Test.Test_LogOut(Logout_Test.java:14)
... Removed 29 stack frames]]>
    </failure>
  </testcase> <!-- Test_LogOut -->
  <testcase name="Test_Login" time="0.0" classname="test_cases.Login_Test">
    <ignored/>
  </testcase> <!-- Test_Login -->
</testsuite> <!-- TC-01,TC-02 / Super Login -->
