<!DOCTYPE html>

<html>
  <head>
  <meta charset='utf-8'>
  <title>TestNG reports</title>

    <link type="text/css" href="testng-reports.css" rel="stylesheet" />
    <script type="text/javascript" src="jquery-1.7.1.min.js"></script>
    <script type="text/javascript" src="testng-reports.js"></script>
    <script type="text/javascript" src="https://www.google.com/jsapi"></script>
    <script type='text/javascript'>
      google.load('visualization', '1', {packages:['table']});
      google.setOnLoadCallback(drawTable);
      var suiteTableInitFunctions = new Array();
      var suiteTableData = new Array();
    </script>
    <!--
      <script type="text/javascript" src="jquery-ui/js/jquery-ui-1.8.16.custom.min.js"></script>
     -->
  </head>

  <body>
    <div class="top-banner-root">
      <span class="top-banner-title-font">Test results</span>
      <br/>
      <span class="top-banner-font-1">1 suite, 24 failed tests</span>
    </div> <!-- top-banner-root -->
    <div class="navigator-root">
      <div class="navigator-suite-header">
        <span>All suites</span>
        <a href="#" class="collapse-all-link" title="Collapse/expand all the suites">
          <img class="collapse-all-icon" src="collapseall.gif">
          </img> <!-- collapse-all-icon -->
        </a> <!-- collapse-all-link -->
      </div> <!-- navigator-suite-header -->
      <div class="suite">
        <div class="rounded-window">
          <div class="suite-header light-rounded-window-top">
            <a href="#" class="navigator-link" panel-name="suite-Smoke_-_Login_Tests_Suite">
              <span class="suite-name border-failed">Smoke - Login Tests Suite</span>
            </a> <!-- navigator-link -->
          </div> <!-- suite-header light-rounded-window-top -->
          <div class="navigator-suite-content">
            <div class="suite-section-title">
              <span>Info</span>
            </div> <!-- suite-section-title -->
            <div class="suite-section-content">
              <ul>
                <li>
                  <a href="#" class="navigator-link " panel-name="test-xml-Smoke_-_Login_Tests_Suite">
                    <span>C:\eclipse\GIT_Repo\shalmi2\testng1.xml</span>
                  </a> <!-- navigator-link  -->
                </li>
                <li>
                  <a href="#" class="navigator-link " panel-name="testlist-Smoke_-_Login_Tests_Suite">
                    <span class="test-stats">2 tests</span>
                  </a> <!-- navigator-link  -->
                </li>
                <li>
                  <a href="#" class="navigator-link " panel-name="group-Smoke_-_Login_Tests_Suite">
                    <span>0 groups</span>
                  </a> <!-- navigator-link  -->
                </li>
                <li>
                  <a href="#" class="navigator-link " panel-name="times-Smoke_-_Login_Tests_Suite">
                    <span>Times</span>
                  </a> <!-- navigator-link  -->
                </li>
                <li>
                  <a href="#" class="navigator-link " panel-name="reporter-Smoke_-_Login_Tests_Suite">
                    <span>Reporter output</span>
                  </a> <!-- navigator-link  -->
                </li>
                <li>
                  <a href="#" class="navigator-link " panel-name="ignored-methods-Smoke_-_Login_Tests_Suite">
                    <span>Ignored methods</span>
                  </a> <!-- navigator-link  -->
                </li>
                <li>
                  <a href="#" class="navigator-link " panel-name="chronological-Smoke_-_Login_Tests_Suite">
                    <span>Chronological view</span>
                  </a> <!-- navigator-link  -->
                </li>
              </ul>
            </div> <!-- suite-section-content -->
            <div class="result-section">
              <div class="suite-section-title">
                <span>Results</span>
              </div> <!-- suite-section-title -->
              <div class="suite-section-content">
                <ul>
                  <li>
                    <span class="method-stats">34 methods, 24 failed,   10 passed</span>
                  </li>
                  <li>
                    <span class="method-list-title failed">Failed methods</span>
                    <span class="show-or-hide-methods failed">
                      <a href="#" panel-name="suite-Smoke_-_Login_Tests_Suite" class="hide-methods failed suite-Smoke_-_Login_Tests_Suite"> (hide)</a> <!-- hide-methods failed suite-Smoke_-_Login_Tests_Suite -->
                      <a href="#" panel-name="suite-Smoke_-_Login_Tests_Suite" class="show-methods failed suite-Smoke_-_Login_Tests_Suite"> (show)</a> <!-- show-methods failed suite-Smoke_-_Login_Tests_Suite -->
                    </span>
                    <div class="method-list-content failed suite-Smoke_-_Login_Tests_Suite">
                      <span>
                        <img width="3%" src="failed.png"/>
                        <a href="#" class="method navigator-link" panel-name="suite-Smoke_-_Login_Tests_Suite" title="all_operations.Browser_Config" hash-for-method="LoadBrowser(FIREFOX)">LoadBrowser(FIREFOX)</a> <!-- method navigator-link -->
                      </span>
                      <br/>
                      <span>
                        <img width="3%" src="failed.png"/>
                        <a href="#" class="method navigator-link" panel-name="suite-Smoke_-_Login_Tests_Suite" title="all_operations.Browser_Config" hash-for-method="LoadBrowser(FIREFOX)">LoadBrowser(FIREFOX)</a> <!-- method navigator-link -->
                      </span>
                      <br/>
                      <span>
                        <img width="3%" src="failed.png"/>
                        <a href="#" class="method navigator-link" panel-name="suite-Smoke_-_Login_Tests_Suite" title="test_cases.Logout_Test" hash-for-method="Test_LogOut(CLICK, LogOut_btn, CSS, )">Test_LogOut(CLICK, LogOut_btn, CSS, )</a> <!-- method navigator-link -->
                      </span>
                      <br/>
                      <span>
                        <img width="3%" src="failed.png"/>
                        <a href="#" class="method navigator-link" panel-name="suite-Smoke_-_Login_Tests_Suite" title="test_cases.Logout_Test" hash-for-method="Test_LogOut(CLICK, user_profile, CSS, )">Test_LogOut(CLICK, user_profile, CSS, )</a> <!-- method navigator-link -->
                      </span>
                      <br/>
                      <span>
                        <img width="3%" src="failed.png"/>
                        <a href="#" class="method navigator-link" panel-name="suite-Smoke_-_Login_Tests_Suite" title="test_cases.Logout_Test" hash-for-method="Test_LogOut(CLICK, user_profile, CSS, )">Test_LogOut(CLICK, user_profile, CSS, )</a> <!-- method navigator-link -->
                      </span>
                      <br/>
                      <span>
                        <img width="3%" src="failed.png"/>
                        <a href="#" class="method navigator-link" panel-name="suite-Smoke_-_Login_Tests_Suite" title="test_cases.Logout_Test" hash-for-method="Test_LogOut(CLICK, LogOut_btn, CSS, )">Test_LogOut(CLICK, LogOut_btn, CSS, )</a> <!-- method navigator-link -->
                      </span>
                      <br/>
                      <span>
                        <img width="3%" src="failed.png"/>
                        <a href="#" class="method navigator-link" panel-name="suite-Smoke_-_Login_Tests_Suite" title="test_cases.Login_Test" hash-for-method="Test_Login(SETTEXT, password, CSS, salmankhanabcd)">Test_Login(SETTEXT, password, CSS, salmankhanabcd)</a> <!-- method navigator-link -->
                      </span>
                      <br/>
                      <span>
                        <img width="3%" src="failed.png"/>
                        <a href="#" class="method navigator-link" panel-name="suite-Smoke_-_Login_Tests_Suite" title="test_cases.Login_Test" hash-for-method="Test_Login(CLEANTEXT, password, CSS, )">Test_Login(CLEANTEXT, password, CSS, )</a> <!-- method navigator-link -->
                      </span>
                      <br/>
                      <span>
                        <img width="3%" src="failed.png"/>
                        <a href="#" class="method navigator-link" panel-name="suite-Smoke_-_Login_Tests_Suite" title="test_cases.Login_Test" hash-for-method="Test_Login(JS CLICK, login, CSS, )">Test_Login(JS CLICK, login, CSS, )</a> <!-- method navigator-link -->
                      </span>
                      <br/>
                      <span>
                        <img width="3%" src="failed.png"/>
                        <a href="#" class="method navigator-link" panel-name="suite-Smoke_-_Login_Tests_Suite" title="test_cases.Login_Test" hash-for-method="Test_Login(CLICK, Login_btn, CSS, )">Test_Login(CLICK, Login_btn, CSS, )</a> <!-- method navigator-link -->
                      </span>
                      <br/>
                      <span>
                        <img width="3%" src="failed.png"/>
                        <a href="#" class="method navigator-link" panel-name="suite-Smoke_-_Login_Tests_Suite" title="test_cases.Login_Test" hash-for-method="Test_Login(CLICK, Login_btn, CSS, )">Test_Login(CLICK, Login_btn, CSS, )</a> <!-- method navigator-link -->
                      </span>
                      <br/>
                      <span>
                        <img width="3%" src="failed.png"/>
                        <a href="#" class="method navigator-link" panel-name="suite-Smoke_-_Login_Tests_Suite" title="test_cases.Login_Test" hash-for-method="Test_Login(SETTEXT, password, CSS, blued)">Test_Login(SETTEXT, password, CSS, blued)</a> <!-- method navigator-link -->
                      </span>
                      <br/>
                      <span>
                        <img width="3%" src="failed.png"/>
                        <a href="#" class="method navigator-link" panel-name="suite-Smoke_-_Login_Tests_Suite" title="test_cases.Login_Test" hash-for-method="Test_Login(SETTEXT, user, CSS, waqas+1@blueorcastudios.com)">Test_Login(SETTEXT, user, CSS, waqas+1@blueorcastudios.com)</a> <!-- method navigator-link -->
                      </span>
                      <br/>
                      <span>
                        <img width="3%" src="failed.png"/>
                        <a href="#" class="method navigator-link" panel-name="suite-Smoke_-_Login_Tests_Suite" title="test_cases.Login_Test" hash-for-method="Test_Login(CLEANTEXT, user, CSS, )">Test_Login(CLEANTEXT, user, CSS, )</a> <!-- method navigator-link -->
                      </span>
                      <br/>
                      <span>
                        <img width="3%" src="failed.png"/>
                        <a href="#" class="method navigator-link" panel-name="suite-Smoke_-_Login_Tests_Suite" title="test_cases.Login_Test" hash-for-method="Test_Login(SETTEXT, password, CSS, aaa@123)">Test_Login(SETTEXT, password, CSS, aaa@123)</a> <!-- method navigator-link -->
                      </span>
                      <br/>
                      <span>
                        <img width="3%" src="failed.png"/>
                        <a href="#" class="method navigator-link" panel-name="suite-Smoke_-_Login_Tests_Suite" title="test_cases.Login_Test" hash-for-method="Test_Login(CLEANTEXT, password, CSS, )">Test_Login(CLEANTEXT, password, CSS, )</a> <!-- method navigator-link -->
                      </span>
                      <br/>
                      <span>
                        <img width="3%" src="failed.png"/>
                        <a href="#" class="method navigator-link" panel-name="suite-Smoke_-_Login_Tests_Suite" title="test_cases.Login_Test" hash-for-method="Test_Login(SETTEXT, user, CSS, nauman)">Test_Login(SETTEXT, user, CSS, nauman)</a> <!-- method navigator-link -->
                      </span>
                      <br/>
                      <span>
                        <img width="3%" src="failed.png"/>
                        <a href="#" class="method navigator-link" panel-name="suite-Smoke_-_Login_Tests_Suite" title="test_cases.Login_Test" hash-for-method="Test_Login(SETTEXT, user, CSS, awais@gmail.com)">Test_Login(SETTEXT, user, CSS, awais@gmail.com)</a> <!-- method navigator-link -->
                      </span>
                      <br/>
                      <span>
                        <img width="3%" src="failed.png"/>
                        <a href="#" class="method navigator-link" panel-name="suite-Smoke_-_Login_Tests_Suite" title="test_cases.Login_Test" hash-for-method="Test_Login(CLEANTEXT, user, CSS, )">Test_Login(CLEANTEXT, user, CSS, )</a> <!-- method navigator-link -->
                      </span>
                      <br/>
                      <span>
                        <img width="3%" src="failed.png"/>
                        <a href="#" class="method navigator-link" panel-name="suite-Smoke_-_Login_Tests_Suite" title="test_cases.Login_Test" hash-for-method="Test_Login(CLICK, Signin_btn, CSS, )">Test_Login(CLICK, Signin_btn, CSS, )</a> <!-- method navigator-link -->
                      </span>
                      <br/>
                      <span>
                        <img width="3%" src="failed.png"/>
                        <a href="#" class="method navigator-link" panel-name="suite-Smoke_-_Login_Tests_Suite" title="test_cases.Login_Test" hash-for-method="Test_Login_Admin(SETTEXT, user, CSS, waqas+1@blueorcastudios.com)">Test_Login_Admin(SETTEXT, user, CSS, waqas+1@blueorcastudios.com)</a> <!-- method navigator-link -->
                      </span>
                      <br/>
                      <span>
                        <img width="3%" src="failed.png"/>
                        <a href="#" class="method navigator-link" panel-name="suite-Smoke_-_Login_Tests_Suite" title="test_cases.Login_Test" hash-for-method="Test_Login_Admin(CLICK, Signin_btn, CSS, )">Test_Login_Admin(CLICK, Signin_btn, CSS, )</a> <!-- method navigator-link -->
                      </span>
                      <br/>
                      <span>
                        <img width="3%" src="failed.png"/>
                        <a href="#" class="method navigator-link" panel-name="suite-Smoke_-_Login_Tests_Suite" title="test_cases.Login_Test" hash-for-method="Test_Login_Admin(SETTEXT, password, CSS, aaa@123)">Test_Login_Admin(SETTEXT, password, CSS, aaa@123)</a> <!-- method navigator-link -->
                      </span>
                      <br/>
                      <span>
                        <img width="3%" src="failed.png"/>
                        <a href="#" class="method navigator-link" panel-name="suite-Smoke_-_Login_Tests_Suite" title="test_cases.Login_Test" hash-for-method="Test_Login_Admin(JS CLICK, login, CSS, )">Test_Login_Admin(JS CLICK, login, CSS, )</a> <!-- method navigator-link -->
                      </span>
                      <br/>
                    </div> <!-- method-list-content failed suite-Smoke_-_Login_Tests_Suite -->
                  </li>
                  <li>
                    <span class="method-list-title passed">Passed methods</span>
                    <span class="show-or-hide-methods passed">
                      <a href="#" panel-name="suite-Smoke_-_Login_Tests_Suite" class="hide-methods passed suite-Smoke_-_Login_Tests_Suite"> (hide)</a> <!-- hide-methods passed suite-Smoke_-_Login_Tests_Suite -->
                      <a href="#" panel-name="suite-Smoke_-_Login_Tests_Suite" class="show-methods passed suite-Smoke_-_Login_Tests_Suite"> (show)</a> <!-- show-methods passed suite-Smoke_-_Login_Tests_Suite -->
                    </span>
                    <div class="method-list-content passed suite-Smoke_-_Login_Tests_Suite">
                      <span>
                        <img width="3%" src="passed.png"/>
                        <a href="#" class="method navigator-link" panel-name="suite-Smoke_-_Login_Tests_Suite" title="all_operations.Browser_Config" hash-for-method="LoadBrowser(Browser)">LoadBrowser(Browser)</a> <!-- method navigator-link -->
                      </span>
                      <br/>
                      <span>
                        <img width="3%" src="passed.png"/>
                        <a href="#" class="method navigator-link" panel-name="suite-Smoke_-_Login_Tests_Suite" title="all_operations.Browser_Config" hash-for-method="LoadBrowser(Browser)">LoadBrowser(Browser)</a> <!-- method navigator-link -->
                      </span>
                      <br/>
                      <span>
                        <img width="3%" src="passed.png"/>
                        <a href="#" class="method navigator-link" panel-name="suite-Smoke_-_Login_Tests_Suite" title="test_cases.Logout_Test" hash-for-method="Test_LogOut(Keyword, Object name, Object type, Input)">Test_LogOut(Keyword, Object name, Object type, Input)</a> <!-- method navigator-link -->
                      </span>
                      <br/>
                      <span>
                        <img width="3%" src="passed.png"/>
                        <a href="#" class="method navigator-link" panel-name="suite-Smoke_-_Login_Tests_Suite" title="test_cases.Logout_Test" hash-for-method="Test_LogOut(Keyword, Object name, Object type, Input)">Test_LogOut(Keyword, Object name, Object type, Input)</a> <!-- method navigator-link -->
                      </span>
                      <br/>
                      <span>
                        <img width="3%" src="passed.png"/>
                        <a href="#" class="method navigator-link" panel-name="suite-Smoke_-_Login_Tests_Suite" title="test_cases.Login_Test" hash-for-method="Test_Login(ASSERT-URL-Contain, , , dashboard)">Test_Login(ASSERT-URL-Contain, , , dashboard)</a> <!-- method navigator-link -->
                      </span>
                      <br/>
                      <span>
                        <img width="3%" src="passed.png"/>
                        <a href="#" class="method navigator-link" panel-name="suite-Smoke_-_Login_Tests_Suite" title="test_cases.Login_Test" hash-for-method="Test_Login(Keyword, Object name, Object type, Input)">Test_Login(Keyword, Object name, Object type, Input)</a> <!-- method navigator-link -->
                      </span>
                      <br/>
                      <span>
                        <img width="3%" src="passed.png"/>
                        <a href="#" class="method navigator-link" panel-name="suite-Smoke_-_Login_Tests_Suite" title="test_cases.Login_Test" hash-for-method="Test_Login(ASSERT-URL-Contain, , , dashboard)">Test_Login(ASSERT-URL-Contain, , , dashboard)</a> <!-- method navigator-link -->
                      </span>
                      <br/>
                      <span>
                        <img width="3%" src="passed.png"/>
                        <a href="#" class="method navigator-link" panel-name="suite-Smoke_-_Login_Tests_Suite" title="test_cases.Login_Test" hash-for-method="Test_Login(ASSERT-URL-Contain, , , dashboard)">Test_Login(ASSERT-URL-Contain, , , dashboard)</a> <!-- method navigator-link -->
                      </span>
                      <br/>
                      <span>
                        <img width="3%" src="passed.png"/>
                        <a href="#" class="method navigator-link" panel-name="suite-Smoke_-_Login_Tests_Suite" title="test_cases.Login_Test" hash-for-method="Test_Login_Admin(ASSERT-URL-Contain, , , dashboard)">Test_Login_Admin(ASSERT-URL-Contain, , , dashboard)</a> <!-- method navigator-link -->
                      </span>
                      <br/>
                      <span>
                        <img width="3%" src="passed.png"/>
                        <a href="#" class="method navigator-link" panel-name="suite-Smoke_-_Login_Tests_Suite" title="test_cases.Login_Test" hash-for-method="Test_Login_Admin(Keyword, Object name, Object type, Input)">Test_Login_Admin(Keyword, Object name, Object type, Input)</a> <!-- method navigator-link -->
                      </span>
                      <br/>
                    </div> <!-- method-list-content passed suite-Smoke_-_Login_Tests_Suite -->
                  </li>
                </ul>
              </div> <!-- suite-section-content -->
            </div> <!-- result-section -->
          </div> <!-- navigator-suite-content -->
        </div> <!-- rounded-window -->
      </div> <!-- suite -->
    </div> <!-- navigator-root -->
    <div class="wrapper">
      <div class="main-panel-root">
        <div panel-name="suite-Smoke_-_Login_Tests_Suite" class="panel Smoke_-_Login_Tests_Suite">
          <div class="suite-Smoke_-_Login_Tests_Suite-class-failed">
            <div class="main-panel-header rounded-window-top">
              <img src="failed.png"/>
              <span class="class-name">all_operations.Browser_Config</span>
            </div> <!-- main-panel-header rounded-window-top -->
            <div class="main-panel-content rounded-window-bottom">
              <div class="method">
                <div class="method-content">
                  <a name="LoadBrowser(FIREFOX)">
                  </a> <!-- LoadBrowser(FIREFOX) -->
                  <span class="method-name">LoadBrowser</span>
                  <span class="parameters">(FIREFOX)</span>
                  <div class="stack-trace">org.openqa.selenium.WebDriverException: Failed to find width field
Build info: version: &apos;3.4.0&apos;, revision: &apos;unknown&apos;, time: &apos;unknown&apos;
System info: host: &apos;DESKTOP-HR6DLCF&apos;, ip: &apos;192.168.1.192&apos;, os.name: &apos;Windows 10&apos;, os.arch: &apos;amd64&apos;, os.version: &apos;10.0&apos;, java.version: &apos;1.8.0_144&apos;
Driver info: org.openqa.selenium.firefox.FirefoxDriver
Capabilities [{moz:profile=C:\Users\write\AppData\Local\Temp\rust_mozprofile.MUL4ErTP087M, rotatable=false, timeouts={implicit=0.0, pageLoad=300000.0, script=30000.0}, pageLoadStrategy=normal, platform=ANY, specificationLevel=0.0, moz:accessibilityChecks=false, acceptInsecureCerts=false, browserVersion=54.0.1, platformVersion=10.0, moz:processID=19024.0, browserName=firefox, javascriptEnabled=true, platformName=windows_nt}]
Session ID: 8f5baccf-5f0f-43d1-9573-60bb8e2facee
	at org.openqa.selenium.remote.http.W3CHttpResponseCodec.createException(W3CHttpResponseCodec.java:150)
	at org.openqa.selenium.remote.http.W3CHttpResponseCodec.decode(W3CHttpResponseCodec.java:115)
	at org.openqa.selenium.remote.http.W3CHttpResponseCodec.decode(W3CHttpResponseCodec.java:45)
	at org.openqa.selenium.remote.HttpCommandExecutor.execute(HttpCommandExecutor.java:164)
	at org.openqa.selenium.remote.service.DriverCommandExecutor.execute(DriverCommandExecutor.java:82)
	at org.openqa.selenium.remote.RemoteWebDriver.execute(RemoteWebDriver.java:637)
	at org.openqa.selenium.remote.RemoteWebDriver.execute(RemoteWebDriver.java:694)
	at org.openqa.selenium.remote.RemoteWebDriver$RemoteWebDriverOptions$RemoteWindow.maximize(RemoteWebDriver.java:925)
	at all_operations.Browser_Config.LoadBrowser(Browser_Config.java:91)
... Removed 29 stack frames
</div> <!-- stack-trace -->
                </div> <!-- method-content -->
              </div> <!-- method -->
              <div class="method">
                <div class="method-content">
                  <a name="LoadBrowser(FIREFOX)">
                  </a> <!-- LoadBrowser(FIREFOX) -->
                  <span class="method-name">LoadBrowser</span>
                  <span class="parameters">(FIREFOX)</span>
                  <div class="stack-trace">org.openqa.selenium.WebDriverException: Failed to find width field
Build info: version: &apos;3.4.0&apos;, revision: &apos;unknown&apos;, time: &apos;unknown&apos;
System info: host: &apos;DESKTOP-HR6DLCF&apos;, ip: &apos;192.168.1.192&apos;, os.name: &apos;Windows 10&apos;, os.arch: &apos;amd64&apos;, os.version: &apos;10.0&apos;, java.version: &apos;1.8.0_144&apos;
Driver info: org.openqa.selenium.firefox.FirefoxDriver
Capabilities [{moz:profile=C:\Users\write\AppData\Local\Temp\rust_mozprofile.EgXEwDJVD4Jr, rotatable=false, timeouts={implicit=0.0, pageLoad=300000.0, script=30000.0}, pageLoadStrategy=normal, platform=ANY, specificationLevel=0.0, moz:accessibilityChecks=false, acceptInsecureCerts=false, browserVersion=54.0.1, platformVersion=10.0, moz:processID=15836.0, browserName=firefox, javascriptEnabled=true, platformName=windows_nt}]
Session ID: 994f3d90-9644-4f70-a2d7-ea5ff70b7b72
	at org.openqa.selenium.remote.http.W3CHttpResponseCodec.createException(W3CHttpResponseCodec.java:150)
	at org.openqa.selenium.remote.http.W3CHttpResponseCodec.decode(W3CHttpResponseCodec.java:115)
	at org.openqa.selenium.remote.http.W3CHttpResponseCodec.decode(W3CHttpResponseCodec.java:45)
	at org.openqa.selenium.remote.HttpCommandExecutor.execute(HttpCommandExecutor.java:164)
	at org.openqa.selenium.remote.service.DriverCommandExecutor.execute(DriverCommandExecutor.java:82)
	at org.openqa.selenium.remote.RemoteWebDriver.execute(RemoteWebDriver.java:637)
	at org.openqa.selenium.remote.RemoteWebDriver.execute(RemoteWebDriver.java:694)
	at org.openqa.selenium.remote.RemoteWebDriver$RemoteWebDriverOptions$RemoteWindow.maximize(RemoteWebDriver.java:925)
	at all_operations.Browser_Config.LoadBrowser(Browser_Config.java:91)
... Removed 29 stack frames
</div> <!-- stack-trace -->
                </div> <!-- method-content -->
              </div> <!-- method -->
            </div> <!-- main-panel-content rounded-window-bottom -->
          </div> <!-- suite-Smoke_-_Login_Tests_Suite-class-failed -->
          <div class="suite-Smoke_-_Login_Tests_Suite-class-failed">
            <div class="main-panel-header rounded-window-top">
              <img src="failed.png"/>
              <span class="class-name">test_cases.Logout_Test</span>
            </div> <!-- main-panel-header rounded-window-top -->
            <div class="main-panel-content rounded-window-bottom">
              <div class="method">
                <div class="method-content">
                  <a name="Test_LogOut(CLICK, LogOut_btn, CSS, )">
                  </a> <!-- Test_LogOut(CLICK, LogOut_btn, CSS, ) -->
                  <span class="method-name">Test_LogOut</span>
                  <span class="parameters">(CLICK, LogOut_btn, CSS, )</span>
                  <div class="stack-trace">org.openqa.selenium.NoSuchElementException: Unable to locate element: .fa.fa-sign-out.pull-right
For documentation on this error, please visit: http://seleniumhq.org/exceptions/no_such_element.html
Build info: version: &apos;3.4.0&apos;, revision: &apos;unknown&apos;, time: &apos;unknown&apos;
System info: host: &apos;DESKTOP-HR6DLCF&apos;, ip: &apos;192.168.1.192&apos;, os.name: &apos;Windows 10&apos;, os.arch: &apos;amd64&apos;, os.version: &apos;10.0&apos;, java.version: &apos;1.8.0_144&apos;
Driver info: org.openqa.selenium.firefox.FirefoxDriver
Capabilities [{moz:profile=C:\Users\write\AppData\Local\Temp\rust_mozprofile.MUL4ErTP087M, rotatable=false, timeouts={implicit=0.0, pageLoad=300000.0, script=30000.0}, pageLoadStrategy=normal, platform=ANY, specificationLevel=0.0, moz:accessibilityChecks=false, acceptInsecureCerts=false, browserVersion=54.0.1, platformVersion=10.0, moz:processID=19024.0, browserName=firefox, javascriptEnabled=true, platformName=windows_nt}]
Session ID: 8f5baccf-5f0f-43d1-9573-60bb8e2facee
*** Element info: {Using=css selector, value=.fa.fa-sign-out.pull-right}
	at org.openqa.selenium.remote.http.W3CHttpResponseCodec.createException(W3CHttpResponseCodec.java:150)
	at org.openqa.selenium.remote.http.W3CHttpResponseCodec.decode(W3CHttpResponseCodec.java:115)
	at org.openqa.selenium.remote.http.W3CHttpResponseCodec.decode(W3CHttpResponseCodec.java:45)
	at org.openqa.selenium.remote.HttpCommandExecutor.execute(HttpCommandExecutor.java:164)
	at org.openqa.selenium.remote.service.DriverCommandExecutor.execute(DriverCommandExecutor.java:82)
	at org.openqa.selenium.remote.RemoteWebDriver.execute(RemoteWebDriver.java:637)
	at org.openqa.selenium.remote.RemoteWebDriver.findElement(RemoteWebDriver.java:410)
	at org.openqa.selenium.remote.RemoteWebDriver.findElementByCssSelector(RemoteWebDriver.java:501)
	at org.openqa.selenium.By$ByCssSelector.findElement(By.java:430)
	at org.openqa.selenium.remote.RemoteWebDriver.findElement(RemoteWebDriver.java:402)
	at all_operations.General_Operations.Hybrid_Ops(General_Operations.java:35)
	at test_cases.Logout_Test.Test_LogOut(Logout_Test.java:14)
... Removed 29 stack frames
</div> <!-- stack-trace -->
                </div> <!-- method-content -->
              </div> <!-- method -->
              <div class="method">
                <div class="method-content">
                  <a name="Test_LogOut(CLICK, user_profile, CSS, )">
                  </a> <!-- Test_LogOut(CLICK, user_profile, CSS, ) -->
                  <span class="method-name">Test_LogOut</span>
                  <span class="parameters">(CLICK, user_profile, CSS, )</span>
                  <div class="stack-trace">org.openqa.selenium.NoSuchElementException: Unable to locate element: .user-profile.dropdown-toggle.top_nav_btn
For documentation on this error, please visit: http://seleniumhq.org/exceptions/no_such_element.html
Build info: version: &apos;3.4.0&apos;, revision: &apos;unknown&apos;, time: &apos;unknown&apos;
System info: host: &apos;DESKTOP-HR6DLCF&apos;, ip: &apos;192.168.1.192&apos;, os.name: &apos;Windows 10&apos;, os.arch: &apos;amd64&apos;, os.version: &apos;10.0&apos;, java.version: &apos;1.8.0_144&apos;
Driver info: org.openqa.selenium.firefox.FirefoxDriver
Capabilities [{moz:profile=C:\Users\write\AppData\Local\Temp\rust_mozprofile.MUL4ErTP087M, rotatable=false, timeouts={implicit=0.0, pageLoad=300000.0, script=30000.0}, pageLoadStrategy=normal, platform=ANY, specificationLevel=0.0, moz:accessibilityChecks=false, acceptInsecureCerts=false, browserVersion=54.0.1, platformVersion=10.0, moz:processID=19024.0, browserName=firefox, javascriptEnabled=true, platformName=windows_nt}]
Session ID: 8f5baccf-5f0f-43d1-9573-60bb8e2facee
*** Element info: {Using=css selector, value=.user-profile.dropdown-toggle.top_nav_btn}
	at org.openqa.selenium.remote.http.W3CHttpResponseCodec.createException(W3CHttpResponseCodec.java:150)
	at org.openqa.selenium.remote.http.W3CHttpResponseCodec.decode(W3CHttpResponseCodec.java:115)
	at org.openqa.selenium.remote.http.W3CHttpResponseCodec.decode(W3CHttpResponseCodec.java:45)
	at org.openqa.selenium.remote.HttpCommandExecutor.execute(HttpCommandExecutor.java:164)
	at org.openqa.selenium.remote.service.DriverCommandExecutor.execute(DriverCommandExecutor.java:82)
	at org.openqa.selenium.remote.RemoteWebDriver.execute(RemoteWebDriver.java:637)
	at org.openqa.selenium.remote.RemoteWebDriver.findElement(RemoteWebDriver.java:410)
	at org.openqa.selenium.remote.RemoteWebDriver.findElementByCssSelector(RemoteWebDriver.java:501)
	at org.openqa.selenium.By$ByCssSelector.findElement(By.java:430)
	at org.openqa.selenium.remote.RemoteWebDriver.findElement(RemoteWebDriver.java:402)
	at all_operations.General_Operations.Hybrid_Ops(General_Operations.java:35)
	at test_cases.Logout_Test.Test_LogOut(Logout_Test.java:14)
... Removed 29 stack frames
</div> <!-- stack-trace -->
                </div> <!-- method-content -->
              </div> <!-- method -->
              <div class="method">
                <div class="method-content">
                  <a name="Test_LogOut(CLICK, user_profile, CSS, )">
                  </a> <!-- Test_LogOut(CLICK, user_profile, CSS, ) -->
                  <span class="method-name">Test_LogOut</span>
                  <span class="parameters">(CLICK, user_profile, CSS, )</span>
                  <div class="stack-trace">org.openqa.selenium.NoSuchElementException: Unable to locate element: .user-profile.dropdown-toggle.top_nav_btn
For documentation on this error, please visit: http://seleniumhq.org/exceptions/no_such_element.html
Build info: version: &apos;3.4.0&apos;, revision: &apos;unknown&apos;, time: &apos;unknown&apos;
System info: host: &apos;DESKTOP-HR6DLCF&apos;, ip: &apos;192.168.1.192&apos;, os.name: &apos;Windows 10&apos;, os.arch: &apos;amd64&apos;, os.version: &apos;10.0&apos;, java.version: &apos;1.8.0_144&apos;
Driver info: org.openqa.selenium.firefox.FirefoxDriver
Capabilities [{moz:profile=C:\Users\write\AppData\Local\Temp\rust_mozprofile.EgXEwDJVD4Jr, rotatable=false, timeouts={implicit=0.0, pageLoad=300000.0, script=30000.0}, pageLoadStrategy=normal, platform=ANY, specificationLevel=0.0, moz:accessibilityChecks=false, acceptInsecureCerts=false, browserVersion=54.0.1, platformVersion=10.0, moz:processID=15836.0, browserName=firefox, javascriptEnabled=true, platformName=windows_nt}]
Session ID: 994f3d90-9644-4f70-a2d7-ea5ff70b7b72
*** Element info: {Using=css selector, value=.user-profile.dropdown-toggle.top_nav_btn}
	at org.openqa.selenium.remote.http.W3CHttpResponseCodec.createException(W3CHttpResponseCodec.java:150)
	at org.openqa.selenium.remote.http.W3CHttpResponseCodec.decode(W3CHttpResponseCodec.java:115)
	at org.openqa.selenium.remote.http.W3CHttpResponseCodec.decode(W3CHttpResponseCodec.java:45)
	at org.openqa.selenium.remote.HttpCommandExecutor.execute(HttpCommandExecutor.java:164)
	at org.openqa.selenium.remote.service.DriverCommandExecutor.execute(DriverCommandExecutor.java:82)
	at org.openqa.selenium.remote.RemoteWebDriver.execute(RemoteWebDriver.java:637)
	at org.openqa.selenium.remote.RemoteWebDriver.findElement(RemoteWebDriver.java:410)
	at org.openqa.selenium.remote.RemoteWebDriver.findElementByCssSelector(RemoteWebDriver.java:501)
	at org.openqa.selenium.By$ByCssSelector.findElement(By.java:430)
	at org.openqa.selenium.remote.RemoteWebDriver.findElement(RemoteWebDriver.java:402)
	at all_operations.General_Operations.Hybrid_Ops(General_Operations.java:35)
	at test_cases.Logout_Test.Test_LogOut(Logout_Test.java:14)
... Removed 28 stack frames
</div> <!-- stack-trace -->
                </div> <!-- method-content -->
              </div> <!-- method -->
              <div class="method">
                <div class="method-content">
                  <a name="Test_LogOut(CLICK, LogOut_btn, CSS, )">
                  </a> <!-- Test_LogOut(CLICK, LogOut_btn, CSS, ) -->
                  <span class="method-name">Test_LogOut</span>
                  <span class="parameters">(CLICK, LogOut_btn, CSS, )</span>
                  <div class="stack-trace">org.openqa.selenium.NoSuchElementException: Unable to locate element: .fa.fa-sign-out.pull-right
For documentation on this error, please visit: http://seleniumhq.org/exceptions/no_such_element.html
Build info: version: &apos;3.4.0&apos;, revision: &apos;unknown&apos;, time: &apos;unknown&apos;
System info: host: &apos;DESKTOP-HR6DLCF&apos;, ip: &apos;192.168.1.192&apos;, os.name: &apos;Windows 10&apos;, os.arch: &apos;amd64&apos;, os.version: &apos;10.0&apos;, java.version: &apos;1.8.0_144&apos;
Driver info: org.openqa.selenium.firefox.FirefoxDriver
Capabilities [{moz:profile=C:\Users\write\AppData\Local\Temp\rust_mozprofile.EgXEwDJVD4Jr, rotatable=false, timeouts={implicit=0.0, pageLoad=300000.0, script=30000.0}, pageLoadStrategy=normal, platform=ANY, specificationLevel=0.0, moz:accessibilityChecks=false, acceptInsecureCerts=false, browserVersion=54.0.1, platformVersion=10.0, moz:processID=15836.0, browserName=firefox, javascriptEnabled=true, platformName=windows_nt}]
Session ID: 994f3d90-9644-4f70-a2d7-ea5ff70b7b72
*** Element info: {Using=css selector, value=.fa.fa-sign-out.pull-right}
	at org.openqa.selenium.remote.http.W3CHttpResponseCodec.createException(W3CHttpResponseCodec.java:150)
	at org.openqa.selenium.remote.http.W3CHttpResponseCodec.decode(W3CHttpResponseCodec.java:115)
	at org.openqa.selenium.remote.http.W3CHttpResponseCodec.decode(W3CHttpResponseCodec.java:45)
	at org.openqa.selenium.remote.HttpCommandExecutor.execute(HttpCommandExecutor.java:164)
	at org.openqa.selenium.remote.service.DriverCommandExecutor.execute(DriverCommandExecutor.java:82)
	at org.openqa.selenium.remote.RemoteWebDriver.execute(RemoteWebDriver.java:637)
	at org.openqa.selenium.remote.RemoteWebDriver.findElement(RemoteWebDriver.java:410)
	at org.openqa.selenium.remote.RemoteWebDriver.findElementByCssSelector(RemoteWebDriver.java:501)
	at org.openqa.selenium.By$ByCssSelector.findElement(By.java:430)
	at org.openqa.selenium.remote.RemoteWebDriver.findElement(RemoteWebDriver.java:402)
	at all_operations.General_Operations.Hybrid_Ops(General_Operations.java:35)
	at test_cases.Logout_Test.Test_LogOut(Logout_Test.java:14)
... Removed 28 stack frames
</div> <!-- stack-trace -->
                </div> <!-- method-content -->
              </div> <!-- method -->
            </div> <!-- main-panel-content rounded-window-bottom -->
          </div> <!-- suite-Smoke_-_Login_Tests_Suite-class-failed -->
          <div class="suite-Smoke_-_Login_Tests_Suite-class-failed">
            <div class="main-panel-header rounded-window-top">
              <img src="failed.png"/>
              <span class="class-name">test_cases.Login_Test</span>
            </div> <!-- main-panel-header rounded-window-top -->
            <div class="main-panel-content rounded-window-bottom">
              <div class="method">
                <div class="method-content">
                  <a name="Test_Login(SETTEXT, password, CSS, salmankhanabcd)">
                  </a> <!-- Test_Login(SETTEXT, password, CSS, salmankhanabcd) -->
                  <span class="method-name">Test_Login</span>
                  <span class="parameters">(SETTEXT, password, CSS, salmankhanabcd)</span>
                  <div class="stack-trace">org.openqa.selenium.NoSuchElementException: Unable to locate element: input[class=&apos;form-control&apos;][name=&apos;password&apos;]
For documentation on this error, please visit: http://seleniumhq.org/exceptions/no_such_element.html
Build info: version: &apos;3.4.0&apos;, revision: &apos;unknown&apos;, time: &apos;unknown&apos;
System info: host: &apos;DESKTOP-HR6DLCF&apos;, ip: &apos;192.168.1.192&apos;, os.name: &apos;Windows 10&apos;, os.arch: &apos;amd64&apos;, os.version: &apos;10.0&apos;, java.version: &apos;1.8.0_144&apos;
Driver info: org.openqa.selenium.firefox.FirefoxDriver
Capabilities [{moz:profile=C:\Users\write\AppData\Local\Temp\rust_mozprofile.EgXEwDJVD4Jr, rotatable=false, timeouts={implicit=0.0, pageLoad=300000.0, script=30000.0}, pageLoadStrategy=normal, platform=ANY, specificationLevel=0.0, moz:accessibilityChecks=false, acceptInsecureCerts=false, browserVersion=54.0.1, platformVersion=10.0, moz:processID=15836.0, browserName=firefox, javascriptEnabled=true, platformName=windows_nt}]
Session ID: 994f3d90-9644-4f70-a2d7-ea5ff70b7b72
*** Element info: {Using=css selector, value=input[class=&apos;form-control&apos;][name=&apos;password&apos;]}
	at org.openqa.selenium.remote.http.W3CHttpResponseCodec.createException(W3CHttpResponseCodec.java:150)
	at org.openqa.selenium.remote.http.W3CHttpResponseCodec.decode(W3CHttpResponseCodec.java:115)
	at org.openqa.selenium.remote.http.W3CHttpResponseCodec.decode(W3CHttpResponseCodec.java:45)
	at org.openqa.selenium.remote.HttpCommandExecutor.execute(HttpCommandExecutor.java:164)
	at org.openqa.selenium.remote.service.DriverCommandExecutor.execute(DriverCommandExecutor.java:82)
	at org.openqa.selenium.remote.RemoteWebDriver.execute(RemoteWebDriver.java:637)
	at org.openqa.selenium.remote.RemoteWebDriver.findElement(RemoteWebDriver.java:410)
	at org.openqa.selenium.remote.RemoteWebDriver.findElementByCssSelector(RemoteWebDriver.java:501)
	at org.openqa.selenium.By$ByCssSelector.findElement(By.java:430)
	at org.openqa.selenium.remote.RemoteWebDriver.findElement(RemoteWebDriver.java:402)
	at all_operations.General_Operations.Hybrid_Ops(General_Operations.java:22)
	at test_cases.Login_Test.Test_Login(Login_Test.java:22)
... Removed 29 stack frames
</div> <!-- stack-trace -->
                </div> <!-- method-content -->
              </div> <!-- method -->
              <div class="method">
                <div class="method-content">
                  <a name="Test_Login(CLEANTEXT, password, CSS, )">
                  </a> <!-- Test_Login(CLEANTEXT, password, CSS, ) -->
                  <span class="method-name">Test_Login</span>
                  <span class="parameters">(CLEANTEXT, password, CSS, )</span>
                  <div class="stack-trace">org.openqa.selenium.NoSuchElementException: Unable to locate element: input[class=&apos;form-control&apos;][name=&apos;password&apos;]
For documentation on this error, please visit: http://seleniumhq.org/exceptions/no_such_element.html
Build info: version: &apos;3.4.0&apos;, revision: &apos;unknown&apos;, time: &apos;unknown&apos;
System info: host: &apos;DESKTOP-HR6DLCF&apos;, ip: &apos;192.168.1.192&apos;, os.name: &apos;Windows 10&apos;, os.arch: &apos;amd64&apos;, os.version: &apos;10.0&apos;, java.version: &apos;1.8.0_144&apos;
Driver info: org.openqa.selenium.firefox.FirefoxDriver
Capabilities [{moz:profile=C:\Users\write\AppData\Local\Temp\rust_mozprofile.EgXEwDJVD4Jr, rotatable=false, timeouts={implicit=0.0, pageLoad=300000.0, script=30000.0}, pageLoadStrategy=normal, platform=ANY, specificationLevel=0.0, moz:accessibilityChecks=false, acceptInsecureCerts=false, browserVersion=54.0.1, platformVersion=10.0, moz:processID=15836.0, browserName=firefox, javascriptEnabled=true, platformName=windows_nt}]
Session ID: 994f3d90-9644-4f70-a2d7-ea5ff70b7b72
*** Element info: {Using=css selector, value=input[class=&apos;form-control&apos;][name=&apos;password&apos;]}
	at org.openqa.selenium.remote.http.W3CHttpResponseCodec.createException(W3CHttpResponseCodec.java:150)
	at org.openqa.selenium.remote.http.W3CHttpResponseCodec.decode(W3CHttpResponseCodec.java:115)
	at org.openqa.selenium.remote.http.W3CHttpResponseCodec.decode(W3CHttpResponseCodec.java:45)
	at org.openqa.selenium.remote.HttpCommandExecutor.execute(HttpCommandExecutor.java:164)
	at org.openqa.selenium.remote.service.DriverCommandExecutor.execute(DriverCommandExecutor.java:82)
	at org.openqa.selenium.remote.RemoteWebDriver.execute(RemoteWebDriver.java:637)
	at org.openqa.selenium.remote.RemoteWebDriver.findElement(RemoteWebDriver.java:410)
	at org.openqa.selenium.remote.RemoteWebDriver.findElementByCssSelector(RemoteWebDriver.java:501)
	at org.openqa.selenium.By$ByCssSelector.findElement(By.java:430)
	at org.openqa.selenium.remote.RemoteWebDriver.findElement(RemoteWebDriver.java:402)
	at all_operations.General_Operations.Hybrid_Ops(General_Operations.java:28)
	at test_cases.Login_Test.Test_Login(Login_Test.java:22)
... Removed 29 stack frames
</div> <!-- stack-trace -->
                </div> <!-- method-content -->
              </div> <!-- method -->
              <div class="method">
                <div class="method-content">
                  <a name="Test_Login(JS CLICK, login, CSS, )">
                  </a> <!-- Test_Login(JS CLICK, login, CSS, ) -->
                  <span class="method-name">Test_Login</span>
                  <span class="parameters">(JS CLICK, login, CSS, )</span>
                  <div class="stack-trace">org.openqa.selenium.NoSuchElementException: Unable to locate element: .fa.fa-lock
For documentation on this error, please visit: http://seleniumhq.org/exceptions/no_such_element.html
Build info: version: &apos;3.4.0&apos;, revision: &apos;unknown&apos;, time: &apos;unknown&apos;
System info: host: &apos;DESKTOP-HR6DLCF&apos;, ip: &apos;192.168.1.192&apos;, os.name: &apos;Windows 10&apos;, os.arch: &apos;amd64&apos;, os.version: &apos;10.0&apos;, java.version: &apos;1.8.0_144&apos;
Driver info: org.openqa.selenium.firefox.FirefoxDriver
Capabilities [{moz:profile=C:\Users\write\AppData\Local\Temp\rust_mozprofile.EgXEwDJVD4Jr, rotatable=false, timeouts={implicit=0.0, pageLoad=300000.0, script=30000.0}, pageLoadStrategy=normal, platform=ANY, specificationLevel=0.0, moz:accessibilityChecks=false, acceptInsecureCerts=false, browserVersion=54.0.1, platformVersion=10.0, moz:processID=15836.0, browserName=firefox, javascriptEnabled=true, platformName=windows_nt}]
Session ID: 994f3d90-9644-4f70-a2d7-ea5ff70b7b72
*** Element info: {Using=css selector, value=.fa.fa-lock}
	at org.openqa.selenium.remote.http.W3CHttpResponseCodec.createException(W3CHttpResponseCodec.java:150)
	at org.openqa.selenium.remote.http.W3CHttpResponseCodec.decode(W3CHttpResponseCodec.java:115)
	at org.openqa.selenium.remote.http.W3CHttpResponseCodec.decode(W3CHttpResponseCodec.java:45)
	at org.openqa.selenium.remote.HttpCommandExecutor.execute(HttpCommandExecutor.java:164)
	at org.openqa.selenium.remote.service.DriverCommandExecutor.execute(DriverCommandExecutor.java:82)
	at org.openqa.selenium.remote.RemoteWebDriver.execute(RemoteWebDriver.java:637)
	at org.openqa.selenium.remote.RemoteWebDriver.findElement(RemoteWebDriver.java:410)
	at org.openqa.selenium.remote.RemoteWebDriver.findElementByCssSelector(RemoteWebDriver.java:501)
	at org.openqa.selenium.By$ByCssSelector.findElement(By.java:430)
	at org.openqa.selenium.remote.RemoteWebDriver.findElement(RemoteWebDriver.java:402)
	at all_operations.General_Operations.Hybrid_Ops(General_Operations.java:75)
	at test_cases.Login_Test.Test_Login(Login_Test.java:22)
... Removed 29 stack frames
</div> <!-- stack-trace -->
                </div> <!-- method-content -->
              </div> <!-- method -->
              <div class="method">
                <div class="method-content">
                  <a name="Test_Login(CLICK, Login_btn, CSS, )">
                  </a> <!-- Test_Login(CLICK, Login_btn, CSS, ) -->
                  <span class="method-name">Test_Login</span>
                  <span class="parameters">(CLICK, Login_btn, CSS, )</span>
                  <div class="stack-trace">org.openqa.selenium.InvalidSelectorException: Given css selector expression &quot;div[.form-group]&gt;button[.btn.btn-primary]&quot; is invalid: InvalidSelectorError: &apos;div[.form-group]&gt;button[.btn.btn-primary]&apos; is not a valid selector: &quot;div[.form-group]&gt;button[.btn.btn-primary]&quot;
For documentation on this error, please visit: http://seleniumhq.org/exceptions/invalid_selector_exception.html
Build info: version: &apos;3.4.0&apos;, revision: &apos;unknown&apos;, time: &apos;unknown&apos;
System info: host: &apos;DESKTOP-HR6DLCF&apos;, ip: &apos;192.168.1.192&apos;, os.name: &apos;Windows 10&apos;, os.arch: &apos;amd64&apos;, os.version: &apos;10.0&apos;, java.version: &apos;1.8.0_144&apos;
Driver info: org.openqa.selenium.firefox.FirefoxDriver
Capabilities [{moz:profile=C:\Users\write\AppData\Local\Temp\rust_mozprofile.EgXEwDJVD4Jr, rotatable=false, timeouts={implicit=0.0, pageLoad=300000.0, script=30000.0}, pageLoadStrategy=normal, platform=ANY, specificationLevel=0.0, moz:accessibilityChecks=false, acceptInsecureCerts=false, browserVersion=54.0.1, platformVersion=10.0, moz:processID=15836.0, browserName=firefox, javascriptEnabled=true, platformName=windows_nt}]
Session ID: 994f3d90-9644-4f70-a2d7-ea5ff70b7b72
*** Element info: {Using=css selector, value=div[.form-group]&gt;button[.btn.btn-primary]}
	at org.openqa.selenium.remote.http.W3CHttpResponseCodec.createException(W3CHttpResponseCodec.java:150)
	at org.openqa.selenium.remote.http.W3CHttpResponseCodec.decode(W3CHttpResponseCodec.java:115)
	at org.openqa.selenium.remote.http.W3CHttpResponseCodec.decode(W3CHttpResponseCodec.java:45)
	at org.openqa.selenium.remote.HttpCommandExecutor.execute(HttpCommandExecutor.java:164)
	at org.openqa.selenium.remote.service.DriverCommandExecutor.execute(DriverCommandExecutor.java:82)
	at org.openqa.selenium.remote.RemoteWebDriver.execute(RemoteWebDriver.java:637)
	at org.openqa.selenium.remote.RemoteWebDriver.findElement(RemoteWebDriver.java:410)
	at org.openqa.selenium.remote.RemoteWebDriver.findElementByCssSelector(RemoteWebDriver.java:501)
	at org.openqa.selenium.By$ByCssSelector.findElement(By.java:430)
	at org.openqa.selenium.remote.RemoteWebDriver.findElement(RemoteWebDriver.java:402)
	at all_operations.General_Operations.Hybrid_Ops(General_Operations.java:35)
	at test_cases.Login_Test.Test_Login(Login_Test.java:22)
... Removed 29 stack frames
</div> <!-- stack-trace -->
                </div> <!-- method-content -->
              </div> <!-- method -->
              <div class="method">
                <div class="method-content">
                  <a name="Test_Login(CLICK, Login_btn, CSS, )">
                  </a> <!-- Test_Login(CLICK, Login_btn, CSS, ) -->
                  <span class="method-name">Test_Login</span>
                  <span class="parameters">(CLICK, Login_btn, CSS, )</span>
                  <div class="stack-trace">org.openqa.selenium.InvalidSelectorException: Given css selector expression &quot;div[.form-group]&gt;button[.btn.btn-primary]&quot; is invalid: InvalidSelectorError: &apos;div[.form-group]&gt;button[.btn.btn-primary]&apos; is not a valid selector: &quot;div[.form-group]&gt;button[.btn.btn-primary]&quot;
For documentation on this error, please visit: http://seleniumhq.org/exceptions/invalid_selector_exception.html
Build info: version: &apos;3.4.0&apos;, revision: &apos;unknown&apos;, time: &apos;unknown&apos;
System info: host: &apos;DESKTOP-HR6DLCF&apos;, ip: &apos;192.168.1.192&apos;, os.name: &apos;Windows 10&apos;, os.arch: &apos;amd64&apos;, os.version: &apos;10.0&apos;, java.version: &apos;1.8.0_144&apos;
Driver info: org.openqa.selenium.firefox.FirefoxDriver
Capabilities [{moz:profile=C:\Users\write\AppData\Local\Temp\rust_mozprofile.EgXEwDJVD4Jr, rotatable=false, timeouts={implicit=0.0, pageLoad=300000.0, script=30000.0}, pageLoadStrategy=normal, platform=ANY, specificationLevel=0.0, moz:accessibilityChecks=false, acceptInsecureCerts=false, browserVersion=54.0.1, platformVersion=10.0, moz:processID=15836.0, browserName=firefox, javascriptEnabled=true, platformName=windows_nt}]
Session ID: 994f3d90-9644-4f70-a2d7-ea5ff70b7b72
*** Element info: {Using=css selector, value=div[.form-group]&gt;button[.btn.btn-primary]}
	at org.openqa.selenium.remote.http.W3CHttpResponseCodec.createException(W3CHttpResponseCodec.java:150)
	at org.openqa.selenium.remote.http.W3CHttpResponseCodec.decode(W3CHttpResponseCodec.java:115)
	at org.openqa.selenium.remote.http.W3CHttpResponseCodec.decode(W3CHttpResponseCodec.java:45)
	at org.openqa.selenium.remote.HttpCommandExecutor.execute(HttpCommandExecutor.java:164)
	at org.openqa.selenium.remote.service.DriverCommandExecutor.execute(DriverCommandExecutor.java:82)
	at org.openqa.selenium.remote.RemoteWebDriver.execute(RemoteWebDriver.java:637)
	at org.openqa.selenium.remote.RemoteWebDriver.findElement(RemoteWebDriver.java:410)
	at org.openqa.selenium.remote.RemoteWebDriver.findElementByCssSelector(RemoteWebDriver.java:501)
	at org.openqa.selenium.By$ByCssSelector.findElement(By.java:430)
	at org.openqa.selenium.remote.RemoteWebDriver.findElement(RemoteWebDriver.java:402)
	at all_operations.General_Operations.Hybrid_Ops(General_Operations.java:35)
	at test_cases.Login_Test.Test_Login(Login_Test.java:22)
... Removed 28 stack frames
</div> <!-- stack-trace -->
                </div> <!-- method-content -->
              </div> <!-- method -->
              <div class="method">
                <div class="method-content">
                  <a name="Test_Login(SETTEXT, password, CSS, blued)">
                  </a> <!-- Test_Login(SETTEXT, password, CSS, blued) -->
                  <span class="method-name">Test_Login</span>
                  <span class="parameters">(SETTEXT, password, CSS, blued)</span>
                  <div class="stack-trace">org.openqa.selenium.NoSuchElementException: Unable to locate element: input[class=&apos;form-control&apos;][name=&apos;password&apos;]
For documentation on this error, please visit: http://seleniumhq.org/exceptions/no_such_element.html
Build info: version: &apos;3.4.0&apos;, revision: &apos;unknown&apos;, time: &apos;unknown&apos;
System info: host: &apos;DESKTOP-HR6DLCF&apos;, ip: &apos;192.168.1.192&apos;, os.name: &apos;Windows 10&apos;, os.arch: &apos;amd64&apos;, os.version: &apos;10.0&apos;, java.version: &apos;1.8.0_144&apos;
Driver info: org.openqa.selenium.firefox.FirefoxDriver
Capabilities [{moz:profile=C:\Users\write\AppData\Local\Temp\rust_mozprofile.EgXEwDJVD4Jr, rotatable=false, timeouts={implicit=0.0, pageLoad=300000.0, script=30000.0}, pageLoadStrategy=normal, platform=ANY, specificationLevel=0.0, moz:accessibilityChecks=false, acceptInsecureCerts=false, browserVersion=54.0.1, platformVersion=10.0, moz:processID=15836.0, browserName=firefox, javascriptEnabled=true, platformName=windows_nt}]
Session ID: 994f3d90-9644-4f70-a2d7-ea5ff70b7b72
*** Element info: {Using=css selector, value=input[class=&apos;form-control&apos;][name=&apos;password&apos;]}
	at org.openqa.selenium.remote.http.W3CHttpResponseCodec.createException(W3CHttpResponseCodec.java:150)
	at org.openqa.selenium.remote.http.W3CHttpResponseCodec.decode(W3CHttpResponseCodec.java:115)
	at org.openqa.selenium.remote.http.W3CHttpResponseCodec.decode(W3CHttpResponseCodec.java:45)
	at org.openqa.selenium.remote.HttpCommandExecutor.execute(HttpCommandExecutor.java:164)
	at org.openqa.selenium.remote.service.DriverCommandExecutor.execute(DriverCommandExecutor.java:82)
	at org.openqa.selenium.remote.RemoteWebDriver.execute(RemoteWebDriver.java:637)
	at org.openqa.selenium.remote.RemoteWebDriver.findElement(RemoteWebDriver.java:410)
	at org.openqa.selenium.remote.RemoteWebDriver.findElementByCssSelector(RemoteWebDriver.java:501)
	at org.openqa.selenium.By$ByCssSelector.findElement(By.java:430)
	at org.openqa.selenium.remote.RemoteWebDriver.findElement(RemoteWebDriver.java:402)
	at all_operations.General_Operations.Hybrid_Ops(General_Operations.java:22)
	at test_cases.Login_Test.Test_Login(Login_Test.java:22)
... Removed 29 stack frames
</div> <!-- stack-trace -->
                </div> <!-- method-content -->
              </div> <!-- method -->
              <div class="method">
                <div class="method-content">
                  <a name="Test_Login(SETTEXT, user, CSS, waqas+1@blueorcastudios.com)">
                  </a> <!-- Test_Login(SETTEXT, user, CSS, waqas+1@blueorcastudios.com) -->
                  <span class="method-name">Test_Login</span>
                  <span class="parameters">(SETTEXT, user, CSS, waqas+1@blueorcastudios.com)</span>
                  <div class="stack-trace">org.openqa.selenium.NoSuchElementException: Unable to locate element: input[class=&apos;form-control&apos;][name=&apos;email&apos;]
For documentation on this error, please visit: http://seleniumhq.org/exceptions/no_such_element.html
Build info: version: &apos;3.4.0&apos;, revision: &apos;unknown&apos;, time: &apos;unknown&apos;
System info: host: &apos;DESKTOP-HR6DLCF&apos;, ip: &apos;192.168.1.192&apos;, os.name: &apos;Windows 10&apos;, os.arch: &apos;amd64&apos;, os.version: &apos;10.0&apos;, java.version: &apos;1.8.0_144&apos;
Driver info: org.openqa.selenium.firefox.FirefoxDriver
Capabilities [{moz:profile=C:\Users\write\AppData\Local\Temp\rust_mozprofile.EgXEwDJVD4Jr, rotatable=false, timeouts={implicit=0.0, pageLoad=300000.0, script=30000.0}, pageLoadStrategy=normal, platform=ANY, specificationLevel=0.0, moz:accessibilityChecks=false, acceptInsecureCerts=false, browserVersion=54.0.1, platformVersion=10.0, moz:processID=15836.0, browserName=firefox, javascriptEnabled=true, platformName=windows_nt}]
Session ID: 994f3d90-9644-4f70-a2d7-ea5ff70b7b72
*** Element info: {Using=css selector, value=input[class=&apos;form-control&apos;][name=&apos;email&apos;]}
	at org.openqa.selenium.remote.http.W3CHttpResponseCodec.createException(W3CHttpResponseCodec.java:150)
	at org.openqa.selenium.remote.http.W3CHttpResponseCodec.decode(W3CHttpResponseCodec.java:115)
	at org.openqa.selenium.remote.http.W3CHttpResponseCodec.decode(W3CHttpResponseCodec.java:45)
	at org.openqa.selenium.remote.HttpCommandExecutor.execute(HttpCommandExecutor.java:164)
	at org.openqa.selenium.remote.service.DriverCommandExecutor.execute(DriverCommandExecutor.java:82)
	at org.openqa.selenium.remote.RemoteWebDriver.execute(RemoteWebDriver.java:637)
	at org.openqa.selenium.remote.RemoteWebDriver.findElement(RemoteWebDriver.java:410)
	at org.openqa.selenium.remote.RemoteWebDriver.findElementByCssSelector(RemoteWebDriver.java:501)
	at org.openqa.selenium.By$ByCssSelector.findElement(By.java:430)
	at org.openqa.selenium.remote.RemoteWebDriver.findElement(RemoteWebDriver.java:402)
	at all_operations.General_Operations.Hybrid_Ops(General_Operations.java:22)
	at test_cases.Login_Test.Test_Login(Login_Test.java:22)
... Removed 28 stack frames
</div> <!-- stack-trace -->
                </div> <!-- method-content -->
              </div> <!-- method -->
              <div class="method">
                <div class="method-content">
                  <a name="Test_Login(CLEANTEXT, user, CSS, )">
                  </a> <!-- Test_Login(CLEANTEXT, user, CSS, ) -->
                  <span class="method-name">Test_Login</span>
                  <span class="parameters">(CLEANTEXT, user, CSS, )</span>
                  <div class="stack-trace">org.openqa.selenium.NoSuchElementException: Unable to locate element: input[class=&apos;form-control&apos;][name=&apos;email&apos;]
For documentation on this error, please visit: http://seleniumhq.org/exceptions/no_such_element.html
Build info: version: &apos;3.4.0&apos;, revision: &apos;unknown&apos;, time: &apos;unknown&apos;
System info: host: &apos;DESKTOP-HR6DLCF&apos;, ip: &apos;192.168.1.192&apos;, os.name: &apos;Windows 10&apos;, os.arch: &apos;amd64&apos;, os.version: &apos;10.0&apos;, java.version: &apos;1.8.0_144&apos;
Driver info: org.openqa.selenium.firefox.FirefoxDriver
Capabilities [{moz:profile=C:\Users\write\AppData\Local\Temp\rust_mozprofile.EgXEwDJVD4Jr, rotatable=false, timeouts={implicit=0.0, pageLoad=300000.0, script=30000.0}, pageLoadStrategy=normal, platform=ANY, specificationLevel=0.0, moz:accessibilityChecks=false, acceptInsecureCerts=false, browserVersion=54.0.1, platformVersion=10.0, moz:processID=15836.0, browserName=firefox, javascriptEnabled=true, platformName=windows_nt}]
Session ID: 994f3d90-9644-4f70-a2d7-ea5ff70b7b72
*** Element info: {Using=css selector, value=input[class=&apos;form-control&apos;][name=&apos;email&apos;]}
	at org.openqa.selenium.remote.http.W3CHttpResponseCodec.createException(W3CHttpResponseCodec.java:150)
	at org.openqa.selenium.remote.http.W3CHttpResponseCodec.decode(W3CHttpResponseCodec.java:115)
	at org.openqa.selenium.remote.http.W3CHttpResponseCodec.decode(W3CHttpResponseCodec.java:45)
	at org.openqa.selenium.remote.HttpCommandExecutor.execute(HttpCommandExecutor.java:164)
	at org.openqa.selenium.remote.service.DriverCommandExecutor.execute(DriverCommandExecutor.java:82)
	at org.openqa.selenium.remote.RemoteWebDriver.execute(RemoteWebDriver.java:637)
	at org.openqa.selenium.remote.RemoteWebDriver.findElement(RemoteWebDriver.java:410)
	at org.openqa.selenium.remote.RemoteWebDriver.findElementByCssSelector(RemoteWebDriver.java:501)
	at org.openqa.selenium.By$ByCssSelector.findElement(By.java:430)
	at org.openqa.selenium.remote.RemoteWebDriver.findElement(RemoteWebDriver.java:402)
	at all_operations.General_Operations.Hybrid_Ops(General_Operations.java:28)
	at test_cases.Login_Test.Test_Login(Login_Test.java:22)
... Removed 29 stack frames
</div> <!-- stack-trace -->
                </div> <!-- method-content -->
              </div> <!-- method -->
              <div class="method">
                <div class="method-content">
                  <a name="Test_Login(SETTEXT, password, CSS, aaa@123)">
                  </a> <!-- Test_Login(SETTEXT, password, CSS, aaa@123) -->
                  <span class="method-name">Test_Login</span>
                  <span class="parameters">(SETTEXT, password, CSS, aaa@123)</span>
                  <div class="stack-trace">org.openqa.selenium.NoSuchElementException: Unable to locate element: input[class=&apos;form-control&apos;][name=&apos;password&apos;]
For documentation on this error, please visit: http://seleniumhq.org/exceptions/no_such_element.html
Build info: version: &apos;3.4.0&apos;, revision: &apos;unknown&apos;, time: &apos;unknown&apos;
System info: host: &apos;DESKTOP-HR6DLCF&apos;, ip: &apos;192.168.1.192&apos;, os.name: &apos;Windows 10&apos;, os.arch: &apos;amd64&apos;, os.version: &apos;10.0&apos;, java.version: &apos;1.8.0_144&apos;
Driver info: org.openqa.selenium.firefox.FirefoxDriver
Capabilities [{moz:profile=C:\Users\write\AppData\Local\Temp\rust_mozprofile.EgXEwDJVD4Jr, rotatable=false, timeouts={implicit=0.0, pageLoad=300000.0, script=30000.0}, pageLoadStrategy=normal, platform=ANY, specificationLevel=0.0, moz:accessibilityChecks=false, acceptInsecureCerts=false, browserVersion=54.0.1, platformVersion=10.0, moz:processID=15836.0, browserName=firefox, javascriptEnabled=true, platformName=windows_nt}]
Session ID: 994f3d90-9644-4f70-a2d7-ea5ff70b7b72
*** Element info: {Using=css selector, value=input[class=&apos;form-control&apos;][name=&apos;password&apos;]}
	at org.openqa.selenium.remote.http.W3CHttpResponseCodec.createException(W3CHttpResponseCodec.java:150)
	at org.openqa.selenium.remote.http.W3CHttpResponseCodec.decode(W3CHttpResponseCodec.java:115)
	at org.openqa.selenium.remote.http.W3CHttpResponseCodec.decode(W3CHttpResponseCodec.java:45)
	at org.openqa.selenium.remote.HttpCommandExecutor.execute(HttpCommandExecutor.java:164)
	at org.openqa.selenium.remote.service.DriverCommandExecutor.execute(DriverCommandExecutor.java:82)
	at org.openqa.selenium.remote.RemoteWebDriver.execute(RemoteWebDriver.java:637)
	at org.openqa.selenium.remote.RemoteWebDriver.findElement(RemoteWebDriver.java:410)
	at org.openqa.selenium.remote.RemoteWebDriver.findElementByCssSelector(RemoteWebDriver.java:501)
	at org.openqa.selenium.By$ByCssSelector.findElement(By.java:430)
	at org.openqa.selenium.remote.RemoteWebDriver.findElement(RemoteWebDriver.java:402)
	at all_operations.General_Operations.Hybrid_Ops(General_Operations.java:22)
	at test_cases.Login_Test.Test_Login(Login_Test.java:22)
... Removed 28 stack frames
</div> <!-- stack-trace -->
                </div> <!-- method-content -->
              </div> <!-- method -->
              <div class="method">
                <div class="method-content">
                  <a name="Test_Login(CLEANTEXT, password, CSS, )">
                  </a> <!-- Test_Login(CLEANTEXT, password, CSS, ) -->
                  <span class="method-name">Test_Login</span>
                  <span class="parameters">(CLEANTEXT, password, CSS, )</span>
                  <div class="stack-trace">org.openqa.selenium.NoSuchElementException: Unable to locate element: input[class=&apos;form-control&apos;][name=&apos;password&apos;]
For documentation on this error, please visit: http://seleniumhq.org/exceptions/no_such_element.html
Build info: version: &apos;3.4.0&apos;, revision: &apos;unknown&apos;, time: &apos;unknown&apos;
System info: host: &apos;DESKTOP-HR6DLCF&apos;, ip: &apos;192.168.1.192&apos;, os.name: &apos;Windows 10&apos;, os.arch: &apos;amd64&apos;, os.version: &apos;10.0&apos;, java.version: &apos;1.8.0_144&apos;
Driver info: org.openqa.selenium.firefox.FirefoxDriver
Capabilities [{moz:profile=C:\Users\write\AppData\Local\Temp\rust_mozprofile.EgXEwDJVD4Jr, rotatable=false, timeouts={implicit=0.0, pageLoad=300000.0, script=30000.0}, pageLoadStrategy=normal, platform=ANY, specificationLevel=0.0, moz:accessibilityChecks=false, acceptInsecureCerts=false, browserVersion=54.0.1, platformVersion=10.0, moz:processID=15836.0, browserName=firefox, javascriptEnabled=true, platformName=windows_nt}]
Session ID: 994f3d90-9644-4f70-a2d7-ea5ff70b7b72
*** Element info: {Using=css selector, value=input[class=&apos;form-control&apos;][name=&apos;password&apos;]}
	at org.openqa.selenium.remote.http.W3CHttpResponseCodec.createException(W3CHttpResponseCodec.java:150)
	at org.openqa.selenium.remote.http.W3CHttpResponseCodec.decode(W3CHttpResponseCodec.java:115)
	at org.openqa.selenium.remote.http.W3CHttpResponseCodec.decode(W3CHttpResponseCodec.java:45)
	at org.openqa.selenium.remote.HttpCommandExecutor.execute(HttpCommandExecutor.java:164)
	at org.openqa.selenium.remote.service.DriverCommandExecutor.execute(DriverCommandExecutor.java:82)
	at org.openqa.selenium.remote.RemoteWebDriver.execute(RemoteWebDriver.java:637)
	at org.openqa.selenium.remote.RemoteWebDriver.findElement(RemoteWebDriver.java:410)
	at org.openqa.selenium.remote.RemoteWebDriver.findElementByCssSelector(RemoteWebDriver.java:501)
	at org.openqa.selenium.By$ByCssSelector.findElement(By.java:430)
	at org.openqa.selenium.remote.RemoteWebDriver.findElement(RemoteWebDriver.java:402)
	at all_operations.General_Operations.Hybrid_Ops(General_Operations.java:28)
	at test_cases.Login_Test.Test_Login(Login_Test.java:22)
... Removed 29 stack frames
</div> <!-- stack-trace -->
                </div> <!-- method-content -->
              </div> <!-- method -->
              <div class="method">
                <div class="method-content">
                  <a name="Test_Login(SETTEXT, user, CSS, nauman)">
                  </a> <!-- Test_Login(SETTEXT, user, CSS, nauman) -->
                  <span class="method-name">Test_Login</span>
                  <span class="parameters">(SETTEXT, user, CSS, nauman)</span>
                  <div class="stack-trace">org.openqa.selenium.NoSuchElementException: Unable to locate element: input[class=&apos;form-control&apos;][name=&apos;email&apos;]
For documentation on this error, please visit: http://seleniumhq.org/exceptions/no_such_element.html
Build info: version: &apos;3.4.0&apos;, revision: &apos;unknown&apos;, time: &apos;unknown&apos;
System info: host: &apos;DESKTOP-HR6DLCF&apos;, ip: &apos;192.168.1.192&apos;, os.name: &apos;Windows 10&apos;, os.arch: &apos;amd64&apos;, os.version: &apos;10.0&apos;, java.version: &apos;1.8.0_144&apos;
Driver info: org.openqa.selenium.firefox.FirefoxDriver
Capabilities [{moz:profile=C:\Users\write\AppData\Local\Temp\rust_mozprofile.EgXEwDJVD4Jr, rotatable=false, timeouts={implicit=0.0, pageLoad=300000.0, script=30000.0}, pageLoadStrategy=normal, platform=ANY, specificationLevel=0.0, moz:accessibilityChecks=false, acceptInsecureCerts=false, browserVersion=54.0.1, platformVersion=10.0, moz:processID=15836.0, browserName=firefox, javascriptEnabled=true, platformName=windows_nt}]
Session ID: 994f3d90-9644-4f70-a2d7-ea5ff70b7b72
*** Element info: {Using=css selector, value=input[class=&apos;form-control&apos;][name=&apos;email&apos;]}
	at org.openqa.selenium.remote.http.W3CHttpResponseCodec.createException(W3CHttpResponseCodec.java:150)
	at org.openqa.selenium.remote.http.W3CHttpResponseCodec.decode(W3CHttpResponseCodec.java:115)
	at org.openqa.selenium.remote.http.W3CHttpResponseCodec.decode(W3CHttpResponseCodec.java:45)
	at org.openqa.selenium.remote.HttpCommandExecutor.execute(HttpCommandExecutor.java:164)
	at org.openqa.selenium.remote.service.DriverCommandExecutor.execute(DriverCommandExecutor.java:82)
	at org.openqa.selenium.remote.RemoteWebDriver.execute(RemoteWebDriver.java:637)
	at org.openqa.selenium.remote.RemoteWebDriver.findElement(RemoteWebDriver.java:410)
	at org.openqa.selenium.remote.RemoteWebDriver.findElementByCssSelector(RemoteWebDriver.java:501)
	at org.openqa.selenium.By$ByCssSelector.findElement(By.java:430)
	at org.openqa.selenium.remote.RemoteWebDriver.findElement(RemoteWebDriver.java:402)
	at all_operations.General_Operations.Hybrid_Ops(General_Operations.java:22)
	at test_cases.Login_Test.Test_Login(Login_Test.java:22)
... Removed 29 stack frames
</div> <!-- stack-trace -->
                </div> <!-- method-content -->
              </div> <!-- method -->
              <div class="method">
                <div class="method-content">
                  <a name="Test_Login(SETTEXT, user, CSS, awais@gmail.com)">
                  </a> <!-- Test_Login(SETTEXT, user, CSS, awais@gmail.com) -->
                  <span class="method-name">Test_Login</span>
                  <span class="parameters">(SETTEXT, user, CSS, awais@gmail.com)</span>
                  <div class="stack-trace">org.openqa.selenium.NoSuchElementException: Unable to locate element: input[class=&apos;form-control&apos;][name=&apos;email&apos;]
For documentation on this error, please visit: http://seleniumhq.org/exceptions/no_such_element.html
Build info: version: &apos;3.4.0&apos;, revision: &apos;unknown&apos;, time: &apos;unknown&apos;
System info: host: &apos;DESKTOP-HR6DLCF&apos;, ip: &apos;192.168.1.192&apos;, os.name: &apos;Windows 10&apos;, os.arch: &apos;amd64&apos;, os.version: &apos;10.0&apos;, java.version: &apos;1.8.0_144&apos;
Driver info: org.openqa.selenium.firefox.FirefoxDriver
Capabilities [{moz:profile=C:\Users\write\AppData\Local\Temp\rust_mozprofile.EgXEwDJVD4Jr, rotatable=false, timeouts={implicit=0.0, pageLoad=300000.0, script=30000.0}, pageLoadStrategy=normal, platform=ANY, specificationLevel=0.0, moz:accessibilityChecks=false, acceptInsecureCerts=false, browserVersion=54.0.1, platformVersion=10.0, moz:processID=15836.0, browserName=firefox, javascriptEnabled=true, platformName=windows_nt}]
Session ID: 994f3d90-9644-4f70-a2d7-ea5ff70b7b72
*** Element info: {Using=css selector, value=input[class=&apos;form-control&apos;][name=&apos;email&apos;]}
	at org.openqa.selenium.remote.http.W3CHttpResponseCodec.createException(W3CHttpResponseCodec.java:150)
	at org.openqa.selenium.remote.http.W3CHttpResponseCodec.decode(W3CHttpResponseCodec.java:115)
	at org.openqa.selenium.remote.http.W3CHttpResponseCodec.decode(W3CHttpResponseCodec.java:45)
	at org.openqa.selenium.remote.HttpCommandExecutor.execute(HttpCommandExecutor.java:164)
	at org.openqa.selenium.remote.service.DriverCommandExecutor.execute(DriverCommandExecutor.java:82)
	at org.openqa.selenium.remote.RemoteWebDriver.execute(RemoteWebDriver.java:637)
	at org.openqa.selenium.remote.RemoteWebDriver.findElement(RemoteWebDriver.java:410)
	at org.openqa.selenium.remote.RemoteWebDriver.findElementByCssSelector(RemoteWebDriver.java:501)
	at org.openqa.selenium.By$ByCssSelector.findElement(By.java:430)
	at org.openqa.selenium.remote.RemoteWebDriver.findElement(RemoteWebDriver.java:402)
	at all_operations.General_Operations.Hybrid_Ops(General_Operations.java:22)
	at test_cases.Login_Test.Test_Login(Login_Test.java:22)
... Removed 29 stack frames
</div> <!-- stack-trace -->
                </div> <!-- method-content -->
              </div> <!-- method -->
              <div class="method">
                <div class="method-content">
                  <a name="Test_Login(CLEANTEXT, user, CSS, )">
                  </a> <!-- Test_Login(CLEANTEXT, user, CSS, ) -->
                  <span class="method-name">Test_Login</span>
                  <span class="parameters">(CLEANTEXT, user, CSS, )</span>
                  <div class="stack-trace">org.openqa.selenium.NoSuchElementException: Unable to locate element: input[class=&apos;form-control&apos;][name=&apos;email&apos;]
For documentation on this error, please visit: http://seleniumhq.org/exceptions/no_such_element.html
Build info: version: &apos;3.4.0&apos;, revision: &apos;unknown&apos;, time: &apos;unknown&apos;
System info: host: &apos;DESKTOP-HR6DLCF&apos;, ip: &apos;192.168.1.192&apos;, os.name: &apos;Windows 10&apos;, os.arch: &apos;amd64&apos;, os.version: &apos;10.0&apos;, java.version: &apos;1.8.0_144&apos;
Driver info: org.openqa.selenium.firefox.FirefoxDriver
Capabilities [{moz:profile=C:\Users\write\AppData\Local\Temp\rust_mozprofile.EgXEwDJVD4Jr, rotatable=false, timeouts={implicit=0.0, pageLoad=300000.0, script=30000.0}, pageLoadStrategy=normal, platform=ANY, specificationLevel=0.0, moz:accessibilityChecks=false, acceptInsecureCerts=false, browserVersion=54.0.1, platformVersion=10.0, moz:processID=15836.0, browserName=firefox, javascriptEnabled=true, platformName=windows_nt}]
Session ID: 994f3d90-9644-4f70-a2d7-ea5ff70b7b72
*** Element info: {Using=css selector, value=input[class=&apos;form-control&apos;][name=&apos;email&apos;]}
	at org.openqa.selenium.remote.http.W3CHttpResponseCodec.createException(W3CHttpResponseCodec.java:150)
	at org.openqa.selenium.remote.http.W3CHttpResponseCodec.decode(W3CHttpResponseCodec.java:115)
	at org.openqa.selenium.remote.http.W3CHttpResponseCodec.decode(W3CHttpResponseCodec.java:45)
	at org.openqa.selenium.remote.HttpCommandExecutor.execute(HttpCommandExecutor.java:164)
	at org.openqa.selenium.remote.service.DriverCommandExecutor.execute(DriverCommandExecutor.java:82)
	at org.openqa.selenium.remote.RemoteWebDriver.execute(RemoteWebDriver.java:637)
	at org.openqa.selenium.remote.RemoteWebDriver.findElement(RemoteWebDriver.java:410)
	at org.openqa.selenium.remote.RemoteWebDriver.findElementByCssSelector(RemoteWebDriver.java:501)
	at org.openqa.selenium.By$ByCssSelector.findElement(By.java:430)
	at org.openqa.selenium.remote.RemoteWebDriver.findElement(RemoteWebDriver.java:402)
	at all_operations.General_Operations.Hybrid_Ops(General_Operations.java:28)
	at test_cases.Login_Test.Test_Login(Login_Test.java:22)
... Removed 29 stack frames
</div> <!-- stack-trace -->
                </div> <!-- method-content -->
              </div> <!-- method -->
              <div class="method">
                <div class="method-content">
                  <a name="Test_Login(CLICK, Signin_btn, CSS, )">
                  </a> <!-- Test_Login(CLICK, Signin_btn, CSS, ) -->
                  <span class="method-name">Test_Login</span>
                  <span class="parameters">(CLICK, Signin_btn, CSS, )</span>
                  <div class="stack-trace">org.openqa.selenium.NoSuchElementException: Unable to locate element: .btn.btn-login
For documentation on this error, please visit: http://seleniumhq.org/exceptions/no_such_element.html
Build info: version: &apos;3.4.0&apos;, revision: &apos;unknown&apos;, time: &apos;unknown&apos;
System info: host: &apos;DESKTOP-HR6DLCF&apos;, ip: &apos;192.168.1.192&apos;, os.name: &apos;Windows 10&apos;, os.arch: &apos;amd64&apos;, os.version: &apos;10.0&apos;, java.version: &apos;1.8.0_144&apos;
Driver info: org.openqa.selenium.firefox.FirefoxDriver
Capabilities [{moz:profile=C:\Users\write\AppData\Local\Temp\rust_mozprofile.EgXEwDJVD4Jr, rotatable=false, timeouts={implicit=0.0, pageLoad=300000.0, script=30000.0}, pageLoadStrategy=normal, platform=ANY, specificationLevel=0.0, moz:accessibilityChecks=false, acceptInsecureCerts=false, browserVersion=54.0.1, platformVersion=10.0, moz:processID=15836.0, browserName=firefox, javascriptEnabled=true, platformName=windows_nt}]
Session ID: 994f3d90-9644-4f70-a2d7-ea5ff70b7b72
*** Element info: {Using=css selector, value=.btn.btn-login}
	at org.openqa.selenium.remote.http.W3CHttpResponseCodec.createException(W3CHttpResponseCodec.java:150)
	at org.openqa.selenium.remote.http.W3CHttpResponseCodec.decode(W3CHttpResponseCodec.java:115)
	at org.openqa.selenium.remote.http.W3CHttpResponseCodec.decode(W3CHttpResponseCodec.java:45)
	at org.openqa.selenium.remote.HttpCommandExecutor.execute(HttpCommandExecutor.java:164)
	at org.openqa.selenium.remote.service.DriverCommandExecutor.execute(DriverCommandExecutor.java:82)
	at org.openqa.selenium.remote.RemoteWebDriver.execute(RemoteWebDriver.java:637)
	at org.openqa.selenium.remote.RemoteWebDriver.findElement(RemoteWebDriver.java:410)
	at org.openqa.selenium.remote.RemoteWebDriver.findElementByCssSelector(RemoteWebDriver.java:501)
	at org.openqa.selenium.By$ByCssSelector.findElement(By.java:430)
	at org.openqa.selenium.remote.RemoteWebDriver.findElement(RemoteWebDriver.java:402)
	at all_operations.General_Operations.Hybrid_Ops(General_Operations.java:35)
	at test_cases.Login_Test.Test_Login(Login_Test.java:22)
... Removed 29 stack frames
</div> <!-- stack-trace -->
                </div> <!-- method-content -->
              </div> <!-- method -->
              <div class="method">
                <div class="method-content">
                  <a name="Test_Login_Admin(SETTEXT, user, CSS, waqas+1@blueorcastudios.com)">
                  </a> <!-- Test_Login_Admin(SETTEXT, user, CSS, waqas+1@blueorcastudios.com) -->
                  <span class="method-name">Test_Login_Admin</span>
                  <span class="parameters">(SETTEXT, user, CSS, waqas+1@blueorcastudios.com)</span>
                  <div class="stack-trace">org.openqa.selenium.NoSuchElementException: Unable to locate element: input[class=&apos;form-control&apos;][name=&apos;email&apos;]
For documentation on this error, please visit: http://seleniumhq.org/exceptions/no_such_element.html
Build info: version: &apos;3.4.0&apos;, revision: &apos;unknown&apos;, time: &apos;unknown&apos;
System info: host: &apos;DESKTOP-HR6DLCF&apos;, ip: &apos;192.168.1.192&apos;, os.name: &apos;Windows 10&apos;, os.arch: &apos;amd64&apos;, os.version: &apos;10.0&apos;, java.version: &apos;1.8.0_144&apos;
Driver info: org.openqa.selenium.firefox.FirefoxDriver
Capabilities [{moz:profile=C:\Users\write\AppData\Local\Temp\rust_mozprofile.MUL4ErTP087M, rotatable=false, timeouts={implicit=0.0, pageLoad=300000.0, script=30000.0}, pageLoadStrategy=normal, platform=ANY, specificationLevel=0.0, moz:accessibilityChecks=false, acceptInsecureCerts=false, browserVersion=54.0.1, platformVersion=10.0, moz:processID=19024.0, browserName=firefox, javascriptEnabled=true, platformName=windows_nt}]
Session ID: 8f5baccf-5f0f-43d1-9573-60bb8e2facee
*** Element info: {Using=css selector, value=input[class=&apos;form-control&apos;][name=&apos;email&apos;]}
	at org.openqa.selenium.remote.http.W3CHttpResponseCodec.createException(W3CHttpResponseCodec.java:150)
	at org.openqa.selenium.remote.http.W3CHttpResponseCodec.decode(W3CHttpResponseCodec.java:115)
	at org.openqa.selenium.remote.http.W3CHttpResponseCodec.decode(W3CHttpResponseCodec.java:45)
	at org.openqa.selenium.remote.HttpCommandExecutor.execute(HttpCommandExecutor.java:164)
	at org.openqa.selenium.remote.service.DriverCommandExecutor.execute(DriverCommandExecutor.java:82)
	at org.openqa.selenium.remote.RemoteWebDriver.execute(RemoteWebDriver.java:637)
	at org.openqa.selenium.remote.RemoteWebDriver.findElement(RemoteWebDriver.java:410)
	at org.openqa.selenium.remote.RemoteWebDriver.findElementByCssSelector(RemoteWebDriver.java:501)
	at org.openqa.selenium.By$ByCssSelector.findElement(By.java:430)
	at org.openqa.selenium.remote.RemoteWebDriver.findElement(RemoteWebDriver.java:402)
	at all_operations.General_Operations.Hybrid_Ops(General_Operations.java:22)
	at test_cases.Login_Test.Test_Login_Admin(Login_Test.java:16)
... Removed 29 stack frames
</div> <!-- stack-trace -->
                </div> <!-- method-content -->
              </div> <!-- method -->
              <div class="method">
                <div class="method-content">
                  <a name="Test_Login_Admin(CLICK, Signin_btn, CSS, )">
                  </a> <!-- Test_Login_Admin(CLICK, Signin_btn, CSS, ) -->
                  <span class="method-name">Test_Login_Admin</span>
                  <span class="parameters">(CLICK, Signin_btn, CSS, )</span>
                  <div class="stack-trace">org.openqa.selenium.NoSuchElementException: Unable to locate element: .btn.btn-login
For documentation on this error, please visit: http://seleniumhq.org/exceptions/no_such_element.html
Build info: version: &apos;3.4.0&apos;, revision: &apos;unknown&apos;, time: &apos;unknown&apos;
System info: host: &apos;DESKTOP-HR6DLCF&apos;, ip: &apos;192.168.1.192&apos;, os.name: &apos;Windows 10&apos;, os.arch: &apos;amd64&apos;, os.version: &apos;10.0&apos;, java.version: &apos;1.8.0_144&apos;
Driver info: org.openqa.selenium.firefox.FirefoxDriver
Capabilities [{moz:profile=C:\Users\write\AppData\Local\Temp\rust_mozprofile.MUL4ErTP087M, rotatable=false, timeouts={implicit=0.0, pageLoad=300000.0, script=30000.0}, pageLoadStrategy=normal, platform=ANY, specificationLevel=0.0, moz:accessibilityChecks=false, acceptInsecureCerts=false, browserVersion=54.0.1, platformVersion=10.0, moz:processID=19024.0, browserName=firefox, javascriptEnabled=true, platformName=windows_nt}]
Session ID: 8f5baccf-5f0f-43d1-9573-60bb8e2facee
*** Element info: {Using=css selector, value=.btn.btn-login}
	at org.openqa.selenium.remote.http.W3CHttpResponseCodec.createException(W3CHttpResponseCodec.java:150)
	at org.openqa.selenium.remote.http.W3CHttpResponseCodec.decode(W3CHttpResponseCodec.java:115)
	at org.openqa.selenium.remote.http.W3CHttpResponseCodec.decode(W3CHttpResponseCodec.java:45)
	at org.openqa.selenium.remote.HttpCommandExecutor.execute(HttpCommandExecutor.java:164)
	at org.openqa.selenium.remote.service.DriverCommandExecutor.execute(DriverCommandExecutor.java:82)
	at org.openqa.selenium.remote.RemoteWebDriver.execute(RemoteWebDriver.java:637)
	at org.openqa.selenium.remote.RemoteWebDriver.findElement(RemoteWebDriver.java:410)
	at org.openqa.selenium.remote.RemoteWebDriver.findElementByCssSelector(RemoteWebDriver.java:501)
	at org.openqa.selenium.By$ByCssSelector.findElement(By.java:430)
	at org.openqa.selenium.remote.RemoteWebDriver.findElement(RemoteWebDriver.java:402)
	at all_operations.General_Operations.Hybrid_Ops(General_Operations.java:35)
	at test_cases.Login_Test.Test_Login_Admin(Login_Test.java:16)
... Removed 29 stack frames
</div> <!-- stack-trace -->
                </div> <!-- method-content -->
              </div> <!-- method -->
              <div class="method">
                <div class="method-content">
                  <a name="Test_Login_Admin(SETTEXT, password, CSS, aaa@123)">
                  </a> <!-- Test_Login_Admin(SETTEXT, password, CSS, aaa@123) -->
                  <span class="method-name">Test_Login_Admin</span>
                  <span class="parameters">(SETTEXT, password, CSS, aaa@123)</span>
                  <div class="stack-trace">org.openqa.selenium.NoSuchElementException: Unable to locate element: input[class=&apos;form-control&apos;][name=&apos;password&apos;]
For documentation on this error, please visit: http://seleniumhq.org/exceptions/no_such_element.html
Build info: version: &apos;3.4.0&apos;, revision: &apos;unknown&apos;, time: &apos;unknown&apos;
System info: host: &apos;DESKTOP-HR6DLCF&apos;, ip: &apos;192.168.1.192&apos;, os.name: &apos;Windows 10&apos;, os.arch: &apos;amd64&apos;, os.version: &apos;10.0&apos;, java.version: &apos;1.8.0_144&apos;
Driver info: org.openqa.selenium.firefox.FirefoxDriver
Capabilities [{moz:profile=C:\Users\write\AppData\Local\Temp\rust_mozprofile.MUL4ErTP087M, rotatable=false, timeouts={implicit=0.0, pageLoad=300000.0, script=30000.0}, pageLoadStrategy=normal, platform=ANY, specificationLevel=0.0, moz:accessibilityChecks=false, acceptInsecureCerts=false, browserVersion=54.0.1, platformVersion=10.0, moz:processID=19024.0, browserName=firefox, javascriptEnabled=true, platformName=windows_nt}]
Session ID: 8f5baccf-5f0f-43d1-9573-60bb8e2facee
*** Element info: {Using=css selector, value=input[class=&apos;form-control&apos;][name=&apos;password&apos;]}
	at org.openqa.selenium.remote.http.W3CHttpResponseCodec.createException(W3CHttpResponseCodec.java:150)
	at org.openqa.selenium.remote.http.W3CHttpResponseCodec.decode(W3CHttpResponseCodec.java:115)
	at org.openqa.selenium.remote.http.W3CHttpResponseCodec.decode(W3CHttpResponseCodec.java:45)
	at org.openqa.selenium.remote.HttpCommandExecutor.execute(HttpCommandExecutor.java:164)
	at org.openqa.selenium.remote.service.DriverCommandExecutor.execute(DriverCommandExecutor.java:82)
	at org.openqa.selenium.remote.RemoteWebDriver.execute(RemoteWebDriver.java:637)
	at org.openqa.selenium.remote.RemoteWebDriver.findElement(RemoteWebDriver.java:410)
	at org.openqa.selenium.remote.RemoteWebDriver.findElementByCssSelector(RemoteWebDriver.java:501)
	at org.openqa.selenium.By$ByCssSelector.findElement(By.java:430)
	at org.openqa.selenium.remote.RemoteWebDriver.findElement(RemoteWebDriver.java:402)
	at all_operations.General_Operations.Hybrid_Ops(General_Operations.java:22)
	at test_cases.Login_Test.Test_Login_Admin(Login_Test.java:16)
... Removed 29 stack frames
</div> <!-- stack-trace -->
                </div> <!-- method-content -->
              </div> <!-- method -->
              <div class="method">
                <div class="method-content">
                  <a name="Test_Login_Admin(JS CLICK, login, CSS, )">
                  </a> <!-- Test_Login_Admin(JS CLICK, login, CSS, ) -->
                  <span class="method-name">Test_Login_Admin</span>
                  <span class="parameters">(JS CLICK, login, CSS, )</span>
                  <div class="stack-trace">org.openqa.selenium.NoSuchElementException: Unable to locate element: .fa.fa-lock
For documentation on this error, please visit: http://seleniumhq.org/exceptions/no_such_element.html
Build info: version: &apos;3.4.0&apos;, revision: &apos;unknown&apos;, time: &apos;unknown&apos;
System info: host: &apos;DESKTOP-HR6DLCF&apos;, ip: &apos;192.168.1.192&apos;, os.name: &apos;Windows 10&apos;, os.arch: &apos;amd64&apos;, os.version: &apos;10.0&apos;, java.version: &apos;1.8.0_144&apos;
Driver info: org.openqa.selenium.firefox.FirefoxDriver
Capabilities [{moz:profile=C:\Users\write\AppData\Local\Temp\rust_mozprofile.MUL4ErTP087M, rotatable=false, timeouts={implicit=0.0, pageLoad=300000.0, script=30000.0}, pageLoadStrategy=normal, platform=ANY, specificationLevel=0.0, moz:accessibilityChecks=false, acceptInsecureCerts=false, browserVersion=54.0.1, platformVersion=10.0, moz:processID=19024.0, browserName=firefox, javascriptEnabled=true, platformName=windows_nt}]
Session ID: 8f5baccf-5f0f-43d1-9573-60bb8e2facee
*** Element info: {Using=css selector, value=.fa.fa-lock}
	at org.openqa.selenium.remote.http.W3CHttpResponseCodec.createException(W3CHttpResponseCodec.java:150)
	at org.openqa.selenium.remote.http.W3CHttpResponseCodec.decode(W3CHttpResponseCodec.java:115)
	at org.openqa.selenium.remote.http.W3CHttpResponseCodec.decode(W3CHttpResponseCodec.java:45)
	at org.openqa.selenium.remote.HttpCommandExecutor.execute(HttpCommandExecutor.java:164)
	at org.openqa.selenium.remote.service.DriverCommandExecutor.execute(DriverCommandExecutor.java:82)
	at org.openqa.selenium.remote.RemoteWebDriver.execute(RemoteWebDriver.java:637)
	at org.openqa.selenium.remote.RemoteWebDriver.findElement(RemoteWebDriver.java:410)
	at org.openqa.selenium.remote.RemoteWebDriver.findElementByCssSelector(RemoteWebDriver.java:501)
	at org.openqa.selenium.By$ByCssSelector.findElement(By.java:430)
	at org.openqa.selenium.remote.RemoteWebDriver.findElement(RemoteWebDriver.java:402)
	at all_operations.General_Operations.Hybrid_Ops(General_Operations.java:75)
	at test_cases.Login_Test.Test_Login_Admin(Login_Test.java:16)
... Removed 29 stack frames
</div> <!-- stack-trace -->
                </div> <!-- method-content -->
              </div> <!-- method -->
            </div> <!-- main-panel-content rounded-window-bottom -->
          </div> <!-- suite-Smoke_-_Login_Tests_Suite-class-failed -->
          <div class="suite-Smoke_-_Login_Tests_Suite-class-passed">
            <div class="main-panel-header rounded-window-top">
              <img src="passed.png"/>
              <span class="class-name">all_operations.Browser_Config</span>
            </div> <!-- main-panel-header rounded-window-top -->
            <div class="main-panel-content rounded-window-bottom">
              <div class="method">
                <div class="method-content">
                  <a name="LoadBrowser(Browser)">
                  </a> <!-- LoadBrowser(Browser) -->
                  <span class="method-name">LoadBrowser</span>
                  <span class="parameters">(Browser)</span>
                </div> <!-- method-content -->
              </div> <!-- method -->
              <div class="method">
                <div class="method-content">
                  <a name="LoadBrowser(Browser)">
                  </a> <!-- LoadBrowser(Browser) -->
                  <span class="method-name">LoadBrowser</span>
                  <span class="parameters">(Browser)</span>
                </div> <!-- method-content -->
              </div> <!-- method -->
            </div> <!-- main-panel-content rounded-window-bottom -->
          </div> <!-- suite-Smoke_-_Login_Tests_Suite-class-passed -->
          <div class="suite-Smoke_-_Login_Tests_Suite-class-passed">
            <div class="main-panel-header rounded-window-top">
              <img src="passed.png"/>
              <span class="class-name">test_cases.Logout_Test</span>
            </div> <!-- main-panel-header rounded-window-top -->
            <div class="main-panel-content rounded-window-bottom">
              <div class="method">
                <div class="method-content">
                  <a name="Test_LogOut(Keyword, Object name, Object type, Input)">
                  </a> <!-- Test_LogOut(Keyword, Object name, Object type, Input) -->
                  <span class="method-name">Test_LogOut</span>
                  <span class="parameters">(Keyword, Object name, Object type, Input)</span>
                </div> <!-- method-content -->
              </div> <!-- method -->
              <div class="method">
                <div class="method-content">
                  <a name="Test_LogOut(Keyword, Object name, Object type, Input)">
                  </a> <!-- Test_LogOut(Keyword, Object name, Object type, Input) -->
                  <span class="method-name">Test_LogOut</span>
                  <span class="parameters">(Keyword, Object name, Object type, Input)</span>
                </div> <!-- method-content -->
              </div> <!-- method -->
            </div> <!-- main-panel-content rounded-window-bottom -->
          </div> <!-- suite-Smoke_-_Login_Tests_Suite-class-passed -->
          <div class="suite-Smoke_-_Login_Tests_Suite-class-passed">
            <div class="main-panel-header rounded-window-top">
              <img src="passed.png"/>
              <span class="class-name">test_cases.Login_Test</span>
            </div> <!-- main-panel-header rounded-window-top -->
            <div class="main-panel-content rounded-window-bottom">
              <div class="method">
                <div class="method-content">
                  <a name="Test_Login(ASSERT-URL-Contain, , , dashboard)">
                  </a> <!-- Test_Login(ASSERT-URL-Contain, , , dashboard) -->
                  <span class="method-name">Test_Login</span>
                  <span class="parameters">(ASSERT-URL-Contain, , , dashboard)</span>
                </div> <!-- method-content -->
              </div> <!-- method -->
              <div class="method">
                <div class="method-content">
                  <a name="Test_Login(Keyword, Object name, Object type, Input)">
                  </a> <!-- Test_Login(Keyword, Object name, Object type, Input) -->
                  <span class="method-name">Test_Login</span>
                  <span class="parameters">(Keyword, Object name, Object type, Input)</span>
                </div> <!-- method-content -->
              </div> <!-- method -->
              <div class="method">
                <div class="method-content">
                  <a name="Test_Login(ASSERT-URL-Contain, , , dashboard)">
                  </a> <!-- Test_Login(ASSERT-URL-Contain, , , dashboard) -->
                  <span class="method-name">Test_Login</span>
                  <span class="parameters">(ASSERT-URL-Contain, , , dashboard)</span>
                </div> <!-- method-content -->
              </div> <!-- method -->
              <div class="method">
                <div class="method-content">
                  <a name="Test_Login(ASSERT-URL-Contain, , , dashboard)">
                  </a> <!-- Test_Login(ASSERT-URL-Contain, , , dashboard) -->
                  <span class="method-name">Test_Login</span>
                  <span class="parameters">(ASSERT-URL-Contain, , , dashboard)</span>
                </div> <!-- method-content -->
              </div> <!-- method -->
              <div class="method">
                <div class="method-content">
                  <a name="Test_Login_Admin(ASSERT-URL-Contain, , , dashboard)">
                  </a> <!-- Test_Login_Admin(ASSERT-URL-Contain, , , dashboard) -->
                  <span class="method-name">Test_Login_Admin</span>
                  <span class="parameters">(ASSERT-URL-Contain, , , dashboard)</span>
                </div> <!-- method-content -->
              </div> <!-- method -->
              <div class="method">
                <div class="method-content">
                  <a name="Test_Login_Admin(Keyword, Object name, Object type, Input)">
                  </a> <!-- Test_Login_Admin(Keyword, Object name, Object type, Input) -->
                  <span class="method-name">Test_Login_Admin</span>
                  <span class="parameters">(Keyword, Object name, Object type, Input)</span>
                </div> <!-- method-content -->
              </div> <!-- method -->
            </div> <!-- main-panel-content rounded-window-bottom -->
          </div> <!-- suite-Smoke_-_Login_Tests_Suite-class-passed -->
        </div> <!-- panel Smoke_-_Login_Tests_Suite -->
        <div panel-name="test-xml-Smoke_-_Login_Tests_Suite" class="panel">
          <div class="main-panel-header rounded-window-top">
            <span class="header-content">C:\eclipse\GIT_Repo\shalmi2\testng1.xml</span>
          </div> <!-- main-panel-header rounded-window-top -->
          <div class="main-panel-content rounded-window-bottom">
            <pre>
&lt;?xml version=&quot;1.0&quot; encoding=&quot;UTF-8&quot;?&gt;
&lt;!DOCTYPE suite SYSTEM &quot;http://testng.org/testng-1.0.dtd&quot;&gt;
&lt;suite name=&quot;Smoke - Login Tests Suite&quot;&gt;
  &lt;test name=&quot;TC-01,TC-02 / Super Login&quot;&gt;
    &lt;classes&gt;
      &lt;class name=&quot;all_operations.Browser_Config&quot;/&gt;
      &lt;class name=&quot;test_cases.Login_Test&quot;&gt;
        &lt;methods&gt;
          &lt;include name=&quot;Test_Login_Admin&quot;/&gt;
        &lt;/methods&gt;
      &lt;/class&gt; &lt;!-- test_cases.Login_Test --&gt;
      &lt;class name=&quot;test_cases.Logout_Test&quot;/&gt;
    &lt;/classes&gt;
  &lt;/test&gt; &lt;!-- TC-01,TC-02 / Super Login --&gt;
  &lt;test name=&quot;Multi users Login attempts&quot;&gt;
    &lt;classes&gt;
      &lt;class name=&quot;all_operations.Browser_Config&quot;/&gt;
      &lt;class name=&quot;test_cases.Login_Test&quot;&gt;
        &lt;methods&gt;
          &lt;include name=&quot;Test_Login&quot;/&gt;
        &lt;/methods&gt;
      &lt;/class&gt; &lt;!-- test_cases.Login_Test --&gt;
      &lt;class name=&quot;test_cases.Logout_Test&quot;/&gt;
    &lt;/classes&gt;
  &lt;/test&gt; &lt;!-- Multi users Login attempts --&gt;
&lt;/suite&gt; &lt;!-- Smoke - Login Tests Suite --&gt;
            </pre>
          </div> <!-- main-panel-content rounded-window-bottom -->
        </div> <!-- panel -->
        <div panel-name="testlist-Smoke_-_Login_Tests_Suite" class="panel">
          <div class="main-panel-header rounded-window-top">
            <span class="header-content">Tests for Smoke - Login Tests Suite</span>
          </div> <!-- main-panel-header rounded-window-top -->
          <div class="main-panel-content rounded-window-bottom">
            <ul>
              <li>
                <span class="test-name">TC-01,TC-02 / Super Login (3 classes)</span>
              </li>
              <li>
                <span class="test-name">Multi users Login attempts (3 classes)</span>
              </li>
            </ul>
          </div> <!-- main-panel-content rounded-window-bottom -->
        </div> <!-- panel -->
        <div panel-name="group-Smoke_-_Login_Tests_Suite" class="panel">
          <div class="main-panel-header rounded-window-top">
            <span class="header-content">Groups for Smoke - Login Tests Suite</span>
          </div> <!-- main-panel-header rounded-window-top -->
          <div class="main-panel-content rounded-window-bottom">
          </div> <!-- main-panel-content rounded-window-bottom -->
        </div> <!-- panel -->
        <div panel-name="times-Smoke_-_Login_Tests_Suite" class="panel">
          <div class="main-panel-header rounded-window-top">
            <span class="header-content">Times for Smoke - Login Tests Suite</span>
          </div> <!-- main-panel-header rounded-window-top -->
          <div class="main-panel-content rounded-window-bottom">
            <div class="times-div">
              <script type="text/javascript">
suiteTableInitFunctions.push('tableData_Smoke_-_Login_Tests_Suite');
function tableData_Smoke_-_Login_Tests_Suite() {
var data = new google.visualization.DataTable();
data.addColumn('number', 'Number');
data.addColumn('string', 'Method');
data.addColumn('string', 'Class');
data.addColumn('number', 'Time (ms)');
data.addRows(34);
data.setCell(0, 0, 0)
data.setCell(0, 1, 'LoadBrowser')
data.setCell(0, 2, 'all_operations.Browser_Config')
data.setCell(0, 3, 11401);
data.setCell(1, 0, 1)
data.setCell(1, 1, 'LoadBrowser')
data.setCell(1, 2, 'all_operations.Browser_Config')
data.setCell(1, 3, 6429);
data.setCell(2, 0, 2)
data.setCell(2, 1, 'Test_Login')
data.setCell(2, 2, 'test_cases.Login_Test')
data.setCell(2, 3, 49);
data.setCell(3, 0, 3)
data.setCell(3, 1, 'Test_Login')
data.setCell(3, 2, 'test_cases.Login_Test')
data.setCell(3, 3, 37);
data.setCell(4, 0, 4)
data.setCell(4, 1, 'Test_Login')
data.setCell(4, 2, 'test_cases.Login_Test')
data.setCell(4, 3, 23);
data.setCell(5, 0, 5)
data.setCell(5, 1, 'Test_LogOut')
data.setCell(5, 2, 'test_cases.Logout_Test')
data.setCell(5, 3, 21);
data.setCell(6, 0, 6)
data.setCell(6, 1, 'Test_Login')
data.setCell(6, 2, 'test_cases.Login_Test')
data.setCell(6, 3, 21);
data.setCell(7, 0, 7)
data.setCell(7, 1, 'Test_Login_Admin')
data.setCell(7, 2, 'test_cases.Login_Test')
data.setCell(7, 3, 20);
data.setCell(8, 0, 8)
data.setCell(8, 1, 'Test_Login')
data.setCell(8, 2, 'test_cases.Login_Test')
data.setCell(8, 3, 18);
data.setCell(9, 0, 9)
data.setCell(9, 1, 'Test_Login_Admin')
data.setCell(9, 2, 'test_cases.Login_Test')
data.setCell(9, 3, 17);
data.setCell(10, 0, 10)
data.setCell(10, 1, 'Test_LogOut')
data.setCell(10, 2, 'test_cases.Logout_Test')
data.setCell(10, 3, 16);
data.setCell(11, 0, 11)
data.setCell(11, 1, 'Test_Login')
data.setCell(11, 2, 'test_cases.Login_Test')
data.setCell(11, 3, 16);
data.setCell(12, 0, 12)
data.setCell(12, 1, 'Test_Login')
data.setCell(12, 2, 'test_cases.Login_Test')
data.setCell(12, 3, 15);
data.setCell(13, 0, 13)
data.setCell(13, 1, 'Test_Login')
data.setCell(13, 2, 'test_cases.Login_Test')
data.setCell(13, 3, 15);
data.setCell(14, 0, 14)
data.setCell(14, 1, 'Test_Login_Admin')
data.setCell(14, 2, 'test_cases.Login_Test')
data.setCell(14, 3, 14);
data.setCell(15, 0, 15)
data.setCell(15, 1, 'Test_Login')
data.setCell(15, 2, 'test_cases.Login_Test')
data.setCell(15, 3, 14);
data.setCell(16, 0, 16)
data.setCell(16, 1, 'Test_Login')
data.setCell(16, 2, 'test_cases.Login_Test')
data.setCell(16, 3, 14);
data.setCell(17, 0, 17)
data.setCell(17, 1, 'Test_LogOut')
data.setCell(17, 2, 'test_cases.Logout_Test')
data.setCell(17, 3, 14);
data.setCell(18, 0, 18)
data.setCell(18, 1, 'Test_Login')
data.setCell(18, 2, 'test_cases.Login_Test')
data.setCell(18, 3, 13);
data.setCell(19, 0, 19)
data.setCell(19, 1, 'Test_Login')
data.setCell(19, 2, 'test_cases.Login_Test')
data.setCell(19, 3, 13);
data.setCell(20, 0, 20)
data.setCell(20, 1, 'LoadBrowser')
data.setCell(20, 2, 'all_operations.Browser_Config')
data.setCell(20, 3, 12);
data.setCell(21, 0, 21)
data.setCell(21, 1, 'Test_Login_Admin')
data.setCell(21, 2, 'test_cases.Login_Test')
data.setCell(21, 3, 12);
data.setCell(22, 0, 22)
data.setCell(22, 1, 'Test_LogOut')
data.setCell(22, 2, 'test_cases.Logout_Test')
data.setCell(22, 3, 12);
data.setCell(23, 0, 23)
data.setCell(23, 1, 'Test_Login')
data.setCell(23, 2, 'test_cases.Login_Test')
data.setCell(23, 3, 12);
data.setCell(24, 0, 24)
data.setCell(24, 1, 'Test_LogOut')
data.setCell(24, 2, 'test_cases.Logout_Test')
data.setCell(24, 3, 11);
data.setCell(25, 0, 25)
data.setCell(25, 1, 'Test_Login')
data.setCell(25, 2, 'test_cases.Login_Test')
data.setCell(25, 3, 11);
data.setCell(26, 0, 26)
data.setCell(26, 1, 'Test_Login')
data.setCell(26, 2, 'test_cases.Login_Test')
data.setCell(26, 3, 10);
data.setCell(27, 0, 27)
data.setCell(27, 1, 'Test_Login_Admin')
data.setCell(27, 2, 'test_cases.Login_Test')
data.setCell(27, 3, 5);
data.setCell(28, 0, 28)
data.setCell(28, 1, 'Test_LogOut')
data.setCell(28, 2, 'test_cases.Logout_Test')
data.setCell(28, 3, 1);
data.setCell(29, 0, 29)
data.setCell(29, 1, 'Test_Login_Admin')
data.setCell(29, 2, 'test_cases.Login_Test')
data.setCell(29, 3, 1);
data.setCell(30, 0, 30)
data.setCell(30, 1, 'Test_Login')
data.setCell(30, 2, 'test_cases.Login_Test')
data.setCell(30, 3, 1);
data.setCell(31, 0, 31)
data.setCell(31, 1, 'LoadBrowser')
data.setCell(31, 2, 'all_operations.Browser_Config')
data.setCell(31, 3, 1);
data.setCell(32, 0, 32)
data.setCell(32, 1, 'Test_Login')
data.setCell(32, 2, 'test_cases.Login_Test')
data.setCell(32, 3, 1);
data.setCell(33, 0, 33)
data.setCell(33, 1, 'Test_Login')
data.setCell(33, 2, 'test_cases.Login_Test')
data.setCell(33, 3, 0);
window.suiteTableData['Smoke_-_Login_Tests_Suite']= { tableData: data, tableDiv: 'times-div-Smoke_-_Login_Tests_Suite'}
return data;
}
              </script>
              <span class="suite-total-time">Total running time: 18 seconds</span>
              <div id="times-div-Smoke_-_Login_Tests_Suite">
              </div> <!-- times-div-Smoke_-_Login_Tests_Suite -->
            </div> <!-- times-div -->
          </div> <!-- main-panel-content rounded-window-bottom -->
        </div> <!-- panel -->
        <div panel-name="reporter-Smoke_-_Login_Tests_Suite" class="panel">
          <div class="main-panel-header rounded-window-top">
            <span class="header-content">Reporter output for Smoke - Login Tests Suite</span>
          </div> <!-- main-panel-header rounded-window-top -->
          <div class="main-panel-content rounded-window-bottom">
          </div> <!-- main-panel-content rounded-window-bottom -->
        </div> <!-- panel -->
        <div panel-name="ignored-methods-Smoke_-_Login_Tests_Suite" class="panel">
          <div class="main-panel-header rounded-window-top">
            <span class="header-content">2 ignored methods</span>
          </div> <!-- main-panel-header rounded-window-top -->
          <div class="main-panel-content rounded-window-bottom">
            <div class="ignored-class-div">
              <span class="ignored-class-name">test_cases.Login_Test</span>
              <div class="ignored-methods-div">
                <span class="ignored-method-name">Test_Login_Admin</span>
                <br/>
                <span class="ignored-method-name">Test_Login</span>
                <br/>
              </div> <!-- ignored-methods-div -->
            </div> <!-- ignored-class-div -->
          </div> <!-- main-panel-content rounded-window-bottom -->
        </div> <!-- panel -->
        <div panel-name="chronological-Smoke_-_Login_Tests_Suite" class="panel">
          <div class="main-panel-header rounded-window-top">
            <span class="header-content">Methods in chronological order</span>
          </div> <!-- main-panel-header rounded-window-top -->
          <div class="main-panel-content rounded-window-bottom">
            <div class="chronological-class">
              <div class="chronological-class-name">all_operations.Browser_Config</div> <!-- chronological-class-name -->
              <div class="test-method">
                <span class="method-name">LoadBrowser(Browser)</span>
                <span class="method-start">0 ms</span>
              </div> <!-- test-method -->
              <div class="test-method">
                <img src="failed.png">
                </img>
                <span class="method-name">LoadBrowser(FIREFOX)</span>
                <span class="method-start">13 ms</span>
              </div> <!-- test-method -->
            </div> <!-- chronological-class -->
            <div class="chronological-class">
              <div class="chronological-class-name">test_cases.Login_Test</div> <!-- chronological-class-name -->
              <div class="test-method">
                <span class="method-name">Test_Login_Admin(Keyword, Object name, Object type, Input)</span>
                <span class="method-start">11571 ms</span>
              </div> <!-- test-method -->
              <div class="test-method">
                <img src="failed.png">
                </img>
                <span class="method-name">Test_Login_Admin(JS CLICK, login, CSS, )</span>
                <span class="method-start">11578 ms</span>
              </div> <!-- test-method -->
              <div class="test-method">
                <img src="failed.png">
                </img>
                <span class="method-name">Test_Login_Admin(SETTEXT, user, CSS, waqas+1@blueorcastudios.com)</span>
                <span class="method-start">11600 ms</span>
              </div> <!-- test-method -->
              <div class="test-method">
                <img src="failed.png">
                </img>
                <span class="method-name">Test_Login_Admin(SETTEXT, password, CSS, aaa@123)</span>
                <span class="method-start">11620 ms</span>
              </div> <!-- test-method -->
              <div class="test-method">
                <img src="failed.png">
                </img>
                <span class="method-name">Test_Login_Admin(CLICK, Signin_btn, CSS, )</span>
                <span class="method-start">11634 ms</span>
              </div> <!-- test-method -->
              <div class="test-method">
                <span class="method-name">Test_Login_Admin(ASSERT-URL-Contain, , , dashboard)</span>
                <span class="method-start">11650 ms</span>
              </div> <!-- test-method -->
            </div> <!-- chronological-class -->
            <div class="chronological-class">
              <div class="chronological-class-name">test_cases.Logout_Test</div> <!-- chronological-class-name -->
              <div class="test-method">
                <span class="method-name">Test_LogOut(Keyword, Object name, Object type, Input)</span>
                <span class="method-start">11744 ms</span>
              </div> <!-- test-method -->
              <div class="test-method">
                <img src="failed.png">
                </img>
                <span class="method-name">Test_LogOut(CLICK, user_profile, CSS, )</span>
                <span class="method-start">11746 ms</span>
              </div> <!-- test-method -->
              <div class="test-method">
                <img src="failed.png">
                </img>
                <span class="method-name">Test_LogOut(CLICK, LogOut_btn, CSS, )</span>
                <span class="method-start">11769 ms</span>
              </div> <!-- test-method -->
            </div> <!-- chronological-class -->
            <div class="chronological-class">
              <div class="chronological-class-name">all_operations.Browser_Config</div> <!-- chronological-class-name -->
              <div class="test-method">
                <span class="method-name">LoadBrowser(Browser)</span>
                <span class="method-start">11881 ms</span>
              </div> <!-- test-method -->
              <div class="test-method">
                <img src="failed.png">
                </img>
                <span class="method-name">LoadBrowser(FIREFOX)</span>
                <span class="method-start">11884 ms</span>
              </div> <!-- test-method -->
            </div> <!-- chronological-class -->
            <div class="chronological-class">
              <div class="chronological-class-name">test_cases.Login_Test</div> <!-- chronological-class-name -->
              <div class="test-method">
                <span class="method-name">Test_Login(Keyword, Object name, Object type, Input)</span>
                <span class="method-start">18435 ms</span>
              </div> <!-- test-method -->
              <div class="test-method">
                <img src="failed.png">
                </img>
                <span class="method-name">Test_Login(JS CLICK, login, CSS, )</span>
                <span class="method-start">18449 ms</span>
              </div> <!-- test-method -->
              <div class="test-method">
                <img src="failed.png">
                </img>
                <span class="method-name">Test_Login(SETTEXT, user, CSS, nauman)</span>
                <span class="method-start">18487 ms</span>
              </div> <!-- test-method -->
              <div class="test-method">
                <img src="failed.png">
                </img>
                <span class="method-name">Test_Login(SETTEXT, password, CSS, salmankhanabcd)</span>
                <span class="method-start">18506 ms</span>
              </div> <!-- test-method -->
              <div class="test-method">
                <img src="failed.png">
                </img>
                <span class="method-name">Test_Login(CLICK, Signin_btn, CSS, )</span>
                <span class="method-start">18531 ms</span>
              </div> <!-- test-method -->
              <div class="test-method">
                <span class="method-name">Test_Login(ASSERT-URL-Contain, , , dashboard)</span>
                <span class="method-start">18547 ms</span>
              </div> <!-- test-method -->
              <div class="test-method">
                <img src="failed.png">
                </img>
                <span class="method-name">Test_Login(CLEANTEXT, user, CSS, )</span>
                <span class="method-start">18549 ms</span>
              </div> <!-- test-method -->
              <div class="test-method">
                <img src="failed.png">
                </img>
                <span class="method-name">Test_Login(CLEANTEXT, password, CSS, )</span>
                <span class="method-start">18565 ms</span>
              </div> <!-- test-method -->
              <div class="test-method">
                <img src="failed.png">
                </img>
                <span class="method-name">Test_Login(SETTEXT, user, CSS, awais@gmail.com)</span>
                <span class="method-start">18582 ms</span>
              </div> <!-- test-method -->
              <div class="test-method">
                <img src="failed.png">
                </img>
                <span class="method-name">Test_Login(SETTEXT, password, CSS, blued)</span>
                <span class="method-start">18604 ms</span>
              </div> <!-- test-method -->
              <div class="test-method">
                <img src="failed.png">
                </img>
                <span class="method-name">Test_Login(CLICK, Login_btn, CSS, )</span>
                <span class="method-start">18623 ms</span>
              </div> <!-- test-method -->
              <div class="test-method">
                <span class="method-name">Test_Login(ASSERT-URL-Contain, , , dashboard)</span>
                <span class="method-start">18639 ms</span>
              </div> <!-- test-method -->
              <div class="test-method">
                <img src="failed.png">
                </img>
                <span class="method-name">Test_Login(CLEANTEXT, user, CSS, )</span>
                <span class="method-start">18641 ms</span>
              </div> <!-- test-method -->
              <div class="test-method">
                <img src="failed.png">
                </img>
                <span class="method-name">Test_Login(CLEANTEXT, password, CSS, )</span>
                <span class="method-start">18656 ms</span>
              </div> <!-- test-method -->
              <div class="test-method">
                <img src="failed.png">
                </img>
                <span class="method-name">Test_Login(SETTEXT, user, CSS, waqas+1@blueorcastudios.com)</span>
                <span class="method-start">18706 ms</span>
              </div> <!-- test-method -->
              <div class="test-method">
                <img src="failed.png">
                </img>
                <span class="method-name">Test_Login(SETTEXT, password, CSS, aaa@123)</span>
                <span class="method-start">18719 ms</span>
              </div> <!-- test-method -->
              <div class="test-method">
                <img src="failed.png">
                </img>
                <span class="method-name">Test_Login(CLICK, Login_btn, CSS, )</span>
                <span class="method-start">18733 ms</span>
              </div> <!-- test-method -->
              <div class="test-method">
                <span class="method-name">Test_Login(ASSERT-URL-Contain, , , dashboard)</span>
                <span class="method-start">18748 ms</span>
              </div> <!-- test-method -->
            </div> <!-- chronological-class -->
            <div class="chronological-class">
              <div class="chronological-class-name">test_cases.Logout_Test</div> <!-- chronological-class-name -->
              <div class="test-method">
                <span class="method-name">Test_LogOut(Keyword, Object name, Object type, Input)</span>
                <span class="method-start">18831 ms</span>
              </div> <!-- test-method -->
              <div class="test-method">
                <img src="failed.png">
                </img>
                <span class="method-name">Test_LogOut(CLICK, user_profile, CSS, )</span>
                <span class="method-start">18845 ms</span>
              </div> <!-- test-method -->
              <div class="test-method">
                <img src="failed.png">
                </img>
                <span class="method-name">Test_LogOut(CLICK, LogOut_btn, CSS, )</span>
                <span class="method-start">18862 ms</span>
              </div> <!-- test-method -->
          </div> <!-- main-panel-content rounded-window-bottom -->
        </div> <!-- panel -->
      </div> <!-- main-panel-root -->
    </div> <!-- wrapper -->
  </body>
</html>
