<html>
<head>
<title>TestNG:  Multi users Login attempts</title>
<link href="../testng.css" rel="stylesheet" type="text/css" />
<link href="../my-testng.css" rel="stylesheet" type="text/css" />

<style type="text/css">
.log { display: none;} 
.stack-trace { display: none;} 
</style>
<script type="text/javascript">
<!--
function flip(e) {
  current = e.style.display;
  if (current == 'block') {
    e.style.display = 'none';
    return 0;
  }
  else {
    e.style.display = 'block';
    return 1;
  }
}

function toggleBox(szDivId, elem, msg1, msg2)
{
  var res = -1;  if (document.getElementById) {
    res = flip(document.getElementById(szDivId));
  }
  else if (document.all) {
    // this is the way old msie versions work
    res = flip(document.all[szDivId]);
  }
  if(elem) {
    if(res == 0) elem.innerHTML = msg1; else elem.innerHTML = msg2;
  }

}

function toggleAllBoxes() {
  if (document.getElementsByTagName) {
    d = document.getElementsByTagName('div');
    for (i = 0; i < d.length; i++) {
      if (d[i].className == 'log') {
        flip(d[i]);
      }
    }
  }
}

// -->
</script>

</head>
<body>
<h2 align='center'>Multi users Login attempts</h2><table border='1' align="center">
<tr>
<td>Tests passed/Failed/Skipped:</td><td>20/3/0</td>
</tr><tr>
<td>Started on:</td><td>Sun Jul 30 21:48:14 EDT 2017</td>
</tr>
<tr><td>Total time:</td><td>15 seconds (15033 ms)</td>
</tr><tr>
<td>Included groups:</td><td></td>
</tr><tr>
<td>Excluded groups:</td><td></td>
</tr>
</table><p/>
<small><i>(Hover the method name to see the test class name)</i></small><p/>
<table width='100%' border='1' class='invocation-failed'>
<tr><td colspan='4' align='center'><b>FAILED TESTS</b></td></tr>
<tr><td><b>Test method</b></td>
<td width="30%"><b>Exception</b></td>
<td width="10%"><b>Time (seconds)</b></td>
<td><b>Instance</b></td>
</tr>
<tr>
<td title='test_cases.Login_Test.Test_Login()'><b>Test_Login</b><br>Test class: test_cases.Login_Test<br>Parameters: ASSERT-URL, , , dashboard</td>
<td><div><pre>java.lang.AssertionError: expected [true] but found [false]
	at all_operations.General_Operations.Hybrid_Ops(General_Operations.java:72)
	at test_cases.Login_Test.Test_Login(Login_Test.java:22)
... Removed 32 stack frames</pre></div><a href='#' onClick='toggleBox("stack-trace1826747905", this, "Click to show all stack frames", "Click to hide stack frames")'>Click to show all stack frames</a>
<div class='stack-trace' id='stack-trace1826747905'><pre>java.lang.AssertionError: expected [true] but found [false]
	at org.testng.Assert.fail(Assert.java:93)
	at org.testng.Assert.failNotEquals(Assert.java:512)
	at org.testng.Assert.assertTrue(Assert.java:41)
	at org.testng.Assert.assertTrue(Assert.java:51)
	at all_operations.General_Operations.Hybrid_Ops(General_Operations.java:72)
	at test_cases.Login_Test.Test_Login(Login_Test.java:22)
	at sun.reflect.NativeMethodAccessorImpl.invoke0(Native Method)
	at sun.reflect.NativeMethodAccessorImpl.invoke(NativeMethodAccessorImpl.java:62)
	at sun.reflect.DelegatingMethodAccessorImpl.invoke(DelegatingMethodAccessorImpl.java:43)
	at java.lang.reflect.Method.invoke(Method.java:498)
	at org.testng.internal.MethodInvocationHelper.invokeMethod(MethodInvocationHelper.java:108)
	at org.testng.internal.Invoker.invokeMethod(Invoker.java:661)
	at org.testng.internal.Invoker.invokeTestMethod(Invoker.java:869)
	at org.testng.internal.Invoker.invokeTestMethods(Invoker.java:1193)
	at org.testng.internal.TestMethodWorker.invokeTestMethods(TestMethodWorker.java:126)
	at org.testng.internal.TestMethodWorker.run(TestMethodWorker.java:109)
	at org.testng.TestRunner.privateRun(TestRunner.java:744)
	at org.testng.TestRunner.run(TestRunner.java:602)
	at org.testng.SuiteRunner.runTest(SuiteRunner.java:380)
	at org.testng.SuiteRunner.runSequentially(SuiteRunner.java:375)
	at org.testng.SuiteRunner.privateRun(SuiteRunner.java:340)
	at org.testng.SuiteRunner.run(SuiteRunner.java:289)
	at org.testng.SuiteRunnerWorker.runSuite(SuiteRunnerWorker.java:52)
	at org.testng.SuiteRunnerWorker.run(SuiteRunnerWorker.java:86)
	at org.testng.TestNG.runSuitesSequentially(TestNG.java:1301)
	at org.testng.TestNG.runSuitesLocally(TestNG.java:1226)
	at org.testng.TestNG.runSuites(TestNG.java:1144)
	at org.testng.TestNG.run(TestNG.java:1115)
	at org.apache.maven.surefire.testng.TestNGExecutor.run(TestNGExecutor.java:283)
	at org.apache.maven.surefire.testng.TestNGXmlTestSuite.execute(TestNGXmlTestSuite.java:75)
	at org.apache.maven.surefire.testng.TestNGProvider.invoke(TestNGProvider.java:120)
	at org.apache.maven.surefire.booter.ForkedBooter.invokeProviderInSameClassLoader(ForkedBooter.java:386)
	at org.apache.maven.surefire.booter.ForkedBooter.runSuitesInProcess(ForkedBooter.java:323)
	at org.apache.maven.surefire.booter.ForkedBooter.main(ForkedBooter.java:143)
</pre></div></td>
<td>0</td>
<td>test_cases.Login_Test@6574b225</td></tr>
<tr>
<td title='test_cases.Login_Test.Test_Login()'><b>Test_Login</b><br>Test class: test_cases.Login_Test<br>Parameters: CLICK, Login_btn, CSS, </td>
<td><div><pre>org.openqa.selenium.WebDriverException: unknown error: Element &lt;button type=&quot;submit&quot; class=&quot;btn btn-primary&quot;&gt;...&lt;/button&gt; is not clickable at point (517, 704). Other element would receive the click: &lt;div id=&quot;site-loader&quot; class=&quot;load-complete&quot;&gt;...&lt;/div&gt;
  (Session info: chrome=60.0.3112.78)
  (Driver info: chromedriver=2.31.488763 (092de99f48a300323ecf8c2a4e2e7cab51de5ba8),platform=Windows NT 10.0.15063 x86_64) (WARNING: The server did not provide any stacktrace information)
Command duration or timeout: 49 milliseconds
Build info: version: &apos;3.4.0&apos;, revision: &apos;unknown&apos;, time: &apos;unknown&apos;
System info: host: &apos;DESKTOP-HR6DLCF&apos;, ip: &apos;10.0.0.57&apos;, os.name: &apos;Windows 10&apos;, os.arch: &apos;amd64&apos;, os.version: &apos;10.0&apos;, java.version: &apos;1.8.0_144&apos;
Driver info: org.openqa.selenium.chrome.ChromeDriver
Capabilities [{applicationCacheEnabled=false, rotatable=false, mobileEmulationEnabled=false, networkConnectionEnabled=false, chrome={chromedriverVersion=2.31.488763 (092de99f48a300323ecf8c2a4e2e7cab51de5ba8), userDataDir=C:\Users\write\AppData\Local\Temp\scoped_dir8056_18009}, takesHeapSnapshot=true, pageLoadStrategy=normal, databaseEnabled=false, handlesAlerts=true, hasTouchScreen=false, version=60.0.3112.78, platform=XP, browserConnectionEnabled=false, nativeEvents=true, acceptSslCerts=true, locationContextEnabled=true, webStorageEnabled=true, browserName=chrome, takesScreenshot=true, javascriptEnabled=true, cssSelectorsEnabled=true, setWindowRect=true, unexpectedAlertBehaviour=}]
Session ID: 62fd4d02e8f3651b668322e64d886465
	at org.openqa.selenium.remote.ErrorHandler.createThrowable(ErrorHandler.java:215)
	at org.openqa.selenium.remote.ErrorHandler.throwIfResponseFailed(ErrorHandler.java:167)
	at org.openqa.selenium.remote.RemoteWebDriver.execute(RemoteWebDriver.java:671)
	at org.openqa.selenium.remote.RemoteWebElement.execute(RemoteWebElement.java:272)
	at org.openqa.selenium.remote.RemoteWebElement.click(RemoteWebElement.java:82)
	at all_operations.General_Operations.Hybrid_Ops(General_Operations.java:38)
	at test_cases.Login_Test.Test_Login(Login_Test.java:22)
... Removed 32 stack frames</pre></div><a href='#' onClick='toggleBox("stack-trace1388849499", this, "Click to show all stack frames", "Click to hide stack frames")'>Click to show all stack frames</a>
<div class='stack-trace' id='stack-trace1388849499'><pre>org.openqa.selenium.WebDriverException: unknown error: Element &lt;button type=&quot;submit&quot; class=&quot;btn btn-primary&quot;&gt;...&lt;/button&gt; is not clickable at point (517, 704). Other element would receive the click: &lt;div id=&quot;site-loader&quot; class=&quot;load-complete&quot;&gt;...&lt;/div&gt;
  (Session info: chrome=60.0.3112.78)
  (Driver info: chromedriver=2.31.488763 (092de99f48a300323ecf8c2a4e2e7cab51de5ba8),platform=Windows NT 10.0.15063 x86_64) (WARNING: The server did not provide any stacktrace information)
Command duration or timeout: 49 milliseconds
Build info: version: &apos;3.4.0&apos;, revision: &apos;unknown&apos;, time: &apos;unknown&apos;
System info: host: &apos;DESKTOP-HR6DLCF&apos;, ip: &apos;10.0.0.57&apos;, os.name: &apos;Windows 10&apos;, os.arch: &apos;amd64&apos;, os.version: &apos;10.0&apos;, java.version: &apos;1.8.0_144&apos;
Driver info: org.openqa.selenium.chrome.ChromeDriver
Capabilities [{applicationCacheEnabled=false, rotatable=false, mobileEmulationEnabled=false, networkConnectionEnabled=false, chrome={chromedriverVersion=2.31.488763 (092de99f48a300323ecf8c2a4e2e7cab51de5ba8), userDataDir=C:\Users\write\AppData\Local\Temp\scoped_dir8056_18009}, takesHeapSnapshot=true, pageLoadStrategy=normal, databaseEnabled=false, handlesAlerts=true, hasTouchScreen=false, version=60.0.3112.78, platform=XP, browserConnectionEnabled=false, nativeEvents=true, acceptSslCerts=true, locationContextEnabled=true, webStorageEnabled=true, browserName=chrome, takesScreenshot=true, javascriptEnabled=true, cssSelectorsEnabled=true, setWindowRect=true, unexpectedAlertBehaviour=}]
Session ID: 62fd4d02e8f3651b668322e64d886465
	at sun.reflect.NativeConstructorAccessorImpl.newInstance0(Native Method)
	at sun.reflect.NativeConstructorAccessorImpl.newInstance(NativeConstructorAccessorImpl.java:62)
	at sun.reflect.DelegatingConstructorAccessorImpl.newInstance(DelegatingConstructorAccessorImpl.java:45)
	at java.lang.reflect.Constructor.newInstance(Constructor.java:423)
	at org.openqa.selenium.remote.ErrorHandler.createThrowable(ErrorHandler.java:215)
	at org.openqa.selenium.remote.ErrorHandler.throwIfResponseFailed(ErrorHandler.java:167)
	at org.openqa.selenium.remote.RemoteWebDriver.execute(RemoteWebDriver.java:671)
	at org.openqa.selenium.remote.RemoteWebElement.execute(RemoteWebElement.java:272)
	at org.openqa.selenium.remote.RemoteWebElement.click(RemoteWebElement.java:82)
	at all_operations.General_Operations.Hybrid_Ops(General_Operations.java:38)
	at test_cases.Login_Test.Test_Login(Login_Test.java:22)
	at sun.reflect.NativeMethodAccessorImpl.invoke0(Native Method)
	at sun.reflect.NativeMethodAccessorImpl.invoke(NativeMethodAccessorImpl.java:62)
	at sun.reflect.DelegatingMethodAccessorImpl.invoke(DelegatingMethodAccessorImpl.java:43)
	at java.lang.reflect.Method.invoke(Method.java:498)
	at org.testng.internal.MethodInvocationHelper.invokeMethod(MethodInvocationHelper.java:108)
	at org.testng.internal.Invoker.invokeMethod(Invoker.java:661)
	at org.testng.internal.Invoker.invokeTestMethod(Invoker.java:869)
	at org.testng.internal.Invoker.invokeTestMethods(Invoker.java:1193)
	at org.testng.internal.TestMethodWorker.invokeTestMethods(TestMethodWorker.java:126)
	at org.testng.internal.TestMethodWorker.run(TestMethodWorker.java:109)
	at org.testng.TestRunner.privateRun(TestRunner.java:744)
	at org.testng.TestRunner.run(TestRunner.java:602)
	at org.testng.SuiteRunner.runTest(SuiteRunner.java:380)
	at org.testng.SuiteRunner.runSequentially(SuiteRunner.java:375)
	at org.testng.SuiteRunner.privateRun(SuiteRunner.java:340)
	at org.testng.SuiteRunner.run(SuiteRunner.java:289)
	at org.testng.SuiteRunnerWorker.runSuite(SuiteRunnerWorker.java:52)
	at org.testng.SuiteRunnerWorker.run(SuiteRunnerWorker.java:86)
	at org.testng.TestNG.runSuitesSequentially(TestNG.java:1301)
	at org.testng.TestNG.runSuitesLocally(TestNG.java:1226)
	at org.testng.TestNG.runSuites(TestNG.java:1144)
	at org.testng.TestNG.run(TestNG.java:1115)
	at org.apache.maven.surefire.testng.TestNGExecutor.run(TestNGExecutor.java:283)
	at org.apache.maven.surefire.testng.TestNGXmlTestSuite.execute(TestNGXmlTestSuite.java:75)
	at org.apache.maven.surefire.testng.TestNGProvider.invoke(TestNGProvider.java:120)
	at org.apache.maven.surefire.booter.ForkedBooter.invokeProviderInSameClassLoader(ForkedBooter.java:386)
	at org.apache.maven.surefire.booter.ForkedBooter.runSuitesInProcess(ForkedBooter.java:323)
	at org.apache.maven.surefire.booter.ForkedBooter.main(ForkedBooter.java:143)
</pre></div></td>
<td>0</td>
<td>test_cases.Login_Test@6574b225</td></tr>
<tr>
<td title='test_cases.Login_Test.Test_Login()'><b>Test_Login</b><br>Test class: test_cases.Login_Test<br>Parameters: ASSERT-URL, , , dashboard</td>
<td><div><pre>java.lang.AssertionError: expected [true] but found [false]
	at all_operations.General_Operations.Hybrid_Ops(General_Operations.java:72)
	at test_cases.Login_Test.Test_Login(Login_Test.java:22)
... Removed 32 stack frames</pre></div><a href='#' onClick='toggleBox("stack-trace1389432760", this, "Click to show all stack frames", "Click to hide stack frames")'>Click to show all stack frames</a>
<div class='stack-trace' id='stack-trace1389432760'><pre>java.lang.AssertionError: expected [true] but found [false]
	at org.testng.Assert.fail(Assert.java:93)
	at org.testng.Assert.failNotEquals(Assert.java:512)
	at org.testng.Assert.assertTrue(Assert.java:41)
	at org.testng.Assert.assertTrue(Assert.java:51)
	at all_operations.General_Operations.Hybrid_Ops(General_Operations.java:72)
	at test_cases.Login_Test.Test_Login(Login_Test.java:22)
	at sun.reflect.NativeMethodAccessorImpl.invoke0(Native Method)
	at sun.reflect.NativeMethodAccessorImpl.invoke(NativeMethodAccessorImpl.java:62)
	at sun.reflect.DelegatingMethodAccessorImpl.invoke(DelegatingMethodAccessorImpl.java:43)
	at java.lang.reflect.Method.invoke(Method.java:498)
	at org.testng.internal.MethodInvocationHelper.invokeMethod(MethodInvocationHelper.java:108)
	at org.testng.internal.Invoker.invokeMethod(Invoker.java:661)
	at org.testng.internal.Invoker.invokeTestMethod(Invoker.java:869)
	at org.testng.internal.Invoker.invokeTestMethods(Invoker.java:1193)
	at org.testng.internal.TestMethodWorker.invokeTestMethods(TestMethodWorker.java:126)
	at org.testng.internal.TestMethodWorker.run(TestMethodWorker.java:109)
	at org.testng.TestRunner.privateRun(TestRunner.java:744)
	at org.testng.TestRunner.run(TestRunner.java:602)
	at org.testng.SuiteRunner.runTest(SuiteRunner.java:380)
	at org.testng.SuiteRunner.runSequentially(SuiteRunner.java:375)
	at org.testng.SuiteRunner.privateRun(SuiteRunner.java:340)
	at org.testng.SuiteRunner.run(SuiteRunner.java:289)
	at org.testng.SuiteRunnerWorker.runSuite(SuiteRunnerWorker.java:52)
	at org.testng.SuiteRunnerWorker.run(SuiteRunnerWorker.java:86)
	at org.testng.TestNG.runSuitesSequentially(TestNG.java:1301)
	at org.testng.TestNG.runSuitesLocally(TestNG.java:1226)
	at org.testng.TestNG.runSuites(TestNG.java:1144)
	at org.testng.TestNG.run(TestNG.java:1115)
	at org.apache.maven.surefire.testng.TestNGExecutor.run(TestNGExecutor.java:283)
	at org.apache.maven.surefire.testng.TestNGXmlTestSuite.execute(TestNGXmlTestSuite.java:75)
	at org.apache.maven.surefire.testng.TestNGProvider.invoke(TestNGProvider.java:120)
	at org.apache.maven.surefire.booter.ForkedBooter.invokeProviderInSameClassLoader(ForkedBooter.java:386)
	at org.apache.maven.surefire.booter.ForkedBooter.runSuitesInProcess(ForkedBooter.java:323)
	at org.apache.maven.surefire.booter.ForkedBooter.main(ForkedBooter.java:143)
</pre></div></td>
<td>0</td>
<td>test_cases.Login_Test@6574b225</td></tr>
</table><p>
<table width='100%' border='1' class='invocation-passed'>
<tr><td colspan='4' align='center'><b>PASSED TESTS</b></td></tr>
<tr><td><b>Test method</b></td>
<td width="30%"><b>Exception</b></td>
<td width="10%"><b>Time (seconds)</b></td>
<td><b>Instance</b></td>
</tr>
<tr>
<td title='all_operations.Browser_Config.LoadBrowser()'><b>LoadBrowser</b><br>Test class: all_operations.Browser_Config<br>Parameters: Browser</td>
<td></td>
<td>0</td>
<td>all_operations.Browser_Config@5056dfcb</td></tr>
<tr>
<td title='all_operations.Browser_Config.LoadBrowser()'><b>LoadBrowser</b><br>Test class: all_operations.Browser_Config<br>Parameters: CHROME</td>
<td></td>
<td>7</td>
<td>all_operations.Browser_Config@5056dfcb</td></tr>
<tr>
<td title='test_cases.Logout_Test.Test_LogOut()'><b>Test_LogOut</b><br>Test class: test_cases.Logout_Test<br>Parameters: Keyword, Object name, Object type, Input</td>
<td></td>
<td>0</td>
<td>test_cases.Logout_Test@2669b199</td></tr>
<tr>
<td title='test_cases.Logout_Test.Test_LogOut()'><b>Test_LogOut</b><br>Test class: test_cases.Logout_Test<br>Parameters: CLICK, user_profile, CSS, </td>
<td></td>
<td>0</td>
<td>test_cases.Logout_Test@2669b199</td></tr>
<tr>
<td title='test_cases.Logout_Test.Test_LogOut()'><b>Test_LogOut</b><br>Test class: test_cases.Logout_Test<br>Parameters: CLICK, LogOut_btn, CSS, </td>
<td></td>
<td>0</td>
<td>test_cases.Logout_Test@2669b199</td></tr>
<tr>
<td title='test_cases.Login_Test.Test_Login()'><b>Test_Login</b><br>Test class: test_cases.Login_Test<br>Parameters: Keyword, Object name, Object type, Input</td>
<td></td>
<td>0</td>
<td>test_cases.Login_Test@6574b225</td></tr>
<tr>
<td title='test_cases.Login_Test.Test_Login()'><b>Test_Login</b><br>Test class: test_cases.Login_Test<br>Parameters: JS CLICK, login, CSS, </td>
<td></td>
<td>0</td>
<td>test_cases.Login_Test@6574b225</td></tr>
<tr>
<td title='test_cases.Login_Test.Test_Login()'><b>Test_Login</b><br>Test class: test_cases.Login_Test<br>Parameters: SETTEXT, user, CSS, nauman</td>
<td></td>
<td>0</td>
<td>test_cases.Login_Test@6574b225</td></tr>
<tr>
<td title='test_cases.Login_Test.Test_Login()'><b>Test_Login</b><br>Test class: test_cases.Login_Test<br>Parameters: SETTEXT, password, CSS, salmankhanabcd</td>
<td></td>
<td>0</td>
<td>test_cases.Login_Test@6574b225</td></tr>
<tr>
<td title='test_cases.Login_Test.Test_Login()'><b>Test_Login</b><br>Test class: test_cases.Login_Test<br>Parameters: CLICK, Signin_btn, CSS, </td>
<td></td>
<td>0</td>
<td>test_cases.Login_Test@6574b225</td></tr>
<tr>
<td title='test_cases.Login_Test.Test_Login()'><b>Test_Login</b><br>Test class: test_cases.Login_Test<br>Parameters: CLEANTEXT, user, CSS, </td>
<td></td>
<td>0</td>
<td>test_cases.Login_Test@6574b225</td></tr>
<tr>
<td title='test_cases.Login_Test.Test_Login()'><b>Test_Login</b><br>Test class: test_cases.Login_Test<br>Parameters: CLEANTEXT, password, CSS, </td>
<td></td>
<td>0</td>
<td>test_cases.Login_Test@6574b225</td></tr>
<tr>
<td title='test_cases.Login_Test.Test_Login()'><b>Test_Login</b><br>Test class: test_cases.Login_Test<br>Parameters: SETTEXT, user, CSS, awais@gmail.com</td>
<td></td>
<td>0</td>
<td>test_cases.Login_Test@6574b225</td></tr>
<tr>
<td title='test_cases.Login_Test.Test_Login()'><b>Test_Login</b><br>Test class: test_cases.Login_Test<br>Parameters: SETTEXT, password, CSS, blued</td>
<td></td>
<td>0</td>
<td>test_cases.Login_Test@6574b225</td></tr>
<tr>
<td title='test_cases.Login_Test.Test_Login()'><b>Test_Login</b><br>Test class: test_cases.Login_Test<br>Parameters: CLEANTEXT, user, CSS, </td>
<td></td>
<td>0</td>
<td>test_cases.Login_Test@6574b225</td></tr>
<tr>
<td title='test_cases.Login_Test.Test_Login()'><b>Test_Login</b><br>Test class: test_cases.Login_Test<br>Parameters: CLEANTEXT, password, CSS, </td>
<td></td>
<td>0</td>
<td>test_cases.Login_Test@6574b225</td></tr>
<tr>
<td title='test_cases.Login_Test.Test_Login()'><b>Test_Login</b><br>Test class: test_cases.Login_Test<br>Parameters: SETTEXT, user, CSS, waqas+1@blueorcastudios.com</td>
<td></td>
<td>0</td>
<td>test_cases.Login_Test@6574b225</td></tr>
<tr>
<td title='test_cases.Login_Test.Test_Login()'><b>Test_Login</b><br>Test class: test_cases.Login_Test<br>Parameters: SETTEXT, password, CSS, aaa@123</td>
<td></td>
<td>0</td>
<td>test_cases.Login_Test@6574b225</td></tr>
<tr>
<td title='test_cases.Login_Test.Test_Login()'><b>Test_Login</b><br>Test class: test_cases.Login_Test<br>Parameters: CLICK, Login_btn, CSS, </td>
<td></td>
<td>2</td>
<td>test_cases.Login_Test@6574b225</td></tr>
<tr>
<td title='test_cases.Login_Test.Test_Login()'><b>Test_Login</b><br>Test class: test_cases.Login_Test<br>Parameters: ASSERT-URL, , , dashboard</td>
<td></td>
<td>0</td>
<td>test_cases.Login_Test@6574b225</td></tr>
</table><p>
</body>
</html>