<?xml version="1.0" encoding="UTF-8"?>
<!-- Generated by org.testng.reporters.JUnitXMLReporter -->
<testsuite hostname="DESKTOP-HR6DLCF" ignored="1" name="Multi users Login attempts" tests="23" failures="3" timestamp="31 Jul 2017 01:48:29 GMT" time="15.033" errors="0">
  <testcase name="LoadBrowser" time="0.001" classname="all_operations.Browser_Config"/>
  <testcase name="LoadBrowser" time="7.676" classname="all_operations.Browser_Config"/>
  <testcase name="Test_Login" time="0.001" classname="test_cases.Login_Test"/>
  <testcase name="Test_Login" time="0.054" classname="test_cases.Login_Test"/>
  <testcase name="Test_Login" time="0.246" classname="test_cases.Login_Test"/>
  <testcase name="Test_Login" time="0.202" classname="test_cases.Login_Test"/>
  <testcase name="Test_Login" time="0.893" classname="test_cases.Login_Test"/>
  <testcase name="Test_Login" time="0.541" classname="test_cases.Login_Test">
    <failure type="java.lang.AssertionError" message="expected [true] but found [false]">
      <![CDATA[java.lang.AssertionError: expected [true] but found [false]
	at all_operations.General_Operations.Hybrid_Ops(General_Operations.java:72)
	at test_cases.Login_Test.Test_Login(Login_Test.java:22)
... Removed 32 stack frames]]>
    </failure>
  </testcase> <!-- Test_Login -->
  <testcase name="Test_Login" time="0.037" classname="test_cases.Login_Test"/>
  <testcase name="Test_Login" time="0.028" classname="test_cases.Login_Test"/>
  <testcase name="Test_Login" time="0.118" classname="test_cases.Login_Test"/>
  <testcase name="Test_Login" time="0.062" classname="test_cases.Login_Test"/>
  <testcase name="Test_Login" time="0.076" classname="test_cases.Login_Test">
    <failure type="org.openqa.selenium.WebDriverException" message="unknown error: Element &amp;lt;button type=&amp;quot;submit&amp;quot; class=&amp;quot;btn btn-primary&amp;quot;&amp;gt;...&amp;lt;/button&amp;gt; is not clickable at point (517, 704). Other element would receive the click: &amp;lt;div id=&amp;quot;site-loader&amp;quot; class=&amp;quot;load-complete&amp;quot;&amp;gt;...&amp;lt;/div&amp;gt;
  (Session info: chrome=60.0.3112.78)
  (Driver info: chromedriver=2.31.488763 (092de99f48a300323ecf8c2a4e2e7cab51de5ba8),platform=Windows NT 10.0.15063 x86_64) (WARNING: The server did not provide any stacktrace information)
Command duration or timeout: 49 milliseconds
Build info: version: &amp;apos;3.4.0&amp;apos;, revision: &amp;apos;unknown&amp;apos;, time: &amp;apos;unknown&amp;apos;
System info: host: &amp;apos;DESKTOP-HR6DLCF&amp;apos;, ip: &amp;apos;10.0.0.57&amp;apos;, os.name: &amp;apos;Windows 10&amp;apos;, os.arch: &amp;apos;amd64&amp;apos;, os.version: &amp;apos;10.0&amp;apos;, java.version: &amp;apos;1.8.0_144&amp;apos;
Driver info: org.openqa.selenium.chrome.ChromeDriver
Capabilities [{applicationCacheEnabled=false, rotatable=false, mobileEmulationEnabled=false, networkConnectionEnabled=false, chrome={chromedriverVersion=2.31.488763 (092de99f48a300323ecf8c2a4e2e7cab51de5ba8), userDataDir=C:\Users\write\AppData\Local\Temp\scoped_dir8056_18009}, takesHeapSnapshot=true, pageLoadStrategy=normal, databaseEnabled=false, handlesAlerts=true, hasTouchScreen=false, version=60.0.3112.78, platform=XP, browserConnectionEnabled=false, nativeEvents=true, acceptSslCerts=true, locationContextEnabled=true, webStorageEnabled=true, browserName=chrome, takesScreenshot=true, javascriptEnabled=true, cssSelectorsEnabled=true, setWindowRect=true, unexpectedAlertBehaviour=}]
Session ID: 62fd4d02e8f3651b668322e64d886465">
      <![CDATA[org.openqa.selenium.WebDriverException: unknown error: Element <button type="submit" class="btn btn-primary">...</button> is not clickable at point (517, 704). Other element would receive the click: <div id="site-loader" class="load-complete">...</div>
  (Session info: chrome=60.0.3112.78)
  (Driver info: chromedriver=2.31.488763 (092de99f48a300323ecf8c2a4e2e7cab51de5ba8),platform=Windows NT 10.0.15063 x86_64) (WARNING: The server did not provide any stacktrace information)
Command duration or timeout: 49 milliseconds
Build info: version: '3.4.0', revision: 'unknown', time: 'unknown'
System info: host: 'DESKTOP-HR6DLCF', ip: '10.0.0.57', os.name: 'Windows 10', os.arch: 'amd64', os.version: '10.0', java.version: '1.8.0_144'
Driver info: org.openqa.selenium.chrome.ChromeDriver
Capabilities [{applicationCacheEnabled=false, rotatable=false, mobileEmulationEnabled=false, networkConnectionEnabled=false, chrome={chromedriverVersion=2.31.488763 (092de99f48a300323ecf8c2a4e2e7cab51de5ba8), userDataDir=C:\Users\write\AppData\Local\Temp\scoped_dir8056_18009}, takesHeapSnapshot=true, pageLoadStrategy=normal, databaseEnabled=false, handlesAlerts=true, hasTouchScreen=false, version=60.0.3112.78, platform=XP, browserConnectionEnabled=false, nativeEvents=true, acceptSslCerts=true, locationContextEnabled=true, webStorageEnabled=true, browserName=chrome, takesScreenshot=true, javascriptEnabled=true, cssSelectorsEnabled=true, setWindowRect=true, unexpectedAlertBehaviour=}]
Session ID: 62fd4d02e8f3651b668322e64d886465
	at org.openqa.selenium.remote.ErrorHandler.createThrowable(ErrorHandler.java:215)
	at org.openqa.selenium.remote.ErrorHandler.throwIfResponseFailed(ErrorHandler.java:167)
	at org.openqa.selenium.remote.RemoteWebDriver.execute(RemoteWebDriver.java:671)
	at org.openqa.selenium.remote.RemoteWebElement.execute(RemoteWebElement.java:272)
	at org.openqa.selenium.remote.RemoteWebElement.click(RemoteWebElement.java:82)
	at all_operations.General_Operations.Hybrid_Ops(General_Operations.java:38)
	at test_cases.Login_Test.Test_Login(Login_Test.java:22)
... Removed 32 stack frames]]>
    </failure>
  </testcase> <!-- Test_Login -->
  <testcase name="Test_Login" time="0.518" classname="test_cases.Login_Test">
    <failure type="java.lang.AssertionError" message="expected [true] but found [false]">
      <![CDATA[java.lang.AssertionError: expected [true] but found [false]
	at all_operations.General_Operations.Hybrid_Ops(General_Operations.java:72)
	at test_cases.Login_Test.Test_Login(Login_Test.java:22)
... Removed 32 stack frames]]>
    </failure>
  </testcase> <!-- Test_Login -->
  <testcase name="Test_Login" time="0.032" classname="test_cases.Login_Test"/>
  <testcase name="Test_Login" time="0.05" classname="test_cases.Login_Test"/>
  <testcase name="Test_Login" time="0.189" classname="test_cases.Login_Test"/>
  <testcase name="Test_Login" time="0.059" classname="test_cases.Login_Test"/>
  <testcase name="Test_Login" time="2.362" classname="test_cases.Login_Test"/>
  <testcase name="Test_Login" time="0.523" classname="test_cases.Login_Test"/>
  <testcase name="Test_LogOut" time="0.0" classname="test_cases.Logout_Test"/>
  <testcase name="Test_LogOut" time="0.097" classname="test_cases.Logout_Test"/>
  <testcase name="Test_LogOut" time="0.931" classname="test_cases.Logout_Test"/>
  <testcase name="Test_Login_Admin" time="0.0" classname="test_cases.Login_Test">
    <ignored/>
  </testcase> <!-- Test_Login_Admin -->
</testsuite> <!-- Multi users Login attempts -->
