<?xml version="1.0" encoding="UTF-8"?>
<!-- Generated by org.testng.reporters.JUnitXMLReporter -->
<testsuite hostname="DESKTOP-HR6DLCF" ignored="1" name="Multi users Login attempts" tests="23" failures="3" timestamp="28 Jul 2017 06:01:34 GMT" time="14.055" errors="0">
  <testcase name="LoadBrowser" time="0.004" classname="all_operations.Browser_Config"/>
  <testcase name="LoadBrowser" time="7.232" classname="all_operations.Browser_Config"/>
  <testcase name="Test_Login" time="0.0" classname="test_cases.Login_Test"/>
  <testcase name="Test_Login" time="0.048" classname="test_cases.Login_Test"/>
  <testcase name="Test_Login" time="0.329" classname="test_cases.Login_Test"/>
  <testcase name="Test_Login" time="0.112" classname="test_cases.Login_Test"/>
  <testcase name="Test_Login" time="0.705" classname="test_cases.Login_Test"/>
  <testcase name="Test_Login" time="0.54" classname="test_cases.Login_Test">
    <failure type="java.lang.AssertionError" message="expected [true] but found [false]">
      <![CDATA[java.lang.AssertionError: expected [true] but found [false]
	at all_operations.General_Operations.Hybrid_Ops(General_Operations.java:72)
	at test_cases.Login_Test.Test_Login(Login_Test.java:22)
... Removed 32 stack frames]]>
    </failure>
  </testcase> <!-- Test_Login -->
  <testcase name="Test_Login" time="0.037" classname="test_cases.Login_Test"/>
  <testcase name="Test_Login" time="0.03" classname="test_cases.Login_Test"/>
  <testcase name="Test_Login" time="0.098" classname="test_cases.Login_Test"/>
  <testcase name="Test_Login" time="0.057" classname="test_cases.Login_Test"/>
  <testcase name="Test_Login" time="0.072" classname="test_cases.Login_Test">
    <failure type="org.openqa.selenium.WebDriverException" message="unknown error: Element &amp;lt;button type=&amp;quot;submit&amp;quot; class=&amp;quot;btn btn-primary&amp;quot;&amp;gt;...&amp;lt;/button&amp;gt; is not clickable at point (517, 704). Other element would receive the click: &amp;lt;div id=&amp;quot;site-loader&amp;quot; class=&amp;quot;load-complete&amp;quot;&amp;gt;...&amp;lt;/div&amp;gt;
  (Session info: chrome=60.0.3112.78)
  (Driver info: chromedriver=2.31.488763 (092de99f48a300323ecf8c2a4e2e7cab51de5ba8),platform=Windows NT 10.0.15063 x86_64) (WARNING: The server did not provide any stacktrace information)
Command duration or timeout: 47 milliseconds
Build info: version: &amp;apos;3.4.0&amp;apos;, revision: &amp;apos;unknown&amp;apos;, time: &amp;apos;unknown&amp;apos;
System info: host: &amp;apos;DESKTOP-HR6DLCF&amp;apos;, ip: &amp;apos;192.168.1.192&amp;apos;, os.name: &amp;apos;Windows 10&amp;apos;, os.arch: &amp;apos;amd64&amp;apos;, os.version: &amp;apos;10.0&amp;apos;, java.version: &amp;apos;1.8.0_144&amp;apos;
Driver info: org.openqa.selenium.chrome.ChromeDriver
Capabilities [{applicationCacheEnabled=false, rotatable=false, mobileEmulationEnabled=false, networkConnectionEnabled=false, chrome={chromedriverVersion=2.31.488763 (092de99f48a300323ecf8c2a4e2e7cab51de5ba8), userDataDir=C:\Users\write\AppData\Local\Temp\scoped_dir888_23200}, takesHeapSnapshot=true, pageLoadStrategy=normal, databaseEnabled=false, handlesAlerts=true, hasTouchScreen=false, version=60.0.3112.78, platform=XP, browserConnectionEnabled=false, nativeEvents=true, acceptSslCerts=true, locationContextEnabled=true, webStorageEnabled=true, browserName=chrome, takesScreenshot=true, javascriptEnabled=true, cssSelectorsEnabled=true, setWindowRect=true, unexpectedAlertBehaviour=}]
Session ID: e8ec013bfacebe95c02f1855ec952469">
      <![CDATA[org.openqa.selenium.WebDriverException: unknown error: Element <button type="submit" class="btn btn-primary">...</button> is not clickable at point (517, 704). Other element would receive the click: <div id="site-loader" class="load-complete">...</div>
  (Session info: chrome=60.0.3112.78)
  (Driver info: chromedriver=2.31.488763 (092de99f48a300323ecf8c2a4e2e7cab51de5ba8),platform=Windows NT 10.0.15063 x86_64) (WARNING: The server did not provide any stacktrace information)
Command duration or timeout: 47 milliseconds
Build info: version: '3.4.0', revision: 'unknown', time: 'unknown'
System info: host: 'DESKTOP-HR6DLCF', ip: '192.168.1.192', os.name: 'Windows 10', os.arch: 'amd64', os.version: '10.0', java.version: '1.8.0_144'
Driver info: org.openqa.selenium.chrome.ChromeDriver
Capabilities [{applicationCacheEnabled=false, rotatable=false, mobileEmulationEnabled=false, networkConnectionEnabled=false, chrome={chromedriverVersion=2.31.488763 (092de99f48a300323ecf8c2a4e2e7cab51de5ba8), userDataDir=C:\Users\write\AppData\Local\Temp\scoped_dir888_23200}, takesHeapSnapshot=true, pageLoadStrategy=normal, databaseEnabled=false, handlesAlerts=true, hasTouchScreen=false, version=60.0.3112.78, platform=XP, browserConnectionEnabled=false, nativeEvents=true, acceptSslCerts=true, locationContextEnabled=true, webStorageEnabled=true, browserName=chrome, takesScreenshot=true, javascriptEnabled=true, cssSelectorsEnabled=true, setWindowRect=true, unexpectedAlertBehaviour=}]
Session ID: e8ec013bfacebe95c02f1855ec952469
	at org.openqa.selenium.remote.ErrorHandler.createThrowable(ErrorHandler.java:215)
	at org.openqa.selenium.remote.ErrorHandler.throwIfResponseFailed(ErrorHandler.java:167)
	at org.openqa.selenium.remote.RemoteWebDriver.execute(RemoteWebDriver.java:671)
	at org.openqa.selenium.remote.RemoteWebElement.execute(RemoteWebElement.java:272)
	at org.openqa.selenium.remote.RemoteWebElement.click(RemoteWebElement.java:82)
	at all_operations.General_Operations.Hybrid_Ops(General_Operations.java:38)
	at test_cases.Login_Test.Test_Login(Login_Test.java:22)
... Removed 32 stack frames]]>
    </failure>
  </testcase> <!-- Test_Login -->
  <testcase name="Test_Login" time="0.561" classname="test_cases.Login_Test">
    <failure type="java.lang.AssertionError" message="expected [true] but found [false]">
      <![CDATA[java.lang.AssertionError: expected [true] but found [false]
	at all_operations.General_Operations.Hybrid_Ops(General_Operations.java:72)
	at test_cases.Login_Test.Test_Login(Login_Test.java:22)
... Removed 32 stack frames]]>
    </failure>
  </testcase> <!-- Test_Login -->
  <testcase name="Test_Login" time="0.102" classname="test_cases.Login_Test"/>
  <testcase name="Test_Login" time="0.107" classname="test_cases.Login_Test"/>
  <testcase name="Test_Login" time="0.353" classname="test_cases.Login_Test"/>
  <testcase name="Test_Login" time="0.076" classname="test_cases.Login_Test"/>
  <testcase name="Test_Login" time="1.322" classname="test_cases.Login_Test"/>
  <testcase name="Test_Login" time="0.531" classname="test_cases.Login_Test"/>
  <testcase name="Test_LogOut" time="0.0" classname="test_cases.Logout_Test"/>
  <testcase name="Test_LogOut" time="0.098" classname="test_cases.Logout_Test"/>
  <testcase name="Test_LogOut" time="0.835" classname="test_cases.Logout_Test"/>
  <testcase name="Test_Login_Admin" time="0.0" classname="test_cases.Login_Test">
    <ignored/>
  </testcase> <!-- Test_Login_Admin -->
</testsuite> <!-- Multi users Login attempts -->
